#
# There is insufficient memory for the Java Runtime Environment to continue.
# Native memory allocation (mmap) failed to map 660602880 bytes for G1 virtual space
# Possible reasons:
#   The system is out of physical RAM or swap space
#   The process is running with CompressedOops enabled, and the Java Heap may be blocking the growth of the native heap
# Possible solutions:
#   Reduce memory load on the system
#   Increase physical memory or swap space
#   Check if swap backing store is full
#   Decrease Java heap size (-Xmx/-Xms)
#   Decrease number of Java threads
#   Decrease Java thread stack sizes (-Xss)
#   Set larger code cache with -XX:ReservedCodeCacheSize=
#   JVM is running with Unscaled Compressed Oops mode in which the Java heap is
#     placed in the first 4GB address space. The Java Heap base address is the
#     maximum limit for the native heap growth. Please use -XX:HeapBaseMinAddress
#     to set the Java Heap base and to place the Java Heap above 4GB virtual address.
# This output file may be truncated or incomplete.
#
#  Out of Memory Error (os_windows.cpp:3557), pid=10380, tid=14480
#
# JRE version: OpenJDK Runtime Environment Temurin-17.0.6+10 (17.0.6+10) (build 17.0.6+10)
# Java VM: OpenJDK 64-Bit Server VM Temurin-17.0.6+10 (17.0.6+10, mixed mode, emulated-client, tiered, compressed oops, compressed class ptrs, g1 gc, windows-amd64)
# No core dump will be written. Minidumps are not enabled by default on client versions of Windows
#

---------------  S U M M A R Y ------------

Command Line: -Dcom.sun.management.jmxremote -Dcom.sun.management.jmxremote.port=51907 -Dcom.sun.management.jmxremote.authenticate=false -Dcom.sun.management.jmxremote.ssl=false -Djava.rmi.server.hostname=localhost -Dspring.jmx.enabled=true -Dmanagement.endpoints.jmx.exposure.include=* -Dspring.application.admin.enabled=true -XX:TieredStopAtLevel=1 -Dspring.boot.project.name=pfeBRK -Dfile.encoding=UTF-8 -XX:+ShowCodeDetailsInExceptionMessages com.example.demo.SpringBootLoginExampleApplication --spring.output.ansi.enabled=always

Host: Intel(R) Core(TM) i5-8250U CPU @ 1.60GHz, 8 cores, 7G,  Windows 11 , 64 bit Build 22621 (10.0.22621.1344)
Time: Sun Mar 26 01:58:03 2023 Paris, Madrid elapsed time: 20.977940 seconds (0d 0h 0m 20s)

---------------  T H R E A D  ---------------

Current thread (0x0000026070ddadb0):  VMThread "VM Thread" [stack: 0x000000c0bb100000,0x000000c0bb200000] [id=14480]

Stack: [0x000000c0bb100000,0x000000c0bb200000]
Native frames: (J=compiled Java code, j=interpreted, Vv=VM code, C=native code)
V  [jvm.dll+0x67741a]
V  [jvm.dll+0x834434]
V  [jvm.dll+0x835bde]
V  [jvm.dll+0x836243]
V  [jvm.dll+0x2457b5]
V  [jvm.dll+0x674329]
V  [jvm.dll+0x6689da]
V  [jvm.dll+0x30489b]
V  [jvm.dll+0x30bd96]
V  [jvm.dll+0x35b57e]
V  [jvm.dll+0x35b7af]
V  [jvm.dll+0x2db778]
V  [jvm.dll+0x2d9a2c]
V  [jvm.dll+0x2d8ffc]
V  [jvm.dll+0x31cdcb]
V  [jvm.dll+0x83a6eb]
V  [jvm.dll+0x83b424]
V  [jvm.dll+0x83b93c]
V  [jvm.dll+0x83bd14]
V  [jvm.dll+0x83bde0]
V  [jvm.dll+0x7e483a]
V  [jvm.dll+0x6762c5]
C  [ucrtbase.dll+0x29363]
C  [KERNEL32.DLL+0x126bd]
C  [ntdll.dll+0x5a9f8]

VM_Operation (0x000000c0bd853620): G1CollectForAllocation, mode: safepoint, requested by thread 0x00000260768c15a0


---------------  P R O C E S S  ---------------

Threads class SMR info:
_java_thread_list=0x00000260769531f0, length=36, elements={
0x0000026070ddd960, 0x0000026070dde510, 0x0000026070deeb70, 0x0000026070df1140,
0x0000026070df3b00, 0x0000026070df44b0, 0x0000026070df5470, 0x0000026071851f50,
0x0000026070d78550, 0x0000026071a4c3d0, 0x0000026071fd2220, 0x0000026071fd7f00,
0x0000026071fd2ed0, 0x0000026071fccae0, 0x0000026071fccfb0, 0x000002607215c010,
0x0000026072199010, 0x0000026073c55b70, 0x0000026073c556a0, 0x0000026073c54d00,
0x0000026073c551d0, 0x00000260768bea50, 0x00000260768c15a0, 0x00000260768c1a70,
0x00000260768c2410, 0x00000260768bbf00, 0x00000260768c1f40, 0x00000260768c28e0,
0x00000260768bc3d0, 0x00000260768bd240, 0x00000260768c10d0, 0x00000260768bc8a0,
0x00000260768bb090, 0x00000260768bf8c0, 0x00000260768bd710, 0x0000026071923e90
}

Java Threads: ( => current thread )
  0x0000026070ddd960 JavaThread "Reference Handler" daemon [_thread_blocked, id=6952, stack(0x000000c0bb200000,0x000000c0bb300000)]
  0x0000026070dde510 JavaThread "Finalizer" daemon [_thread_blocked, id=3568, stack(0x000000c0bb300000,0x000000c0bb400000)]
  0x0000026070deeb70 JavaThread "Signal Dispatcher" daemon [_thread_blocked, id=1788, stack(0x000000c0bb400000,0x000000c0bb500000)]
  0x0000026070df1140 JavaThread "Attach Listener" daemon [_thread_blocked, id=1936, stack(0x000000c0bb500000,0x000000c0bb600000)]
  0x0000026070df3b00 JavaThread "Service Thread" daemon [_thread_blocked, id=14520, stack(0x000000c0bb600000,0x000000c0bb700000)]
  0x0000026070df44b0 JavaThread "Monitor Deflation Thread" daemon [_thread_blocked, id=4820, stack(0x000000c0bb700000,0x000000c0bb800000)]
  0x0000026070df5470 JavaThread "C1 CompilerThread0" daemon [_thread_blocked, id=7404, stack(0x000000c0bb800000,0x000000c0bb900000)]
  0x0000026071851f50 JavaThread "Sweeper thread" daemon [_thread_blocked, id=8792, stack(0x000000c0bb900000,0x000000c0bba00000)]
  0x0000026070d78550 JavaThread "Common-Cleaner" daemon [_thread_blocked, id=4740, stack(0x000000c0bba00000,0x000000c0bbb00000)]
  0x0000026071a4c3d0 JavaThread "Notification Thread" daemon [_thread_blocked, id=6840, stack(0x000000c0bbe00000,0x000000c0bbf00000)]
  0x0000026071fd2220 JavaThread "RMI TCP Accept-0" daemon [_thread_in_native, id=3252, stack(0x000000c0bbf00000,0x000000c0bc000000)]
  0x0000026071fd7f00 JavaThread "RMI TCP Accept-51907" daemon [_thread_in_native, id=14420, stack(0x000000c0bc000000,0x000000c0bc100000)]
  0x0000026071fd2ed0 JavaThread "RMI TCP Connection(1)-127.0.0.1" daemon [_thread_in_native, id=2992, stack(0x000000c0bc100000,0x000000c0bc200000)]
  0x0000026071fccae0 JavaThread "RMI Scheduler(0)" daemon [_thread_blocked, id=10464, stack(0x000000c0bc200000,0x000000c0bc300000)]
  0x0000026071fccfb0 JavaThread "RMI TCP Connection(2)-127.0.0.1" daemon [_thread_in_native, id=2284, stack(0x000000c0bc300000,0x000000c0bc400000)]
  0x000002607215c010 JavaThread "RMI TCP Accept-0" daemon [_thread_in_native, id=14440, stack(0x000000c0bc400000,0x000000c0bc500000)]
  0x0000026072199010 JavaThread "JMX server connection timeout 22" daemon [_thread_blocked, id=4084, stack(0x000000c0bc600000,0x000000c0bc700000)]
  0x0000026073c55b70 JavaThread "mysql-cj-abandoned-connection-cleanup" daemon [_thread_blocked, id=1492, stack(0x000000c0bd000000,0x000000c0bd100000)]
  0x0000026073c556a0 JavaThread "HikariPool-1 housekeeper" daemon [_thread_blocked, id=5468, stack(0x000000c0bd300000,0x000000c0bd400000)]
  0x0000026073c54d00 JavaThread "Catalina-utility-1" [_thread_blocked, id=8752, stack(0x000000c0bd500000,0x000000c0bd600000)]
  0x0000026073c551d0 JavaThread "Catalina-utility-2" [_thread_blocked, id=14448, stack(0x000000c0bd600000,0x000000c0bd700000)]
  0x00000260768bea50 JavaThread "container-0" [_thread_blocked, id=4516, stack(0x000000c0bd700000,0x000000c0bd800000)]
  0x00000260768c15a0 JavaThread "http-nio-8080-exec-1" daemon [_thread_blocked, id=12156, stack(0x000000c0bd800000,0x000000c0bd900000)]
  0x00000260768c1a70 JavaThread "http-nio-8080-exec-2" daemon [_thread_blocked, id=8252, stack(0x000000c0bd900000,0x000000c0bda00000)]
  0x00000260768c2410 JavaThread "http-nio-8080-exec-3" daemon [_thread_blocked, id=15112, stack(0x000000c0bda00000,0x000000c0bdb00000)]
  0x00000260768bbf00 JavaThread "http-nio-8080-exec-4" daemon [_thread_blocked, id=14232, stack(0x000000c0bdb00000,0x000000c0bdc00000)]
  0x00000260768c1f40 JavaThread "http-nio-8080-exec-5" daemon [_thread_blocked, id=14876, stack(0x000000c0bdc00000,0x000000c0bdd00000)]
  0x00000260768c28e0 JavaThread "http-nio-8080-exec-6" daemon [_thread_blocked, id=4144, stack(0x000000c0bdd00000,0x000000c0bde00000)]
  0x00000260768bc3d0 JavaThread "http-nio-8080-exec-7" daemon [_thread_blocked, id=14976, stack(0x000000c0bde00000,0x000000c0bdf00000)]
  0x00000260768bd240 JavaThread "http-nio-8080-exec-8" daemon [_thread_blocked, id=7400, stack(0x000000c0bdf00000,0x000000c0be000000)]
  0x00000260768c10d0 JavaThread "http-nio-8080-exec-9" daemon [_thread_blocked, id=6072, stack(0x000000c0be000000,0x000000c0be100000)]
  0x00000260768bc8a0 JavaThread "http-nio-8080-exec-10" daemon [_thread_blocked, id=10184, stack(0x000000c0be100000,0x000000c0be200000)]
  0x00000260768bb090 JavaThread "http-nio-8080-Poller" daemon [_thread_in_native, id=14816, stack(0x000000c0be200000,0x000000c0be300000)]
  0x00000260768bf8c0 JavaThread "http-nio-8080-Acceptor" daemon [_thread_in_native, id=7776, stack(0x000000c0be300000,0x000000c0be400000)]
  0x00000260768bd710 JavaThread "DestroyJavaVM" [_thread_blocked, id=1220, stack(0x000000c0bab00000,0x000000c0bac00000)]
  0x0000026071923e90 JavaThread "C1 CompilerThread1" daemon [_thread_blocked, id=7208, stack(0x000000c0bbb00000,0x000000c0bbc00000)]

Other Threads:
=>0x0000026070ddadb0 VMThread "VM Thread" [stack: 0x000000c0bb100000,0x000000c0bb200000] [id=14480]
  0x00000260610aa5e0 WatcherThread [stack: 0x000000c0bc500000,0x000000c0bc600000] [id=3036]
  0x00000260611044c0 GCTaskThread "GC Thread#0" [stack: 0x000000c0bac00000,0x000000c0bad00000] [id=8200]
  0x000002607321e700 GCTaskThread "GC Thread#1" [stack: 0x000000c0bc700000,0x000000c0bc800000] [id=5080]
  0x000002607321e9b0 GCTaskThread "GC Thread#2" [stack: 0x000000c0bc800000,0x000000c0bc900000] [id=12792]
  0x000002607324fd90 GCTaskThread "GC Thread#3" [stack: 0x000000c0bc900000,0x000000c0bca00000] [id=9696]
  0x0000026073250450 GCTaskThread "GC Thread#4" [stack: 0x000000c0bca00000,0x000000c0bcb00000] [id=2188]
  0x0000026073250f10 GCTaskThread "GC Thread#5" [stack: 0x000000c0bcb00000,0x000000c0bcc00000] [id=5032]
  0x00000260732511c0 GCTaskThread "GC Thread#6" [stack: 0x000000c0bcc00000,0x000000c0bcd00000] [id=14112]
  0x0000026073251470 GCTaskThread "GC Thread#7" [stack: 0x000000c0bcd00000,0x000000c0bce00000] [id=888]
  0x0000026061116910 ConcurrentGCThread "G1 Main Marker" [stack: 0x000000c0bad00000,0x000000c0bae00000] [id=7608]
  0x0000026061117320 ConcurrentGCThread "G1 Conc#0" [stack: 0x000000c0bae00000,0x000000c0baf00000] [id=14244]
  0x0000026073341e20 ConcurrentGCThread "G1 Conc#1" [stack: 0x000000c0bd100000,0x000000c0bd200000] [id=7836]
  0x000002606115e2f0 ConcurrentGCThread "G1 Refine#0" [stack: 0x000000c0baf00000,0x000000c0bb000000] [id=8960]
  0x0000026071bccf30 ConcurrentGCThread "G1 Refine#1" [stack: 0x000000c0bce00000,0x000000c0bcf00000] [id=3848]
  0x0000026071bcda20 ConcurrentGCThread "G1 Refine#2" [stack: 0x000000c0bcf00000,0x000000c0bd000000] [id=15120]
  0x0000026070c464f0 ConcurrentGCThread "G1 Service" [stack: 0x000000c0bb000000,0x000000c0bb100000] [id=12612]

Threads with active compile tasks:

VM state: at safepoint (normal execution)

VM Mutex/Monitor currently owned by a thread:  ([mutex/lock_event])
[0x00000260610a4af0] Threads_lock - owner thread: 0x0000026070ddadb0
[0x00000260610a5ab0] Heap_lock - owner thread: 0x00000260768c15a0

Heap address: 0x0000000082000000, size: 2016 MB, Compressed Oops mode: 32-bit

CDS archive(s) not mapped
Compressed class space mapped at: 0x0000000100000000-0x0000000140000000, reserved size: 1073741824
Narrow klass base: 0x0000000000000000, Narrow klass shift: 3, Narrow klass range: 0x140000000

GC Precious Log:
 CPUs: 8 total, 8 available
 Memory: 8058M
 Large Page Support: Disabled
 NUMA Support: Disabled
 Compressed Oops: Enabled (32-bit)
 Heap Region Size: 1M
 Heap Min Capacity: 8M
 Heap Initial Capacity: 126M
 Heap Max Capacity: 2016M
 Pre-touch: Disabled
 Parallel Workers: 8
 Concurrent Workers: 2
 Concurrent Refinement Workers: 8
 Periodic GC: Disabled

Heap:
 garbage-first heap   total 322560K, used 184293K [0x0000000082000000, 0x0000000100000000)
  region size 1024K, 11 young (11264K), 11 survivors (11264K)
 Metaspace       used 68978K, committed 69504K, reserved 1114112K
  class space    used 9410K, committed 9664K, reserved 1048576K

Heap Regions: E=young(eden), S=young(survivor), O=old, HS=humongous(starts), HC=humongous(continues), CS=collection set, F=free, OA=open archive, CA=closed archive, TAMS=top-at-mark-start (previous, next)
|   0|0x0000000082000000, 0x0000000082100000, 0x0000000082100000|100%|HS|  |TAMS 0x0000000082100000, 0x0000000082000000| Complete 
|   1|0x0000000082100000, 0x0000000082200000, 0x0000000082200000|100%| O|  |TAMS 0x0000000082200000, 0x0000000082100000| Untracked 
|   2|0x0000000082200000, 0x0000000082300000, 0x0000000082300000|100%| O|  |TAMS 0x0000000082300000, 0x0000000082200000| Untracked 
|   3|0x0000000082300000, 0x0000000082400000, 0x0000000082400000|100%| O|  |TAMS 0x0000000082400000, 0x0000000082300000| Untracked 
|   4|0x0000000082400000, 0x0000000082500000, 0x0000000082500000|100%| O|  |TAMS 0x0000000082500000, 0x0000000082400000| Untracked 
|   5|0x0000000082500000, 0x0000000082600000, 0x0000000082600000|100%| O|  |TAMS 0x0000000082600000, 0x0000000082500000| Untracked 
|   6|0x0000000082600000, 0x0000000082700000, 0x0000000082700000|100%| O|  |TAMS 0x0000000082700000, 0x0000000082600000| Untracked 
|   7|0x0000000082700000, 0x0000000082800000, 0x0000000082800000|100%| O|  |TAMS 0x0000000082800000, 0x0000000082700000| Untracked 
|   8|0x0000000082800000, 0x0000000082900000, 0x0000000082900000|100%| O|  |TAMS 0x0000000082900000, 0x0000000082800000| Untracked 
|   9|0x0000000082900000, 0x0000000082a00000, 0x0000000082a00000|100%| O|  |TAMS 0x0000000082a00000, 0x0000000082900000| Untracked 
|  10|0x0000000082a00000, 0x0000000082b00000, 0x0000000082b00000|100%| O|  |TAMS 0x0000000082b00000, 0x0000000082a00000| Untracked 
|  11|0x0000000082b00000, 0x0000000082c00000, 0x0000000082c00000|100%| O|  |TAMS 0x0000000082c00000, 0x0000000082b00000| Untracked 
|  12|0x0000000082c00000, 0x0000000082d00000, 0x0000000082d00000|100%| O|  |TAMS 0x0000000082d00000, 0x0000000082c00000| Untracked 
|  13|0x0000000082d00000, 0x0000000082e00000, 0x0000000082e00000|100%| O|  |TAMS 0x0000000082e00000, 0x0000000082d00000| Untracked 
|  14|0x0000000082e00000, 0x0000000082f00000, 0x0000000082f00000|100%| O|  |TAMS 0x0000000082f00000, 0x0000000082e00000| Untracked 
|  15|0x0000000082f00000, 0x0000000083000000, 0x0000000083000000|100%| O|  |TAMS 0x0000000083000000, 0x0000000082f00000| Untracked 
|  16|0x0000000083000000, 0x0000000083100000, 0x0000000083100000|100%| O|  |TAMS 0x0000000083100000, 0x0000000083000000| Untracked 
|  17|0x0000000083100000, 0x0000000083200000, 0x0000000083200000|100%| O|  |TAMS 0x0000000083200000, 0x0000000083100000| Untracked 
|  18|0x0000000083200000, 0x0000000083300000, 0x0000000083300000|100%| O|  |TAMS 0x0000000083200000, 0x0000000083200000| Untracked 
|  19|0x0000000083300000, 0x0000000083400000, 0x0000000083400000|100%| O|  |TAMS 0x0000000083400000, 0x0000000083300000| Untracked 
|  20|0x0000000083400000, 0x0000000083500000, 0x0000000083500000|100%| O|  |TAMS 0x0000000083500000, 0x0000000083400000| Untracked 
|  21|0x0000000083500000, 0x0000000083600000, 0x0000000083600000|100%| O|  |TAMS 0x0000000083600000, 0x0000000083500000| Untracked 
|  22|0x0000000083600000, 0x0000000083700000, 0x0000000083700000|100%| O|  |TAMS 0x0000000083700000, 0x0000000083600000| Untracked 
|  23|0x0000000083700000, 0x0000000083800000, 0x0000000083800000|100%| O|  |TAMS 0x0000000083800000, 0x0000000083700000| Untracked 
|  24|0x0000000083800000, 0x0000000083900000, 0x0000000083900000|100%| O|  |TAMS 0x0000000083900000, 0x0000000083800000| Untracked 
|  25|0x0000000083900000, 0x0000000083a00000, 0x0000000083a00000|100%| O|  |TAMS 0x0000000083a00000, 0x0000000083900000| Untracked 
|  26|0x0000000083a00000, 0x0000000083b00000, 0x0000000083b00000|100%| O|  |TAMS 0x0000000083b00000, 0x0000000083a00000| Untracked 
|  27|0x0000000083b00000, 0x0000000083c00000, 0x0000000083c00000|100%| O|  |TAMS 0x0000000083c00000, 0x0000000083b00000| Untracked 
|  28|0x0000000083c00000, 0x0000000083d00000, 0x0000000083d00000|100%| O|  |TAMS 0x0000000083d00000, 0x0000000083c00000| Untracked 
|  29|0x0000000083d00000, 0x0000000083e00000, 0x0000000083e00000|100%| O|  |TAMS 0x0000000083e00000, 0x0000000083d00000| Untracked 
|  30|0x0000000083e00000, 0x0000000083f00000, 0x0000000083f00000|100%| O|  |TAMS 0x0000000083f00000, 0x0000000083e00000| Untracked 
|  31|0x0000000083f00000, 0x0000000084000000, 0x0000000084000000|100%| O|  |TAMS 0x0000000084000000, 0x0000000083f00000| Untracked 
|  32|0x0000000084000000, 0x0000000084100000, 0x0000000084100000|100%| O|  |TAMS 0x0000000084100000, 0x0000000084000000| Untracked 
|  33|0x0000000084100000, 0x0000000084200000, 0x0000000084200000|100%| O|  |TAMS 0x0000000084200000, 0x0000000084100000| Untracked 
|  34|0x0000000084200000, 0x0000000084300000, 0x0000000084300000|100%| O|  |TAMS 0x0000000084300000, 0x0000000084200000| Untracked 
|  35|0x0000000084300000, 0x0000000084400000, 0x0000000084400000|100%| O|  |TAMS 0x0000000084400000, 0x0000000084300000| Untracked 
|  36|0x0000000084400000, 0x0000000084500000, 0x0000000084500000|100%| O|  |TAMS 0x0000000084500000, 0x0000000084400000| Untracked 
|  37|0x0000000084500000, 0x0000000084600000, 0x0000000084600000|100%| O|  |TAMS 0x0000000084600000, 0x0000000084500000| Untracked 
|  38|0x0000000084600000, 0x0000000084700000, 0x0000000084700000|100%| O|  |TAMS 0x0000000084700000, 0x0000000084600000| Untracked 
|  39|0x0000000084700000, 0x0000000084800000, 0x0000000084800000|100%| O|  |TAMS 0x0000000084800000, 0x0000000084700000| Untracked 
|  40|0x0000000084800000, 0x0000000084900000, 0x0000000084900000|100%| O|  |TAMS 0x0000000084900000, 0x0000000084800000| Untracked 
|  41|0x0000000084900000, 0x0000000084a00000, 0x0000000084a00000|100%| O|  |TAMS 0x0000000084a00000, 0x0000000084900000| Untracked 
|  42|0x0000000084a00000, 0x0000000084b00000, 0x0000000084b00000|100%| O|  |TAMS 0x0000000084b00000, 0x0000000084a00000| Untracked 
|  43|0x0000000084b00000, 0x0000000084c00000, 0x0000000084c00000|100%| O|  |TAMS 0x0000000084c00000, 0x0000000084b00000| Untracked 
|  44|0x0000000084c00000, 0x0000000084d00000, 0x0000000084d00000|100%| O|  |TAMS 0x0000000084d00000, 0x0000000084c00000| Untracked 
|  45|0x0000000084d00000, 0x0000000084e00000, 0x0000000084e00000|100%| O|  |TAMS 0x0000000084d00000, 0x0000000084d00000| Untracked 
|  46|0x0000000084e00000, 0x0000000084f00000, 0x0000000084f00000|100%| O|  |TAMS 0x0000000084e00000, 0x0000000084e00000| Untracked 
|  47|0x0000000084f00000, 0x0000000085000000, 0x0000000085000000|100%| O|  |TAMS 0x0000000084f00000, 0x0000000084f00000| Untracked 
|  48|0x0000000085000000, 0x0000000085100000, 0x0000000085100000|100%| O|  |TAMS 0x0000000085000000, 0x0000000085000000| Untracked 
|  49|0x0000000085100000, 0x0000000085200000, 0x0000000085200000|100%| O|  |TAMS 0x0000000085100000, 0x0000000085100000| Untracked 
|  50|0x0000000085200000, 0x0000000085300000, 0x0000000085300000|100%| O|  |TAMS 0x0000000085200000, 0x0000000085200000| Untracked 
|  51|0x0000000085300000, 0x0000000085400000, 0x0000000085400000|100%| O|  |TAMS 0x0000000085300000, 0x0000000085300000| Untracked 
|  52|0x0000000085400000, 0x0000000085500000, 0x0000000085500000|100%| O|  |TAMS 0x0000000085400000, 0x0000000085400000| Untracked 
|  53|0x0000000085500000, 0x0000000085600000, 0x0000000085600000|100%| O|  |TAMS 0x0000000085600000, 0x0000000085500000| Untracked 
|  54|0x0000000085600000, 0x0000000085700000, 0x0000000085700000|100%| O|  |TAMS 0x0000000085700000, 0x0000000085600000| Untracked 
|  55|0x0000000085700000, 0x0000000085800000, 0x0000000085800000|100%| O|  |TAMS 0x000000008577ca00, 0x0000000085700000| Untracked 
|  56|0x0000000085800000, 0x0000000085900000, 0x0000000085900000|100%| O|  |TAMS 0x0000000085800000, 0x0000000085800000| Untracked 
|  57|0x0000000085900000, 0x0000000085a00000, 0x0000000085a00000|100%| O|  |TAMS 0x0000000085900000, 0x0000000085900000| Untracked 
|  58|0x0000000085a00000, 0x0000000085b00000, 0x0000000085b00000|100%| O|  |TAMS 0x0000000085a00000, 0x0000000085a00000| Untracked 
|  59|0x0000000085b00000, 0x0000000085c00000, 0x0000000085c00000|100%| O|  |TAMS 0x0000000085b00000, 0x0000000085b00000| Untracked 
|  60|0x0000000085c00000, 0x0000000085d00000, 0x0000000085d00000|100%| O|  |TAMS 0x0000000085c00000, 0x0000000085c00000| Untracked 
|  61|0x0000000085d00000, 0x0000000085e00000, 0x0000000085e00000|100%| O|  |TAMS 0x0000000085d00000, 0x0000000085d00000| Untracked 
|  62|0x0000000085e00000, 0x0000000085f00000, 0x0000000085f00000|100%| O|  |TAMS 0x0000000085e00000, 0x0000000085e00000| Untracked 
|  63|0x0000000085f00000, 0x0000000086000000, 0x0000000086000000|100%| O|  |TAMS 0x0000000085f00000, 0x0000000085f00000| Untracked 
|  64|0x0000000086000000, 0x0000000086100000, 0x0000000086100000|100%| O|  |TAMS 0x0000000086000000, 0x0000000086000000| Untracked 
|  65|0x0000000086100000, 0x0000000086200000, 0x0000000086200000|100%| O|  |TAMS 0x0000000086100000, 0x0000000086100000| Untracked 
|  66|0x0000000086200000, 0x0000000086300000, 0x0000000086300000|100%| O|  |TAMS 0x0000000086200000, 0x0000000086200000| Untracked 
|  67|0x0000000086300000, 0x0000000086400000, 0x0000000086400000|100%| O|  |TAMS 0x0000000086300000, 0x0000000086300000| Untracked 
|  68|0x0000000086400000, 0x0000000086500000, 0x0000000086500000|100%| O|  |TAMS 0x0000000086400000, 0x0000000086400000| Untracked 
|  69|0x0000000086500000, 0x0000000086600000, 0x0000000086600000|100%| O|  |TAMS 0x0000000086500000, 0x0000000086500000| Untracked 
|  70|0x0000000086600000, 0x0000000086700000, 0x0000000086700000|100%| O|  |TAMS 0x0000000086600000, 0x0000000086600000| Untracked 
|  71|0x0000000086700000, 0x0000000086800000, 0x0000000086800000|100%| O|  |TAMS 0x0000000086700000, 0x0000000086700000| Untracked 
|  72|0x0000000086800000, 0x0000000086900000, 0x0000000086900000|100%| O|  |TAMS 0x0000000086800000, 0x0000000086800000| Untracked 
|  73|0x0000000086900000, 0x0000000086a00000, 0x0000000086a00000|100%| O|  |TAMS 0x0000000086900000, 0x0000000086900000| Untracked 
|  74|0x0000000086a00000, 0x0000000086b00000, 0x0000000086b00000|100%| O|  |TAMS 0x0000000086a00000, 0x0000000086a00000| Untracked 
|  75|0x0000000086b00000, 0x0000000086c00000, 0x0000000086c00000|100%| O|  |TAMS 0x0000000086b00000, 0x0000000086b00000| Untracked 
|  76|0x0000000086c00000, 0x0000000086d00000, 0x0000000086d00000|100%| O|  |TAMS 0x0000000086c00000, 0x0000000086c00000| Untracked 
|  77|0x0000000086d00000, 0x0000000086e00000, 0x0000000086e00000|100%| O|  |TAMS 0x0000000086d00000, 0x0000000086d00000| Untracked 
|  78|0x0000000086e00000, 0x0000000086f00000, 0x0000000086f00000|100%| O|  |TAMS 0x0000000086e00000, 0x0000000086e00000| Untracked 
|  79|0x0000000086f00000, 0x0000000087000000, 0x0000000087000000|100%| O|  |TAMS 0x0000000086f00000, 0x0000000086f00000| Untracked 
|  80|0x0000000087000000, 0x0000000087100000, 0x0000000087100000|100%| O|  |TAMS 0x0000000087000000, 0x0000000087000000| Untracked 
|  81|0x0000000087100000, 0x0000000087200000, 0x0000000087200000|100%| O|  |TAMS 0x0000000087100000, 0x0000000087100000| Untracked 
|  82|0x0000000087200000, 0x0000000087300000, 0x0000000087300000|100%| O|  |TAMS 0x0000000087200000, 0x0000000087200000| Untracked 
|  83|0x0000000087300000, 0x0000000087400000, 0x0000000087400000|100%| O|  |TAMS 0x0000000087300000, 0x0000000087300000| Untracked 
|  84|0x0000000087400000, 0x0000000087500000, 0x0000000087500000|100%| O|  |TAMS 0x0000000087400000, 0x0000000087400000| Untracked 
|  85|0x0000000087500000, 0x0000000087600000, 0x0000000087600000|100%| O|  |TAMS 0x0000000087500000, 0x0000000087500000| Untracked 
|  86|0x0000000087600000, 0x0000000087700000, 0x0000000087700000|100%| O|  |TAMS 0x0000000087600000, 0x0000000087600000| Untracked 
|  87|0x0000000087700000, 0x0000000087800000, 0x0000000087800000|100%| O|  |TAMS 0x0000000087700000, 0x0000000087700000| Untracked 
|  88|0x0000000087800000, 0x0000000087900000, 0x0000000087900000|100%| O|  |TAMS 0x0000000087800000, 0x0000000087800000| Untracked 
|  89|0x0000000087900000, 0x0000000087a00000, 0x0000000087a00000|100%| O|  |TAMS 0x0000000087900000, 0x0000000087900000| Untracked 
|  90|0x0000000087a00000, 0x0000000087b00000, 0x0000000087b00000|100%| O|  |TAMS 0x0000000087a00000, 0x0000000087a00000| Untracked 
|  91|0x0000000087b00000, 0x0000000087c00000, 0x0000000087c00000|100%| O|  |TAMS 0x0000000087b00000, 0x0000000087b00000| Untracked 
|  92|0x0000000087c00000, 0x0000000087d00000, 0x0000000087d00000|100%| O|  |TAMS 0x0000000087c00000, 0x0000000087c00000| Untracked 
|  93|0x0000000087d00000, 0x0000000087e00000, 0x0000000087e00000|100%| O|  |TAMS 0x0000000087d00000, 0x0000000087d00000| Untracked 
|  94|0x0000000087e00000, 0x0000000087f00000, 0x0000000087f00000|100%| O|  |TAMS 0x0000000087e00000, 0x0000000087e00000| Untracked 
|  95|0x0000000087f00000, 0x0000000088000000, 0x0000000088000000|100%| O|  |TAMS 0x0000000087f00000, 0x0000000087f00000| Untracked 
|  96|0x0000000088000000, 0x0000000088100000, 0x0000000088100000|100%| O|  |TAMS 0x0000000088000000, 0x0000000088000000| Untracked 
|  97|0x0000000088100000, 0x0000000088200000, 0x0000000088200000|100%| O|  |TAMS 0x0000000088100000, 0x0000000088100000| Untracked 
|  98|0x0000000088200000, 0x0000000088300000, 0x0000000088300000|100%| O|  |TAMS 0x0000000088200000, 0x0000000088200000| Untracked 
|  99|0x0000000088300000, 0x0000000088400000, 0x0000000088400000|100%| O|  |TAMS 0x0000000088300000, 0x0000000088300000| Untracked 
| 100|0x0000000088400000, 0x0000000088500000, 0x0000000088500000|100%| O|  |TAMS 0x0000000088400000, 0x0000000088400000| Untracked 
| 101|0x0000000088500000, 0x0000000088600000, 0x0000000088600000|100%| O|  |TAMS 0x0000000088500000, 0x0000000088500000| Untracked 
| 102|0x0000000088600000, 0x0000000088700000, 0x0000000088700000|100%| O|  |TAMS 0x0000000088600000, 0x0000000088600000| Untracked 
| 103|0x0000000088700000, 0x0000000088800000, 0x0000000088800000|100%| O|  |TAMS 0x0000000088700000, 0x0000000088700000| Untracked 
| 104|0x0000000088800000, 0x0000000088900000, 0x0000000088900000|100%| O|  |TAMS 0x0000000088800000, 0x0000000088800000| Untracked 
| 105|0x0000000088900000, 0x0000000088a00000, 0x0000000088a00000|100%| O|  |TAMS 0x0000000088900000, 0x0000000088900000| Untracked 
| 106|0x0000000088a00000, 0x0000000088b00000, 0x0000000088b00000|100%| O|  |TAMS 0x0000000088a00000, 0x0000000088a00000| Untracked 
| 107|0x0000000088b00000, 0x0000000088c00000, 0x0000000088c00000|100%| O|  |TAMS 0x0000000088b00000, 0x0000000088b00000| Untracked 
| 108|0x0000000088c00000, 0x0000000088d00000, 0x0000000088d00000|100%| O|  |TAMS 0x0000000088c00000, 0x0000000088c00000| Untracked 
| 109|0x0000000088d00000, 0x0000000088e00000, 0x0000000088e00000|100%| O|  |TAMS 0x0000000088d00000, 0x0000000088d00000| Untracked 
| 110|0x0000000088e00000, 0x0000000088f00000, 0x0000000088f00000|100%| O|  |TAMS 0x0000000088e00000, 0x0000000088e00000| Untracked 
| 111|0x0000000088f00000, 0x0000000089000000, 0x0000000089000000|100%| O|  |TAMS 0x0000000088f00000, 0x0000000088f00000| Untracked 
| 112|0x0000000089000000, 0x0000000089100000, 0x0000000089100000|100%| O|  |TAMS 0x0000000089000000, 0x0000000089000000| Untracked 
| 113|0x0000000089100000, 0x0000000089200000, 0x0000000089200000|100%| O|  |TAMS 0x0000000089100000, 0x0000000089100000| Untracked 
| 114|0x0000000089200000, 0x0000000089300000, 0x0000000089300000|100%| O|  |TAMS 0x0000000089200000, 0x0000000089200000| Untracked 
| 115|0x0000000089300000, 0x0000000089400000, 0x0000000089400000|100%| O|  |TAMS 0x0000000089300000, 0x0000000089300000| Untracked 
| 116|0x0000000089400000, 0x0000000089500000, 0x0000000089500000|100%| O|  |TAMS 0x0000000089400000, 0x0000000089400000| Untracked 
| 117|0x0000000089500000, 0x0000000089600000, 0x0000000089600000|100%| O|  |TAMS 0x0000000089500000, 0x0000000089500000| Untracked 
| 118|0x0000000089600000, 0x0000000089700000, 0x0000000089700000|100%| O|  |TAMS 0x0000000089600000, 0x0000000089600000| Untracked 
| 119|0x0000000089700000, 0x0000000089800000, 0x0000000089800000|100%| O|  |TAMS 0x0000000089700000, 0x0000000089700000| Untracked 
| 120|0x0000000089800000, 0x0000000089900000, 0x0000000089900000|100%| O|  |TAMS 0x0000000089800000, 0x0000000089800000| Untracked 
| 121|0x0000000089900000, 0x0000000089a00000, 0x0000000089a00000|100%| O|  |TAMS 0x0000000089900000, 0x0000000089900000| Untracked 
| 122|0x0000000089a00000, 0x0000000089b00000, 0x0000000089b00000|100%| O|  |TAMS 0x0000000089a00000, 0x0000000089a00000| Untracked 
| 123|0x0000000089b00000, 0x0000000089c00000, 0x0000000089c00000|100%| O|  |TAMS 0x0000000089b00000, 0x0000000089b00000| Untracked 
| 124|0x0000000089c00000, 0x0000000089d00000, 0x0000000089d00000|100%| O|  |TAMS 0x0000000089c00000, 0x0000000089c00000| Untracked 
| 125|0x0000000089d00000, 0x0000000089e00000, 0x0000000089e00000|100%| O|  |TAMS 0x0000000089d00000, 0x0000000089d00000| Untracked 
| 126|0x0000000089e00000, 0x0000000089f00000, 0x0000000089f00000|100%| O|  |TAMS 0x0000000089e00000, 0x0000000089e00000| Untracked 
| 127|0x0000000089f00000, 0x000000008a000000, 0x000000008a000000|100%| O|  |TAMS 0x0000000089f00000, 0x0000000089f00000| Untracked 
| 128|0x000000008a000000, 0x000000008a100000, 0x000000008a100000|100%| O|  |TAMS 0x000000008a000000, 0x000000008a000000| Untracked 
| 129|0x000000008a100000, 0x000000008a200000, 0x000000008a200000|100%| O|  |TAMS 0x000000008a100000, 0x000000008a100000| Untracked 
| 130|0x000000008a200000, 0x000000008a300000, 0x000000008a300000|100%| O|  |TAMS 0x000000008a200000, 0x000000008a200000| Untracked 
| 131|0x000000008a300000, 0x000000008a400000, 0x000000008a400000|100%| O|  |TAMS 0x000000008a300000, 0x000000008a300000| Untracked 
| 132|0x000000008a400000, 0x000000008a500000, 0x000000008a500000|100%| O|  |TAMS 0x000000008a400000, 0x000000008a400000| Untracked 
| 133|0x000000008a500000, 0x000000008a600000, 0x000000008a600000|100%| O|  |TAMS 0x000000008a500000, 0x000000008a500000| Untracked 
| 134|0x000000008a600000, 0x000000008a700000, 0x000000008a700000|100%| O|  |TAMS 0x000000008a600000, 0x000000008a600000| Untracked 
| 135|0x000000008a700000, 0x000000008a800000, 0x000000008a800000|100%| O|  |TAMS 0x000000008a700000, 0x000000008a700000| Untracked 
| 136|0x000000008a800000, 0x000000008a900000, 0x000000008a900000|100%| O|  |TAMS 0x000000008a800000, 0x000000008a800000| Untracked 
| 137|0x000000008a900000, 0x000000008aa00000, 0x000000008aa00000|100%| O|  |TAMS 0x000000008a900000, 0x000000008a900000| Untracked 
| 138|0x000000008aa00000, 0x000000008ab00000, 0x000000008ab00000|100%| O|  |TAMS 0x000000008aa00000, 0x000000008aa00000| Untracked 
| 139|0x000000008ab00000, 0x000000008ac00000, 0x000000008ac00000|100%| O|  |TAMS 0x000000008ab00000, 0x000000008ab00000| Untracked 
| 140|0x000000008ac00000, 0x000000008ad00000, 0x000000008ad00000|100%| O|  |TAMS 0x000000008ac00000, 0x000000008ac00000| Untracked 
| 141|0x000000008ad00000, 0x000000008ae00000, 0x000000008ae00000|100%| O|  |TAMS 0x000000008ad00000, 0x000000008ad00000| Untracked 
| 142|0x000000008ae00000, 0x000000008af00000, 0x000000008af00000|100%| O|  |TAMS 0x000000008ae00000, 0x000000008ae00000| Untracked 
| 143|0x000000008af00000, 0x000000008b000000, 0x000000008b000000|100%| O|  |TAMS 0x000000008af00000, 0x000000008af00000| Untracked 
| 144|0x000000008b000000, 0x000000008b100000, 0x000000008b100000|100%| O|  |TAMS 0x000000008b000000, 0x000000008b000000| Untracked 
| 145|0x000000008b100000, 0x000000008b200000, 0x000000008b200000|100%| O|  |TAMS 0x000000008b100000, 0x000000008b100000| Untracked 
| 146|0x000000008b200000, 0x000000008b300000, 0x000000008b300000|100%| O|  |TAMS 0x000000008b200000, 0x000000008b200000| Untracked 
| 147|0x000000008b300000, 0x000000008b400000, 0x000000008b400000|100%| O|  |TAMS 0x000000008b300000, 0x000000008b300000| Untracked 
| 148|0x000000008b400000, 0x000000008b500000, 0x000000008b500000|100%| O|  |TAMS 0x000000008b400000, 0x000000008b400000| Untracked 
| 149|0x000000008b500000, 0x000000008b600000, 0x000000008b600000|100%| O|  |TAMS 0x000000008b500000, 0x000000008b500000| Untracked 
| 150|0x000000008b600000, 0x000000008b700000, 0x000000008b700000|100%| O|  |TAMS 0x000000008b600000, 0x000000008b600000| Untracked 
| 151|0x000000008b700000, 0x000000008b800000, 0x000000008b800000|100%| O|  |TAMS 0x000000008b700000, 0x000000008b700000| Untracked 
| 152|0x000000008b800000, 0x000000008b900000, 0x000000008b900000|100%| O|  |TAMS 0x000000008b800000, 0x000000008b800000| Untracked 
| 153|0x000000008b900000, 0x000000008ba00000, 0x000000008ba00000|100%| O|  |TAMS 0x000000008b900000, 0x000000008b900000| Untracked 
| 154|0x000000008ba00000, 0x000000008bb00000, 0x000000008bb00000|100%| O|  |TAMS 0x000000008ba00000, 0x000000008ba00000| Untracked 
| 155|0x000000008bb00000, 0x000000008bc00000, 0x000000008bc00000|100%| O|  |TAMS 0x000000008bb00000, 0x000000008bb00000| Untracked 
| 156|0x000000008bc00000, 0x000000008bd00000, 0x000000008bd00000|100%| O|  |TAMS 0x000000008bc00000, 0x000000008bc00000| Untracked 
| 157|0x000000008bd00000, 0x000000008be00000, 0x000000008be00000|100%| O|  |TAMS 0x000000008bd00000, 0x000000008bd00000| Untracked 
| 158|0x000000008be00000, 0x000000008bf00000, 0x000000008bf00000|100%| O|  |TAMS 0x000000008be00000, 0x000000008be00000| Untracked 
| 159|0x000000008bf00000, 0x000000008c000000, 0x000000008c000000|100%| O|  |TAMS 0x000000008bf00000, 0x000000008bf00000| Untracked 
| 160|0x000000008c000000, 0x000000008c100000, 0x000000008c100000|100%| O|  |TAMS 0x000000008c000000, 0x000000008c000000| Untracked 
| 161|0x000000008c100000, 0x000000008c200000, 0x000000008c200000|100%| O|  |TAMS 0x000000008c100000, 0x000000008c100000| Untracked 
| 162|0x000000008c200000, 0x000000008c300000, 0x000000008c300000|100%| O|  |TAMS 0x000000008c200000, 0x000000008c200000| Untracked 
| 163|0x000000008c300000, 0x000000008c400000, 0x000000008c400000|100%| O|  |TAMS 0x000000008c300000, 0x000000008c300000| Untracked 
| 164|0x000000008c400000, 0x000000008c500000, 0x000000008c500000|100%| O|  |TAMS 0x000000008c400000, 0x000000008c400000| Untracked 
| 165|0x000000008c500000, 0x000000008c600000, 0x000000008c600000|100%| O|  |TAMS 0x000000008c500000, 0x000000008c500000| Untracked 
| 166|0x000000008c600000, 0x000000008c700000, 0x000000008c700000|100%| O|  |TAMS 0x000000008c600000, 0x000000008c600000| Untracked 
| 167|0x000000008c700000, 0x000000008c800000, 0x000000008c800000|100%| O|  |TAMS 0x000000008c700000, 0x000000008c700000| Untracked 
| 168|0x000000008c800000, 0x000000008c8f9400, 0x000000008c900000| 97%| O|  |TAMS 0x000000008c800000, 0x000000008c800000| Untracked 
| 169|0x000000008c900000, 0x000000008c900000, 0x000000008ca00000|  0%| F|  |TAMS 0x000000008c900000, 0x000000008c900000| Untracked 
| 170|0x000000008ca00000, 0x000000008ca00000, 0x000000008cb00000|  0%| F|  |TAMS 0x000000008ca00000, 0x000000008ca00000| Untracked 
| 171|0x000000008cb00000, 0x000000008cb00000, 0x000000008cc00000|  0%| F|  |TAMS 0x000000008cb00000, 0x000000008cb00000| Untracked 
| 172|0x000000008cc00000, 0x000000008cc00000, 0x000000008cd00000|  0%| F|  |TAMS 0x000000008cc00000, 0x000000008cc00000| Untracked 
| 173|0x000000008cd00000, 0x000000008cd00000, 0x000000008ce00000|  0%| F|  |TAMS 0x000000008cd00000, 0x000000008cd00000| Untracked 
| 174|0x000000008ce00000, 0x000000008ce00000, 0x000000008cf00000|  0%| F|  |TAMS 0x000000008ce00000, 0x000000008ce00000| Untracked 
| 175|0x000000008cf00000, 0x000000008cf00000, 0x000000008d000000|  0%| F|  |TAMS 0x000000008cf00000, 0x000000008cf00000| Untracked 
| 176|0x000000008d000000, 0x000000008d000000, 0x000000008d100000|  0%| F|  |TAMS 0x000000008d000000, 0x000000008d000000| Untracked 
| 177|0x000000008d100000, 0x000000008d100000, 0x000000008d200000|  0%| F|  |TAMS 0x000000008d100000, 0x000000008d100000| Untracked 
| 178|0x000000008d200000, 0x000000008d200000, 0x000000008d300000|  0%| F|  |TAMS 0x000000008d200000, 0x000000008d200000| Untracked 
| 179|0x000000008d300000, 0x000000008d300000, 0x000000008d400000|  0%| F|  |TAMS 0x000000008d300000, 0x000000008d300000| Untracked 
| 180|0x000000008d400000, 0x000000008d400000, 0x000000008d500000|  0%| F|  |TAMS 0x000000008d400000, 0x000000008d400000| Untracked 
| 181|0x000000008d500000, 0x000000008d500000, 0x000000008d600000|  0%| F|  |TAMS 0x000000008d500000, 0x000000008d500000| Untracked 
| 182|0x000000008d600000, 0x000000008d600000, 0x000000008d700000|  0%| F|  |TAMS 0x000000008d600000, 0x000000008d600000| Untracked 
| 183|0x000000008d700000, 0x000000008d700000, 0x000000008d800000|  0%| F|  |TAMS 0x000000008d700000, 0x000000008d700000| Untracked 
| 184|0x000000008d800000, 0x000000008d800000, 0x000000008d900000|  0%| F|  |TAMS 0x000000008d800000, 0x000000008d800000| Untracked 
| 185|0x000000008d900000, 0x000000008d900000, 0x000000008da00000|  0%| F|  |TAMS 0x000000008d900000, 0x000000008d900000| Untracked 
| 186|0x000000008da00000, 0x000000008da00000, 0x000000008db00000|  0%| F|  |TAMS 0x000000008da00000, 0x000000008da00000| Untracked 
| 187|0x000000008db00000, 0x000000008db00000, 0x000000008dc00000|  0%| F|  |TAMS 0x000000008db00000, 0x000000008db00000| Untracked 
| 188|0x000000008dc00000, 0x000000008dc00000, 0x000000008dd00000|  0%| F|  |TAMS 0x000000008dc00000, 0x000000008dc00000| Untracked 
| 189|0x000000008dd00000, 0x000000008dd00000, 0x000000008de00000|  0%| F|  |TAMS 0x000000008dd00000, 0x000000008dd00000| Untracked 
| 190|0x000000008de00000, 0x000000008de00000, 0x000000008df00000|  0%| F|  |TAMS 0x000000008de00000, 0x000000008de00000| Untracked 
| 191|0x000000008df00000, 0x000000008df00000, 0x000000008e000000|  0%| F|  |TAMS 0x000000008df00000, 0x000000008df00000| Untracked 
| 192|0x000000008e000000, 0x000000008e000000, 0x000000008e100000|  0%| F|  |TAMS 0x000000008e000000, 0x000000008e000000| Untracked 
| 193|0x000000008e100000, 0x000000008e100000, 0x000000008e200000|  0%| F|  |TAMS 0x000000008e100000, 0x000000008e100000| Untracked 
| 194|0x000000008e200000, 0x000000008e200000, 0x000000008e300000|  0%| F|  |TAMS 0x000000008e200000, 0x000000008e200000| Untracked 
| 195|0x000000008e300000, 0x000000008e300000, 0x000000008e400000|  0%| F|  |TAMS 0x000000008e300000, 0x000000008e300000| Untracked 
| 196|0x000000008e400000, 0x000000008e400000, 0x000000008e500000|  0%| F|  |TAMS 0x000000008e400000, 0x000000008e400000| Untracked 
| 197|0x000000008e500000, 0x000000008e500000, 0x000000008e600000|  0%| F|  |TAMS 0x000000008e500000, 0x000000008e500000| Untracked 
| 198|0x000000008e600000, 0x000000008e600000, 0x000000008e700000|  0%| F|  |TAMS 0x000000008e600000, 0x000000008e600000| Untracked 
| 199|0x000000008e700000, 0x000000008e700000, 0x000000008e800000|  0%| F|  |TAMS 0x000000008e700000, 0x000000008e700000| Untracked 
| 200|0x000000008e800000, 0x000000008e800000, 0x000000008e900000|  0%| F|  |TAMS 0x000000008e800000, 0x000000008e800000| Untracked 
| 201|0x000000008e900000, 0x000000008e900000, 0x000000008ea00000|  0%| F|  |TAMS 0x000000008e900000, 0x000000008e900000| Untracked 
| 202|0x000000008ea00000, 0x000000008ea00000, 0x000000008eb00000|  0%| F|  |TAMS 0x000000008ea00000, 0x000000008ea00000| Untracked 
| 203|0x000000008eb00000, 0x000000008eb00000, 0x000000008ec00000|  0%| F|  |TAMS 0x000000008eb00000, 0x000000008eb00000| Untracked 
| 204|0x000000008ec00000, 0x000000008ec00000, 0x000000008ed00000|  0%| F|  |TAMS 0x000000008ec00000, 0x000000008ec00000| Untracked 
| 205|0x000000008ed00000, 0x000000008ed00000, 0x000000008ee00000|  0%| F|  |TAMS 0x000000008ed00000, 0x000000008ed00000| Untracked 
| 206|0x000000008ee00000, 0x000000008ee00000, 0x000000008ef00000|  0%| F|  |TAMS 0x000000008ee00000, 0x000000008ee00000| Untracked 
| 207|0x000000008ef00000, 0x000000008ef00000, 0x000000008f000000|  0%| F|  |TAMS 0x000000008ef00000, 0x000000008ef00000| Untracked 
| 208|0x000000008f000000, 0x000000008f000000, 0x000000008f100000|  0%| F|  |TAMS 0x000000008f000000, 0x000000008f000000| Untracked 
| 209|0x000000008f100000, 0x000000008f100000, 0x000000008f200000|  0%| F|  |TAMS 0x000000008f100000, 0x000000008f100000| Untracked 
| 210|0x000000008f200000, 0x000000008f200000, 0x000000008f300000|  0%| F|  |TAMS 0x000000008f200000, 0x000000008f200000| Untracked 
| 211|0x000000008f300000, 0x000000008f300000, 0x000000008f400000|  0%| F|  |TAMS 0x000000008f300000, 0x000000008f300000| Untracked 
| 212|0x000000008f400000, 0x000000008f400000, 0x000000008f500000|  0%| F|  |TAMS 0x000000008f400000, 0x000000008f400000| Untracked 
| 213|0x000000008f500000, 0x000000008f500000, 0x000000008f600000|  0%| F|  |TAMS 0x000000008f500000, 0x000000008f500000| Untracked 
| 214|0x000000008f600000, 0x000000008f600000, 0x000000008f700000|  0%| F|  |TAMS 0x000000008f600000, 0x000000008f600000| Untracked 
| 215|0x000000008f700000, 0x000000008f700000, 0x000000008f800000|  0%| F|  |TAMS 0x000000008f700000, 0x000000008f700000| Untracked 
| 216|0x000000008f800000, 0x000000008f800000, 0x000000008f900000|  0%| F|  |TAMS 0x000000008f800000, 0x000000008f800000| Untracked 
| 217|0x000000008f900000, 0x000000008f900000, 0x000000008fa00000|  0%| F|  |TAMS 0x000000008f900000, 0x000000008f900000| Untracked 
| 218|0x000000008fa00000, 0x000000008fa00000, 0x000000008fb00000|  0%| F|  |TAMS 0x000000008fa00000, 0x000000008fa00000| Untracked 
| 219|0x000000008fb00000, 0x000000008fb00000, 0x000000008fc00000|  0%| F|  |TAMS 0x000000008fb00000, 0x000000008fb00000| Untracked 
| 220|0x000000008fc00000, 0x000000008fc00000, 0x000000008fd00000|  0%| F|  |TAMS 0x000000008fc00000, 0x000000008fc00000| Untracked 
| 221|0x000000008fd00000, 0x000000008fd00000, 0x000000008fe00000|  0%| F|  |TAMS 0x000000008fd00000, 0x000000008fd00000| Untracked 
| 222|0x000000008fe00000, 0x000000008fe00000, 0x000000008ff00000|  0%| F|  |TAMS 0x000000008fe00000, 0x000000008fe00000| Untracked 
| 223|0x000000008ff00000, 0x000000008ff00000, 0x0000000090000000|  0%| F|  |TAMS 0x000000008ff00000, 0x000000008ff00000| Untracked 
| 224|0x0000000090000000, 0x0000000090000000, 0x0000000090100000|  0%| F|  |TAMS 0x0000000090000000, 0x0000000090000000| Untracked 
| 225|0x0000000090100000, 0x0000000090100000, 0x0000000090200000|  0%| F|  |TAMS 0x0000000090100000, 0x0000000090100000| Untracked 
| 226|0x0000000090200000, 0x0000000090200000, 0x0000000090300000|  0%| F|  |TAMS 0x0000000090200000, 0x0000000090200000| Untracked 
| 227|0x0000000090300000, 0x0000000090300000, 0x0000000090400000|  0%| F|  |TAMS 0x0000000090300000, 0x0000000090300000| Untracked 
| 228|0x0000000090400000, 0x0000000090400000, 0x0000000090500000|  0%| F|  |TAMS 0x0000000090400000, 0x0000000090400000| Untracked 
| 229|0x0000000090500000, 0x0000000090500000, 0x0000000090600000|  0%| F|  |TAMS 0x0000000090500000, 0x0000000090500000| Untracked 
| 230|0x0000000090600000, 0x0000000090600000, 0x0000000090700000|  0%| F|  |TAMS 0x0000000090600000, 0x0000000090600000| Untracked 
| 231|0x0000000090700000, 0x0000000090700000, 0x0000000090800000|  0%| F|  |TAMS 0x0000000090700000, 0x0000000090700000| Untracked 
| 232|0x0000000090800000, 0x0000000090800000, 0x0000000090900000|  0%| F|  |TAMS 0x0000000090800000, 0x0000000090800000| Untracked 
| 233|0x0000000090900000, 0x0000000090a00000, 0x0000000090a00000|100%| S|CS|TAMS 0x0000000090900000, 0x0000000090900000| Complete 
| 234|0x0000000090a00000, 0x0000000090b00000, 0x0000000090b00000|100%| S|CS|TAMS 0x0000000090a00000, 0x0000000090a00000| Complete 
| 235|0x0000000090b00000, 0x0000000090c00000, 0x0000000090c00000|100%| S|CS|TAMS 0x0000000090b00000, 0x0000000090b00000| Complete 
| 236|0x0000000090c00000, 0x0000000090d00000, 0x0000000090d00000|100%| S|CS|TAMS 0x0000000090c00000, 0x0000000090c00000| Complete 
| 237|0x0000000090d00000, 0x0000000090e00000, 0x0000000090e00000|100%| S|CS|TAMS 0x0000000090d00000, 0x0000000090d00000| Complete 
| 238|0x0000000090e00000, 0x0000000090f00000, 0x0000000090f00000|100%| S|CS|TAMS 0x0000000090e00000, 0x0000000090e00000| Complete 
| 239|0x0000000090f00000, 0x0000000091000000, 0x0000000091000000|100%| S|CS|TAMS 0x0000000090f00000, 0x0000000090f00000| Complete 
| 240|0x0000000091000000, 0x0000000091100000, 0x0000000091100000|100%| S|CS|TAMS 0x0000000091000000, 0x0000000091000000| Complete 
| 241|0x0000000091100000, 0x0000000091200000, 0x0000000091200000|100%| S|CS|TAMS 0x0000000091100000, 0x0000000091100000| Complete 
| 242|0x0000000091200000, 0x0000000091300000, 0x0000000091300000|100%| S|CS|TAMS 0x0000000091200000, 0x0000000091200000| Complete 
| 243|0x0000000091300000, 0x0000000091400000, 0x0000000091400000|100%| S|CS|TAMS 0x0000000091300000, 0x0000000091300000| Complete 
| 244|0x0000000091400000, 0x0000000091400000, 0x0000000091500000|  0%| F|  |TAMS 0x0000000091400000, 0x0000000091400000| Untracked 
| 245|0x0000000091500000, 0x0000000091500000, 0x0000000091600000|  0%| F|  |TAMS 0x0000000091500000, 0x0000000091500000| Untracked 
| 246|0x0000000091600000, 0x0000000091600000, 0x0000000091700000|  0%| F|  |TAMS 0x0000000091600000, 0x0000000091600000| Untracked 
| 247|0x0000000091700000, 0x0000000091700000, 0x0000000091800000|  0%| F|  |TAMS 0x0000000091700000, 0x0000000091700000| Untracked 
| 248|0x0000000091800000, 0x0000000091800000, 0x0000000091900000|  0%| F|  |TAMS 0x0000000091800000, 0x0000000091800000| Untracked 
| 249|0x0000000091900000, 0x0000000091900000, 0x0000000091a00000|  0%| F|  |TAMS 0x0000000091900000, 0x0000000091900000| Untracked 
| 250|0x0000000091a00000, 0x0000000091a00000, 0x0000000091b00000|  0%| F|  |TAMS 0x0000000091a00000, 0x0000000091a00000| Untracked 
| 251|0x0000000091b00000, 0x0000000091b00000, 0x0000000091c00000|  0%| F|  |TAMS 0x0000000091b00000, 0x0000000091b00000| Untracked 
| 252|0x0000000091c00000, 0x0000000091c00000, 0x0000000091d00000|  0%| F|  |TAMS 0x0000000091c00000, 0x0000000091c00000| Untracked 
| 253|0x0000000091d00000, 0x0000000091d00000, 0x0000000091e00000|  0%| F|  |TAMS 0x0000000091d00000, 0x0000000091d00000| Untracked 
| 254|0x0000000091e00000, 0x0000000091e00000, 0x0000000091f00000|  0%| F|  |TAMS 0x0000000091e00000, 0x0000000091e00000| Untracked 
| 255|0x0000000091f00000, 0x0000000091f00000, 0x0000000092000000|  0%| F|  |TAMS 0x0000000091f00000, 0x0000000091f00000| Untracked 
| 256|0x0000000092000000, 0x0000000092000000, 0x0000000092100000|  0%| F|  |TAMS 0x0000000092000000, 0x0000000092000000| Untracked 
| 257|0x0000000092100000, 0x0000000092100000, 0x0000000092200000|  0%| F|  |TAMS 0x0000000092100000, 0x0000000092100000| Untracked 
| 258|0x0000000092200000, 0x0000000092200000, 0x0000000092300000|  0%| F|  |TAMS 0x0000000092200000, 0x0000000092200000| Untracked 
| 259|0x0000000092300000, 0x0000000092300000, 0x0000000092400000|  0%| F|  |TAMS 0x0000000092300000, 0x0000000092300000| Untracked 
| 260|0x0000000092400000, 0x0000000092400000, 0x0000000092500000|  0%| F|  |TAMS 0x0000000092400000, 0x0000000092400000| Untracked 
| 261|0x0000000092500000, 0x0000000092500000, 0x0000000092600000|  0%| F|  |TAMS 0x0000000092500000, 0x0000000092500000| Untracked 
| 262|0x0000000092600000, 0x0000000092600000, 0x0000000092700000|  0%| F|  |TAMS 0x0000000092600000, 0x0000000092600000| Untracked 
| 263|0x0000000092700000, 0x0000000092700000, 0x0000000092800000|  0%| F|  |TAMS 0x0000000092700000, 0x0000000092700000| Untracked 
| 264|0x0000000092800000, 0x0000000092800000, 0x0000000092900000|  0%| F|  |TAMS 0x0000000092800000, 0x0000000092800000| Untracked 
| 265|0x0000000092900000, 0x0000000092900000, 0x0000000092a00000|  0%| F|  |TAMS 0x0000000092900000, 0x0000000092900000| Untracked 
| 266|0x0000000092a00000, 0x0000000092a00000, 0x0000000092b00000|  0%| F|  |TAMS 0x0000000092a00000, 0x0000000092a00000| Untracked 
| 267|0x0000000092b00000, 0x0000000092b00000, 0x0000000092c00000|  0%| F|  |TAMS 0x0000000092b00000, 0x0000000092b00000| Untracked 
| 268|0x0000000092c00000, 0x0000000092c00000, 0x0000000092d00000|  0%| F|  |TAMS 0x0000000092c00000, 0x0000000092c00000| Untracked 
| 269|0x0000000092d00000, 0x0000000092d00000, 0x0000000092e00000|  0%| F|  |TAMS 0x0000000092d00000, 0x0000000092d00000| Untracked 
| 270|0x0000000092e00000, 0x0000000092e00000, 0x0000000092f00000|  0%| F|  |TAMS 0x0000000092e00000, 0x0000000092e00000| Untracked 
| 271|0x0000000092f00000, 0x0000000092f00000, 0x0000000093000000|  0%| F|  |TAMS 0x0000000092f00000, 0x0000000092f00000| Untracked 
| 272|0x0000000093000000, 0x0000000093000000, 0x0000000093100000|  0%| F|  |TAMS 0x0000000093000000, 0x0000000093000000| Untracked 
| 273|0x0000000093100000, 0x0000000093100000, 0x0000000093200000|  0%| F|  |TAMS 0x0000000093100000, 0x0000000093100000| Untracked 
| 274|0x0000000093200000, 0x0000000093200000, 0x0000000093300000|  0%| F|  |TAMS 0x0000000093200000, 0x0000000093200000| Untracked 
| 275|0x0000000093300000, 0x0000000093300000, 0x0000000093400000|  0%| F|  |TAMS 0x0000000093300000, 0x0000000093300000| Untracked 
| 276|0x0000000093400000, 0x0000000093400000, 0x0000000093500000|  0%| F|  |TAMS 0x0000000093400000, 0x0000000093400000| Untracked 
| 277|0x0000000093500000, 0x0000000093500000, 0x0000000093600000|  0%| F|  |TAMS 0x0000000093500000, 0x0000000093500000| Untracked 
| 278|0x0000000093600000, 0x0000000093600000, 0x0000000093700000|  0%| F|  |TAMS 0x0000000093600000, 0x0000000093600000| Untracked 
| 279|0x0000000093700000, 0x0000000093700000, 0x0000000093800000|  0%| F|  |TAMS 0x0000000093700000, 0x0000000093700000| Untracked 
| 280|0x0000000093800000, 0x0000000093800000, 0x0000000093900000|  0%| F|  |TAMS 0x0000000093800000, 0x0000000093800000| Untracked 
| 281|0x0000000093900000, 0x0000000093900000, 0x0000000093a00000|  0%| F|  |TAMS 0x0000000093900000, 0x0000000093900000| Untracked 
| 282|0x0000000093a00000, 0x0000000093a00000, 0x0000000093b00000|  0%| F|  |TAMS 0x0000000093a00000, 0x0000000093a00000| Untracked 
| 283|0x0000000093b00000, 0x0000000093b00000, 0x0000000093c00000|  0%| F|  |TAMS 0x0000000093b00000, 0x0000000093b00000| Untracked 
| 284|0x0000000093c00000, 0x0000000093c00000, 0x0000000093d00000|  0%| F|  |TAMS 0x0000000093c00000, 0x0000000093c00000| Untracked 
| 285|0x0000000093d00000, 0x0000000093d00000, 0x0000000093e00000|  0%| F|  |TAMS 0x0000000093d00000, 0x0000000093d00000| Untracked 
| 286|0x0000000093e00000, 0x0000000093e00000, 0x0000000093f00000|  0%| F|  |TAMS 0x0000000093e00000, 0x0000000093e00000| Untracked 
| 287|0x0000000093f00000, 0x0000000093f00000, 0x0000000094000000|  0%| F|  |TAMS 0x0000000093f00000, 0x0000000093f00000| Untracked 
| 288|0x0000000094000000, 0x0000000094000000, 0x0000000094100000|  0%| F|  |TAMS 0x0000000094000000, 0x0000000094000000| Untracked 
| 289|0x0000000094100000, 0x0000000094100000, 0x0000000094200000|  0%| F|  |TAMS 0x0000000094100000, 0x0000000094100000| Untracked 
| 290|0x0000000094200000, 0x0000000094200000, 0x0000000094300000|  0%| F|  |TAMS 0x0000000094200000, 0x0000000094200000| Untracked 
| 291|0x0000000094300000, 0x0000000094300000, 0x0000000094400000|  0%| F|  |TAMS 0x0000000094300000, 0x0000000094300000| Untracked 
| 292|0x0000000094400000, 0x0000000094400000, 0x0000000094500000|  0%| F|  |TAMS 0x0000000094400000, 0x0000000094400000| Untracked 
| 293|0x0000000094500000, 0x0000000094500000, 0x0000000094600000|  0%| F|  |TAMS 0x0000000094500000, 0x0000000094500000| Untracked 
| 294|0x0000000094600000, 0x0000000094600000, 0x0000000094700000|  0%| F|  |TAMS 0x0000000094600000, 0x0000000094600000| Untracked 
| 295|0x0000000094700000, 0x0000000094700000, 0x0000000094800000|  0%| F|  |TAMS 0x0000000094700000, 0x0000000094700000| Untracked 
| 296|0x0000000094800000, 0x0000000094800000, 0x0000000094900000|  0%| F|  |TAMS 0x0000000094800000, 0x0000000094800000| Untracked 
| 297|0x0000000094900000, 0x0000000094900000, 0x0000000094a00000|  0%| F|  |TAMS 0x0000000094900000, 0x0000000094900000| Untracked 
| 298|0x0000000094a00000, 0x0000000094a00000, 0x0000000094b00000|  0%| F|  |TAMS 0x0000000094a00000, 0x0000000094a00000| Untracked 
| 299|0x0000000094b00000, 0x0000000094b00000, 0x0000000094c00000|  0%| F|  |TAMS 0x0000000094b00000, 0x0000000094b00000| Untracked 
| 300|0x0000000094c00000, 0x0000000094c00000, 0x0000000094d00000|  0%| F|  |TAMS 0x0000000094c00000, 0x0000000094c00000| Untracked 
| 301|0x0000000094d00000, 0x0000000094d00000, 0x0000000094e00000|  0%| F|  |TAMS 0x0000000094d00000, 0x0000000094d00000| Untracked 
| 302|0x0000000094e00000, 0x0000000094e00000, 0x0000000094f00000|  0%| F|  |TAMS 0x0000000094e00000, 0x0000000094e00000| Untracked 
| 303|0x0000000094f00000, 0x0000000094f00000, 0x0000000095000000|  0%| F|  |TAMS 0x0000000094f00000, 0x0000000094f00000| Untracked 
| 304|0x0000000095000000, 0x0000000095000000, 0x0000000095100000|  0%| F|  |TAMS 0x0000000095000000, 0x0000000095000000| Untracked 
| 305|0x0000000095100000, 0x0000000095100000, 0x0000000095200000|  0%| F|  |TAMS 0x0000000095100000, 0x0000000095100000| Untracked 
| 306|0x0000000095200000, 0x0000000095200000, 0x0000000095300000|  0%| F|  |TAMS 0x0000000095200000, 0x0000000095200000| Untracked 
| 307|0x0000000095300000, 0x0000000095300000, 0x0000000095400000|  0%| F|  |TAMS 0x0000000095300000, 0x0000000095300000| Untracked 
| 308|0x0000000095400000, 0x0000000095400000, 0x0000000095500000|  0%| F|  |TAMS 0x0000000095400000, 0x0000000095400000| Untracked 
| 309|0x0000000095500000, 0x0000000095500000, 0x0000000095600000|  0%| F|  |TAMS 0x0000000095500000, 0x0000000095500000| Untracked 
| 310|0x0000000095600000, 0x0000000095600000, 0x0000000095700000|  0%| F|  |TAMS 0x0000000095600000, 0x0000000095600000| Untracked 
| 311|0x0000000095700000, 0x0000000095700000, 0x0000000095800000|  0%| F|  |TAMS 0x0000000095700000, 0x0000000095700000| Untracked 
| 312|0x0000000095800000, 0x0000000095800000, 0x0000000095900000|  0%| F|  |TAMS 0x0000000095800000, 0x0000000095800000| Untracked 
| 313|0x0000000095900000, 0x0000000095900000, 0x0000000095a00000|  0%| F|  |TAMS 0x0000000095900000, 0x0000000095900000| Untracked 
| 314|0x0000000095a00000, 0x0000000095a00000, 0x0000000095b00000|  0%| F|  |TAMS 0x0000000095a00000, 0x0000000095a00000| Untracked 

Card table byte_map: [0x0000026069c10000,0x000002606a000000] _byte_map_base: 0x0000026069800000

Marking Bits (Prev, Next): (CMBitMap*) 0x0000026061104ad0, (CMBitMap*) 0x0000026061104b10
 Prev Bits: [0x000002606a3f0000, 0x000002606c370000)
 Next Bits: [0x000002606c370000, 0x000002606e2f0000)

Polling page: 0x0000026061160000

Metaspace:

Usage:
  Non-class:     58.17 MB used.
      Class:      9.19 MB used.
       Both:     67.36 MB used.

Virtual space:
  Non-class space:       64.00 MB reserved,      58.44 MB ( 91%) committed,  8 nodes.
      Class space:        1.00 GB reserved,       9.44 MB ( <1%) committed,  1 nodes.
             Both:        1.06 GB reserved,      67.88 MB (  6%) committed. 

Chunk freelists:
   Non-Class:  668.00 KB
       Class:  2.61 MB
        Both:  3.26 MB

MaxMetaspaceSize: unlimited
CompressedClassSpaceSize: 1.00 GB
Initial GC threshold: 21.00 MB
Current GC threshold: 113.12 MB
CDS: off
MetaspaceReclaimPolicy: balanced
 - commit_granule_bytes: 65536.
 - commit_granule_words: 8192.
 - virtual_space_node_default_size: 1048576.
 - enlarge_chunks_in_place: 1.
 - new_chunks_are_fully_committed: 0.
 - uncommit_free_chunks: 1.
 - use_allocation_guard: 0.
 - handle_deallocations: 1.


Internal statistics:

num_allocs_failed_limit: 11.
num_arena_births: 600.
num_arena_deaths: 0.
num_vsnodes_births: 9.
num_vsnodes_deaths: 0.
num_space_committed: 1086.
num_space_uncommitted: 0.
num_chunks_returned_to_freelist: 11.
num_chunks_taken_from_freelist: 2835.
num_chunk_merges: 8.
num_chunk_splits: 2016.
num_chunks_enlarged: 1548.
num_purges: 0.
num_inconsistent_stats: 0.

CodeCache: size=49152Kb used=10792Kb max_used=11677Kb free=38360Kb
 bounds [0x0000026065f40000, 0x0000026066ab0000, 0x0000026068f40000]
 total_blobs=6413 nmethods=5786 adapters=553
 compilation: enabled
              stopped_count=0, restarted_count=0
 full_count=0

Compilation events (20 events):
Event: 20.835 Thread 0x0000026071923e90 nmethod 5778 0x00000260660b9710 code [0x00000260660b98c0, 0x00000260660b99d8]
Event: 20.835 Thread 0x0000026071923e90 5779       1       com.example.demo.models.SousCategorie$HibernateProxy$hJWlnfBW::toString (20 bytes)
Event: 20.835 Thread 0x0000026071923e90 nmethod 5779 0x00000260660b9110 code [0x00000260660b92c0, 0x00000260660b9538]
Event: 20.835 Thread 0x0000026071923e90 5780       1       com.example.demo.models.Cart::toString (49 bytes)
Event: 20.835 Thread 0x0000026070df5470 nmethod 5777 0x00000260660b8590 code [0x00000260660b8820, 0x00000260660b8d98]
Event: 20.835 Thread 0x0000026070df5470 5775       1       org.hibernate.collection.internal.AbstractPersistentCollection::initialize (23 bytes)
Event: 20.835 Thread 0x0000026070df5470 nmethod 5775 0x00000260660b8190 code [0x00000260660b8340, 0x00000260660b8508]
Event: 20.836 Thread 0x0000026071923e90 nmethod 5780 0x00000260660b7810 code [0x00000260660b7a40, 0x00000260660b7eb8]
Event: 20.839 Thread 0x0000026070df5470 5781   !   1       jdk.internal.reflect.GeneratedMethodAccessor77::invoke (61 bytes)
Event: 20.839 Thread 0x0000026070df5470 nmethod 5781 0x00000260660b7090 code [0x00000260660b7280, 0x00000260660b7618]
Event: 20.839 Thread 0x0000026071923e90 5782   !   1       jdk.internal.reflect.GeneratedMethodAccessor78::invoke (61 bytes)
Event: 20.839 Thread 0x0000026071923e90 nmethod 5782 0x00000260660b6890 code [0x00000260660b6a80, 0x00000260660b6e38]
Event: 20.882 Thread 0x0000026071923e90 5784       1       jdk.internal.math.FloatingDecimal$BinaryToASCIIBuffer::developLongDigits (304 bytes)
Event: 20.882 Thread 0x0000026070df5470 5783       1       jdk.internal.math.FloatingDecimal::getBinaryToASCIIConverter (163 bytes)
Event: 20.883 Thread 0x0000026070df5470 nmethod 5783 0x00000260660b6290 code [0x00000260660b6460, 0x00000260660b6748]
Event: 20.883 Thread 0x0000026070df5470 5785       1       com.example.demo.models.SousCategorie::toString (61 bytes)
Event: 20.883 Thread 0x0000026071923e90 nmethod 5784 0x00000260660b5790 code [0x00000260660b5960, 0x00000260660b5f58]
Event: 20.883 Thread 0x0000026071923e90 5786       1       com.example.demo.models.Categorie$HibernateProxy$xxFZ040b::toString (20 bytes)
Event: 20.883 Thread 0x0000026071923e90 nmethod 5786 0x00000260660b5190 code [0x00000260660b5340, 0x00000260660b55b8]
Event: 20.883 Thread 0x0000026070df5470 nmethod 5785 0x00000260660b4810 code [0x00000260660b4a60, 0x00000260660b4ee8]

GC Heap History (20 events):
Event: 20.609 GC heap after
{Heap after GC invocations=18 (full 0):
 garbage-first heap   total 107520K, used 30254K [0x0000000082000000, 0x0000000100000000)
  region size 1024K, 6 young (6144K), 6 survivors (6144K)
 Metaspace       used 66880K, committed 67328K, reserved 1114112K
  class space    used 9168K, committed 9408K, reserved 1048576K
}
Event: 20.798 GC heap before
{Heap before GC invocations=18 (full 0):
 garbage-first heap   total 107520K, used 82478K [0x0000000082000000, 0x0000000100000000)
  region size 1024K, 58 young (59392K), 6 survivors (6144K)
 Metaspace       used 68978K, committed 69504K, reserved 1114112K
  class space    used 9410K, committed 9664K, reserved 1048576K
}
Event: 20.803 GC heap after
{Heap after GC invocations=19 (full 0):
 garbage-first heap   total 107520K, used 43382K [0x0000000082000000, 0x0000000100000000)
  region size 1024K, 8 young (8192K), 8 survivors (8192K)
 Metaspace       used 68978K, committed 69504K, reserved 1114112K
  class space    used 9410K, committed 9664K, reserved 1048576K
}
Event: 20.808 GC heap before
{Heap before GC invocations=19 (full 0):
 garbage-first heap   total 107520K, used 79222K [0x0000000082000000, 0x0000000100000000)
  region size 1024K, 44 young (45056K), 8 survivors (8192K)
 Metaspace       used 68978K, committed 69504K, reserved 1114112K
  class space    used 9410K, committed 9664K, reserved 1048576K
}
Event: 20.812 GC heap after
{Heap after GC invocations=20 (full 0):
 garbage-first heap   total 107520K, used 54314K [0x0000000082000000, 0x0000000100000000)
  region size 1024K, 6 young (6144K), 6 survivors (6144K)
 Metaspace       used 68978K, committed 69504K, reserved 1114112K
  class space    used 9410K, committed 9664K, reserved 1048576K
}
Event: 20.815 GC heap before
{Heap before GC invocations=20 (full 0):
 garbage-first heap   total 107520K, used 79914K [0x0000000082000000, 0x0000000100000000)
  region size 1024K, 32 young (32768K), 6 survivors (6144K)
 Metaspace       used 68978K, committed 69504K, reserved 1114112K
  class space    used 9410K, committed 9664K, reserved 1048576K
}
Event: 20.818 GC heap after
{Heap after GC invocations=21 (full 0):
 garbage-first heap   total 107520K, used 62174K [0x0000000082000000, 0x0000000100000000)
  region size 1024K, 4 young (4096K), 4 survivors (4096K)
 Metaspace       used 68978K, committed 69504K, reserved 1114112K
  class space    used 9410K, committed 9664K, reserved 1048576K
}
Event: 20.821 GC heap before
{Heap before GC invocations=21 (full 0):
 garbage-first heap   total 107520K, used 80606K [0x0000000082000000, 0x0000000100000000)
  region size 1024K, 23 young (23552K), 4 survivors (4096K)
 Metaspace       used 68978K, committed 69504K, reserved 1114112K
  class space    used 9410K, committed 9664K, reserved 1048576K
}
Event: 20.823 GC heap after
{Heap after GC invocations=22 (full 0):
 garbage-first heap   total 107520K, used 67958K [0x0000000082000000, 0x0000000100000000)
  region size 1024K, 3 young (3072K), 3 survivors (3072K)
 Metaspace       used 68978K, committed 69504K, reserved 1114112K
  class space    used 9410K, committed 9664K, reserved 1048576K
}
Event: 20.825 GC heap before
{Heap before GC invocations=22 (full 0):
 garbage-first heap   total 107520K, used 83318K [0x0000000082000000, 0x0000000100000000)
  region size 1024K, 19 young (19456K), 3 survivors (3072K)
 Metaspace       used 68978K, committed 69504K, reserved 1114112K
  class space    used 9410K, committed 9664K, reserved 1048576K
}
Event: 20.828 GC heap after
{Heap after GC invocations=23 (full 0):
 garbage-first heap   total 322560K, used 72580K [0x0000000082000000, 0x0000000100000000)
  region size 1024K, 3 young (3072K), 3 survivors (3072K)
 Metaspace       used 68978K, committed 69504K, reserved 1114112K
  class space    used 9410K, committed 9664K, reserved 1048576K
}
Event: 20.907 GC heap before
{Heap before GC invocations=24 (full 0):
 garbage-first heap   total 322560K, used 202628K [0x0000000082000000, 0x0000000100000000)
  region size 1024K, 131 young (134144K), 3 survivors (3072K)
 Metaspace       used 68978K, committed 69504K, reserved 1114112K
  class space    used 9410K, committed 9664K, reserved 1048576K
}
Event: 20.915 GC heap after
{Heap after GC invocations=25 (full 0):
 garbage-first heap   total 322560K, used 109944K [0x0000000082000000, 0x0000000100000000)
  region size 1024K, 17 young (17408K), 17 survivors (17408K)
 Metaspace       used 68978K, committed 69504K, reserved 1114112K
  class space    used 9410K, committed 9664K, reserved 1048576K
}
Event: 20.916 GC heap before
{Heap before GC invocations=25 (full 0):
 garbage-first heap   total 322560K, used 115064K [0x0000000082000000, 0x0000000100000000)
  region size 1024K, 23 young (23552K), 17 survivors (17408K)
 Metaspace       used 68978K, committed 69504K, reserved 1114112K
  class space    used 9410K, committed 9664K, reserved 1048576K
}
Event: 20.920 GC heap after
{Heap after GC invocations=26 (full 0):
 garbage-first heap   total 322560K, used 112090K [0x0000000082000000, 0x0000000100000000)
  region size 1024K, 2 young (2048K), 2 survivors (2048K)
 Metaspace       used 68978K, committed 69504K, reserved 1114112K
  class space    used 9410K, committed 9664K, reserved 1048576K
}
Event: 20.929 GC heap before
{Heap before GC invocations=26 (full 0):
 garbage-first heap   total 322560K, used 207322K [0x0000000082000000, 0x0000000100000000)
  region size 1024K, 96 young (98304K), 2 survivors (2048K)
 Metaspace       used 68978K, committed 69504K, reserved 1114112K
  class space    used 9410K, committed 9664K, reserved 1048576K
}
Event: 20.935 GC heap after
{Heap after GC invocations=27 (full 0):
 garbage-first heap   total 322560K, used 139596K [0x0000000082000000, 0x0000000100000000)
  region size 1024K, 12 young (12288K), 12 survivors (12288K)
 Metaspace       used 68978K, committed 69504K, reserved 1114112K
  class space    used 9410K, committed 9664K, reserved 1048576K
}
Event: 20.943 GC heap before
{Heap before GC invocations=27 (full 0):
 garbage-first heap   total 322560K, used 222540K [0x0000000082000000, 0x0000000100000000)
  region size 1024K, 94 young (96256K), 12 survivors (12288K)
 Metaspace       used 68978K, committed 69504K, reserved 1114112K
  class space    used 9410K, committed 9664K, reserved 1048576K
}
Event: 20.951 GC heap after
{Heap after GC invocations=28 (full 0):
 garbage-first heap   total 322560K, used 163650K [0x0000000082000000, 0x0000000100000000)
  region size 1024K, 12 young (12288K), 12 survivors (12288K)
 Metaspace       used 68978K, committed 69504K, reserved 1114112K
  class space    used 9410K, committed 9664K, reserved 1048576K
}
Event: 20.958 GC heap before
{Heap before GC invocations=28 (full 0):
 garbage-first heap   total 322560K, used 235330K [0x0000000082000000, 0x0000000100000000)
  region size 1024K, 83 young (84992K), 12 survivors (12288K)
 Metaspace       used 68978K, committed 69504K, reserved 1114112K
  class space    used 9410K, committed 9664K, reserved 1048576K
}

Dll operation events (9 events):
Event: 0.010 Loaded shared library C:\Users\lenovo\Downloads\sts-4.17.2.RELEASE\plugins\org.eclipse.justj.openjdk.hotspot.jre.full.win32.x86_64_17.0.6.v20230125-1136\jre\bin\java.dll
Event: 0.183 Loaded shared library C:\Users\lenovo\Downloads\sts-4.17.2.RELEASE\plugins\org.eclipse.justj.openjdk.hotspot.jre.full.win32.x86_64_17.0.6.v20230125-1136\jre\bin\jimage.dll
Event: 0.199 Loaded shared library C:\Users\lenovo\Downloads\sts-4.17.2.RELEASE\plugins\org.eclipse.justj.openjdk.hotspot.jre.full.win32.x86_64_17.0.6.v20230125-1136\jre\bin\net.dll
Event: 0.200 Loaded shared library C:\Users\lenovo\Downloads\sts-4.17.2.RELEASE\plugins\org.eclipse.justj.openjdk.hotspot.jre.full.win32.x86_64_17.0.6.v20230125-1136\jre\bin\nio.dll
Event: 0.205 Loaded shared library C:\Users\lenovo\Downloads\sts-4.17.2.RELEASE\plugins\org.eclipse.justj.openjdk.hotspot.jre.full.win32.x86_64_17.0.6.v20230125-1136\jre\bin\zip.dll
Event: 0.256 Loaded shared library C:\Users\lenovo\Downloads\sts-4.17.2.RELEASE\plugins\org.eclipse.justj.openjdk.hotspot.jre.full.win32.x86_64_17.0.6.v20230125-1136\jre\bin\management.dll
Event: 0.269 Loaded shared library C:\Users\lenovo\Downloads\sts-4.17.2.RELEASE\plugins\org.eclipse.justj.openjdk.hotspot.jre.full.win32.x86_64_17.0.6.v20230125-1136\jre\bin\management_ext.dll
Event: 0.603 Loaded shared library C:\Users\lenovo\Downloads\sts-4.17.2.RELEASE\plugins\org.eclipse.justj.openjdk.hotspot.jre.full.win32.x86_64_17.0.6.v20230125-1136\jre\bin\verify.dll
Event: 2.632 Loaded shared library C:\Users\lenovo\Downloads\sts-4.17.2.RELEASE\plugins\org.eclipse.justj.openjdk.hotspot.jre.full.win32.x86_64_17.0.6.v20230125-1136\jre\bin\sunmscapi.dll

Deoptimization events (10 events):
Event: 1.227 Thread 0x00000260610a9770 DEOPT PACKING pc=0x00000260664dab19 sp=0x000000c0babfd1c0
Event: 1.227 Thread 0x00000260610a9770 DEOPT UNPACKING pc=0x0000026065f97143 sp=0x000000c0babfc6a0 mode 3
Event: 1.910 Thread 0x00000260610a9770 DEOPT PACKING pc=0x0000026066512e94 sp=0x000000c0babfd6b0
Event: 1.910 Thread 0x00000260610a9770 DEOPT UNPACKING pc=0x0000026065f97143 sp=0x000000c0babfcc08 mode 0
Event: 3.162 Thread 0x00000260610a9770 DEOPT PACKING pc=0x00000260667816fd sp=0x000000c0babf5150
Event: 3.162 Thread 0x00000260610a9770 DEOPT UNPACKING pc=0x0000026065f97143 sp=0x000000c0babf46b8 mode 3
Event: 4.243 Thread 0x00000260610a9770 DEOPT PACKING pc=0x00000260664d35d2 sp=0x000000c0babfa790
Event: 4.244 Thread 0x00000260610a9770 DEOPT UNPACKING pc=0x0000026065f97143 sp=0x000000c0babf9c98 mode 3
Event: 4.541 Thread 0x00000260610a9770 DEOPT PACKING pc=0x00000260667ce319 sp=0x000000c0babfb080
Event: 4.541 Thread 0x00000260610a9770 DEOPT UNPACKING pc=0x0000026065f97143 sp=0x000000c0babfa560 mode 3

Classes unloaded (0 events):
No events

Classes redefined (0 events):
No events

Internal exceptions (20 events):
Event: 4.794 Thread 0x00000260610a9770 Exception <a 'java/lang/reflect/InvocationTargetException'{0x00000000845e9670}> (0x00000000845e9670) 
thrown [s\src\hotspot\share\runtime\reflection.cpp, line 1121]
Event: 4.798 Thread 0x00000260610a9770 Exception <a 'java/lang/reflect/InvocationTargetException'{0x00000000845ff948}> (0x00000000845ff948) 
thrown [s\src\hotspot\share\runtime\reflection.cpp, line 1121]
Event: 4.813 Thread 0x00000260610a9770 Exception <a 'java/lang/NoSuchMethodError'{0x000000008436b698}: 'java.lang.Object java.lang.invoke.DirectMethodHandle$Holder.invokeInterface(java.lang.Object, java.lang.Object, java.lang.Object, java.lang.Object)'> (0x000000008436b698) 
thrown [s\src\hotspot\share\interpreter\linkResolver.cpp, line 759]
Event: 4.918 Thread 0x00000260610a9770 Exception <a 'java/lang/NoSuchMethodError'{0x0000000086ffdff0}: 'void java.lang.invoke.DirectMethodHandle$Holder.invokeVirtual(java.lang.Object, java.lang.Object, int)'> (0x0000000086ffdff0) 
thrown [s\src\hotspot\share\interpreter\linkResolver.cpp, line 759]
Event: 4.919 Thread 0x00000260610a9770 Exception <a 'java/lang/NoSuchMethodError'{0x0000000086e18dc0}: 'void java.lang.invoke.DirectMethodHandle$Holder.invokeVirtual(java.lang.Object, java.lang.Object, long)'> (0x0000000086e18dc0) 
thrown [s\src\hotspot\share\interpreter\linkResolver.cpp, line 759]
Event: 5.034 Thread 0x00000260610a9770 Exception <a 'java/lang/IncompatibleClassChangeError'{0x000000008661d9c8}: Found class java.lang.Object, but interface was expected> (0x000000008661d9c8) 
thrown [s\src\hotspot\share\interpreter\linkResolver.cpp, line 826]
Event: 5.063 Thread 0x00000260610a9770 Exception <a 'java/lang/NoSuchMethodError'{0x00000000864649d8}: 'int java.lang.invoke.DirectMethodHandle$Holder.invokeStaticInit(java.lang.Object, java.lang.Object, java.lang.Object, java.lang.Object)'> (0x00000000864649d8) 
thrown [s\src\hotspot\share\interpreter\linkResolver.cpp, line 759]
Event: 5.131 Thread 0x00000260610a9770 Exception <a 'java/lang/ClassNotFoundException'{0x0000000085e93a70}: java/lang/ObjectCustomizer> (0x0000000085e93a70) 
thrown [s\src\hotspot\share\classfile\systemDictionary.cpp, line 256]
Event: 5.132 Thread 0x00000260610a9770 Exception <a 'java/lang/ClassNotFoundException'{0x0000000085e9c180}: org/springframework/security/config/annotation/web/configuration/WebSecurityConfigurationCustomizer> (0x0000000085e9c180) 
thrown [s\src\hotspot\share\classfile\systemDictionary.cpp, line 256]
Event: 5.132 Thread 0x00000260610a9770 Exception <a 'java/lang/ClassNotFoundException'{0x0000000085ea96b0}: org/springframework/context/annotation/ImportAwareCustomizer> (0x0000000085ea96b0) 
thrown [s\src\hotspot\share\classfile\systemDictionary.cpp, line 256]
Event: 5.132 Thread 0x00000260610a9770 Exception <a 'java/lang/ClassNotFoundException'{0x0000000085eaeb00}: org/springframework/beans/factory/AwareCustomizer> (0x0000000085eaeb00) 
thrown [s\src\hotspot\share\classfile\systemDictionary.cpp, line 256]
Event: 5.132 Thread 0x00000260610a9770 Exception <a 'java/lang/ClassNotFoundException'{0x0000000085eb3440}: org/springframework/beans/factory/BeanClassLoaderAwareCustomizer> (0x0000000085eb3440) 
thrown [s\src\hotspot\share\classfile\systemDictionary.cpp, line 256]
Event: 5.133 Thread 0x00000260610a9770 Exception <a 'java/lang/ClassNotFoundException'{0x0000000085eb8870}: org/springframework/beans/factory/AwareCustomizer> (0x0000000085eb8870) 
thrown [s\src\hotspot\share\classfile\systemDictionary.cpp, line 256]
Event: 5.224 Thread 0x00000260610a9770 Exception <a 'java/lang/ClassNotFoundException'{0x0000000085774fb8}: java/lang/ObjectCustomizer> (0x0000000085774fb8) 
thrown [s\src\hotspot\share\classfile\systemDictionary.cpp, line 256]
Event: 5.225 Thread 0x00000260610a9770 Exception <a 'java/lang/ClassNotFoundException'{0x000000008577d6c8}: org/springframework/security/config/annotation/web/configuration/HttpSecurityConfigurationCustomizer> (0x000000008577d6c8) 
thrown [s\src\hotspot\share\classfile\systemDictionary.cpp, line 256]
Event: 5.255 Thread 0x00000260610a9770 Exception <a 'java/lang/NoSuchMethodError'{0x0000000085568fb0}: 'java.lang.Object java.lang.invoke.DirectMethodHandle$Holder.invokeSpecial(java.lang.Object, java.lang.Object, int, java.lang.Object, int, java.lang.Object)'> (0x0000000085568fb0) 
thrown [s\src\hotspot\share\interpreter\linkResolver.cpp, line 759]
Event: 5.256 Thread 0x00000260610a9770 Exception <a 'java/lang/NoSuchMethodError'{0x0000000085570db0}: 'java.lang.Object java.lang.invoke.DirectMethodHandle$Holder.newInvokeSpecial(java.lang.Object, java.lang.Object, int, java.lang.Object, int)'> (0x0000000085570db0) 
thrown [s\src\hotspot\share\interpreter\linkResolver.cpp, line 759]
Event: 5.256 Thread 0x00000260610a9770 Exception <a 'java/lang/NoSuchMethodError'{0x0000000085574eb0}: 'java.lang.Object java.lang.invoke.DirectMethodHandle$Holder.invokeSpecial(java.lang.Object, java.lang.Object, java.lang.Object, int, java.lang.Object, int)'> (0x0000000085574eb0) 
thrown [s\src\hotspot\share\interpreter\linkResolver.cpp, line 759]
Event: 5.257 Thread 0x00000260610a9770 Exception <a 'java/lang/NoSuchMethodError'{0x000000008557f2c0}: 'void java.lang.invoke.DirectMethodHandle$Holder.invokeVirtual(java.lang.Object, java.lang.Object)'> (0x000000008557f2c0) 
thrown [s\src\hotspot\share\interpreter\linkResolver.cpp, line 759]
Event: 20.753 Thread 0x00000260768c15a0 Exception <a 'java/lang/NoSuchMethodError'{0x00000000883897e0}: 'java.lang.Object java.lang.invoke.DirectMethodHandle$Holder.invokeStaticInit(java.lang.Object, java.lang.Object, java.lang.Object, java.lang.Object, java.lang.Object, java.lang.Object)'> (0x00000000883897e0) 
thrown [s\src\hotspot\share\interpreter\linkResolver.cpp, line 759]

VM Operations (20 events):
Event: 20.812 Executing VM operation: G1CollectForAllocation done
Event: 20.815 Executing VM operation: G1CollectForAllocation
Event: 20.818 Executing VM operation: G1CollectForAllocation done
Event: 20.821 Executing VM operation: G1CollectForAllocation
Event: 20.823 Executing VM operation: G1CollectForAllocation done
Event: 20.825 Executing VM operation: G1CollectForAllocation
Event: 20.828 Executing VM operation: G1CollectForAllocation done
Event: 20.848 Executing VM operation: G1Concurrent
Event: 20.853 Executing VM operation: G1Concurrent done
Event: 20.868 Executing VM operation: G1Concurrent
Event: 20.868 Executing VM operation: G1Concurrent done
Event: 20.907 Executing VM operation: G1CollectForAllocation
Event: 20.915 Executing VM operation: G1CollectForAllocation done
Event: 20.915 Executing VM operation: G1CollectForAllocation
Event: 20.920 Executing VM operation: G1CollectForAllocation done
Event: 20.929 Executing VM operation: G1CollectForAllocation
Event: 20.935 Executing VM operation: G1CollectForAllocation done
Event: 20.943 Executing VM operation: G1CollectForAllocation
Event: 20.951 Executing VM operation: G1CollectForAllocation done
Event: 20.958 Executing VM operation: G1CollectForAllocation

Events (20 events):
Event: 20.489 loading class sun/nio/cs/ThreadLocalCoders done
Event: 20.489 loading class sun/nio/cs/ThreadLocalCoders$1
Event: 20.489 loading class sun/nio/cs/ThreadLocalCoders$Cache
Event: 20.489 loading class sun/nio/cs/ThreadLocalCoders$Cache done
Event: 20.489 loading class sun/nio/cs/ThreadLocalCoders$1 done
Event: 20.489 loading class sun/nio/cs/ThreadLocalCoders$2
Event: 20.489 loading class sun/nio/cs/ThreadLocalCoders$2 done
Event: 20.557 loading class java/time/ZoneRegion
Event: 20.557 loading class java/time/ZoneRegion done
Event: 20.557 loading class java/time/zone/ZoneRules
Event: 20.557 loading class java/time/zone/ZoneRules done
Event: 20.557 loading class java/time/zone/ZoneOffsetTransitionRule
Event: 20.558 loading class java/time/zone/ZoneOffsetTransitionRule done
Event: 20.558 loading class java/time/format/DateTimeFormatterBuilder$ZoneTextPrinterParser
Event: 20.558 loading class java/time/format/DateTimeFormatterBuilder$ZoneTextPrinterParser done
Event: 20.558 loading class java/time/format/DateTimeFormatterBuilder$ReducedPrinterParser
Event: 20.558 loading class java/time/format/DateTimeFormatterBuilder$ReducedPrinterParser done
Event: 20.560 Thread 0x0000026071923e90 Thread added: 0x0000026071923e90
Event: 20.782 loading class jdk/internal/reflect/UnsafeFloatFieldAccessorImpl
Event: 20.782 loading class jdk/internal/reflect/UnsafeFloatFieldAccessorImpl done


Dynamic libraries:
0x00007ff6afec0000 - 0x00007ff6afece000 	C:\Users\lenovo\Downloads\sts-4.17.2.RELEASE\plugins\org.eclipse.justj.openjdk.hotspot.jre.full.win32.x86_64_17.0.6.v20230125-1136\jre\bin\javaw.exe
0x00007ffa59ed0000 - 0x00007ffa5a0e4000 	C:\WINDOWS\SYSTEM32\ntdll.dll
0x00007ffa59690000 - 0x00007ffa59753000 	C:\WINDOWS\System32\KERNEL32.DLL
0x00007ffa57640000 - 0x00007ffa579dc000 	C:\WINDOWS\System32\KERNELBASE.dll
0x00007ffa57a90000 - 0x00007ffa57ba1000 	C:\WINDOWS\System32\ucrtbase.dll
0x00007ffa1e560000 - 0x00007ffa1e577000 	C:\Users\lenovo\Downloads\sts-4.17.2.RELEASE\plugins\org.eclipse.justj.openjdk.hotspot.jre.full.win32.x86_64_17.0.6.v20230125-1136\jre\bin\jli.dll
0x00007ffa22d90000 - 0x00007ffa22da9000 	C:\Users\lenovo\Downloads\sts-4.17.2.RELEASE\plugins\org.eclipse.justj.openjdk.hotspot.jre.full.win32.x86_64_17.0.6.v20230125-1136\jre\bin\VCRUNTIME140.dll
0x00007ffa58460000 - 0x00007ffa5860d000 	C:\WINDOWS\System32\USER32.dll
0x00007ffa57a60000 - 0x00007ffa57a86000 	C:\WINDOWS\System32\win32u.dll
0x00007ffa59e00000 - 0x00007ffa59e29000 	C:\WINDOWS\System32\GDI32.dll
0x00007ffa365d0000 - 0x00007ffa3685e000 	C:\WINDOWS\WinSxS\amd64_microsoft.windows.common-controls_6595b64144ccf1df_6.0.22621.608_none_a9444ca7c10bb01d\COMCTL32.dll
0x00007ffa573b0000 - 0x00007ffa574c3000 	C:\WINDOWS\System32\gdi32full.dll
0x00007ffa59810000 - 0x00007ffa598b7000 	C:\WINDOWS\System32\msvcrt.dll
0x00007ffa57310000 - 0x00007ffa573aa000 	C:\WINDOWS\System32\msvcp_win.dll
0x00007ffa59940000 - 0x00007ffa59971000 	C:\WINDOWS\System32\IMM32.DLL
0x00007ffa2a870000 - 0x00007ffa2a87c000 	C:\Users\lenovo\Downloads\sts-4.17.2.RELEASE\plugins\org.eclipse.justj.openjdk.hotspot.jre.full.win32.x86_64_17.0.6.v20230125-1136\jre\bin\vcruntime140_1.dll
0x00007ff9f4cd0000 - 0x00007ff9f4d61000 	C:\Users\lenovo\Downloads\sts-4.17.2.RELEASE\plugins\org.eclipse.justj.openjdk.hotspot.jre.full.win32.x86_64_17.0.6.v20230125-1136\jre\bin\msvcp140.dll
0x00007ff9f5500000 - 0x00007ff9f6147000 	C:\Users\lenovo\Downloads\sts-4.17.2.RELEASE\plugins\org.eclipse.justj.openjdk.hotspot.jre.full.win32.x86_64_17.0.6.v20230125-1136\jre\bin\server\jvm.dll
0x00007ffa59980000 - 0x00007ffa59a2e000 	C:\WINDOWS\System32\ADVAPI32.dll
0x00007ffa58350000 - 0x00007ffa583f4000 	C:\WINDOWS\System32\sechost.dll
0x00007ffa57ce0000 - 0x00007ffa57df5000 	C:\WINDOWS\System32\RPCRT4.dll
0x00007ffa502c0000 - 0x00007ffa502c9000 	C:\WINDOWS\SYSTEM32\WSOCK32.dll
0x00007ffa50190000 - 0x00007ffa501c4000 	C:\WINDOWS\SYSTEM32\WINMM.dll
0x00007ffa4b4f0000 - 0x00007ffa4b4fa000 	C:\WINDOWS\SYSTEM32\VERSION.dll
0x00007ffa594f0000 - 0x00007ffa59561000 	C:\WINDOWS\System32\WS2_32.dll
0x00007ffa56410000 - 0x00007ffa56428000 	C:\WINDOWS\SYSTEM32\kernel.appcore.dll
0x00007ffa502b0000 - 0x00007ffa502ba000 	C:\Users\lenovo\Downloads\sts-4.17.2.RELEASE\plugins\org.eclipse.justj.openjdk.hotspot.jre.full.win32.x86_64_17.0.6.v20230125-1136\jre\bin\jimage.dll
0x00007ffa54de0000 - 0x00007ffa5500e000 	C:\WINDOWS\SYSTEM32\DBGHELP.DLL
0x00007ffa59a70000 - 0x00007ffa59df9000 	C:\WINDOWS\System32\combase.dll
0x00007ffa59410000 - 0x00007ffa594e7000 	C:\WINDOWS\System32\OLEAUT32.dll
0x00007ffa46190000 - 0x00007ffa461c2000 	C:\WINDOWS\SYSTEM32\dbgcore.DLL
0x00007ffa579e0000 - 0x00007ffa57a5b000 	C:\WINDOWS\System32\bcryptPrimitives.dll
0x00007ffa1a780000 - 0x00007ffa1a7a5000 	C:\Users\lenovo\Downloads\sts-4.17.2.RELEASE\plugins\org.eclipse.justj.openjdk.hotspot.jre.full.win32.x86_64_17.0.6.v20230125-1136\jre\bin\java.dll
0x00007ffa1a760000 - 0x00007ffa1a778000 	C:\Users\lenovo\Downloads\sts-4.17.2.RELEASE\plugins\org.eclipse.justj.openjdk.hotspot.jre.full.win32.x86_64_17.0.6.v20230125-1136\jre\bin\zip.dll
0x00007ffa587a0000 - 0x00007ffa58f90000 	C:\WINDOWS\System32\SHELL32.dll
0x00007ffa552e0000 - 0x00007ffa55bae000 	C:\WINDOWS\SYSTEM32\windows.storage.dll
0x00007ffa551a0000 - 0x00007ffa552de000 	C:\WINDOWS\SYSTEM32\wintypes.dll
0x00007ffa58610000 - 0x00007ffa58701000 	C:\WINDOWS\System32\SHCORE.dll
0x00007ffa57f00000 - 0x00007ffa57f5e000 	C:\WINDOWS\System32\shlwapi.dll
0x00007ffa57240000 - 0x00007ffa57261000 	C:\WINDOWS\SYSTEM32\profapi.dll
0x00007ff9ffee0000 - 0x00007ff9ffef9000 	C:\Users\lenovo\Downloads\sts-4.17.2.RELEASE\plugins\org.eclipse.justj.openjdk.hotspot.jre.full.win32.x86_64_17.0.6.v20230125-1136\jre\bin\net.dll
0x00007ffa4fd40000 - 0x00007ffa4fe6f000 	C:\WINDOWS\SYSTEM32\WINHTTP.dll
0x00007ffa56870000 - 0x00007ffa568d9000 	C:\WINDOWS\system32\mswsock.dll
0x00007ff9ffe90000 - 0x00007ff9ffea5000 	C:\Users\lenovo\Downloads\sts-4.17.2.RELEASE\plugins\org.eclipse.justj.openjdk.hotspot.jre.full.win32.x86_64_17.0.6.v20230125-1136\jre\bin\nio.dll
0x00007ffa50fa0000 - 0x00007ffa50fa9000 	C:\Users\lenovo\Downloads\sts-4.17.2.RELEASE\plugins\org.eclipse.justj.openjdk.hotspot.jre.full.win32.x86_64_17.0.6.v20230125-1136\jre\bin\management.dll
0x00007ffa50f90000 - 0x00007ffa50f9b000 	C:\Users\lenovo\Downloads\sts-4.17.2.RELEASE\plugins\org.eclipse.justj.openjdk.hotspot.jre.full.win32.x86_64_17.0.6.v20230125-1136\jre\bin\management_ext.dll
0x00007ffa58450000 - 0x00007ffa58458000 	C:\WINDOWS\System32\PSAPI.DLL
0x00007ffa158b0000 - 0x00007ffa158c7000 	C:\WINDOWS\system32\napinsp.dll
0x00007ffa15890000 - 0x00007ffa158ab000 	C:\WINDOWS\system32\pnrpnsp.dll
0x00007ffa55ee0000 - 0x00007ffa55fd3000 	C:\WINDOWS\SYSTEM32\DNSAPI.dll
0x00007ffa55e70000 - 0x00007ffa55e9d000 	C:\WINDOWS\SYSTEM32\IPHLPAPI.DLL
0x00007ffa58160000 - 0x00007ffa58169000 	C:\WINDOWS\System32\NSI.dll
0x00007ffa15420000 - 0x00007ffa15431000 	C:\WINDOWS\System32\winrnr.dll
0x00007ffa4fe70000 - 0x00007ffa4fe85000 	C:\WINDOWS\system32\wshbth.dll
0x00007ffa15280000 - 0x00007ffa152a1000 	C:\WINDOWS\system32\nlansp_c.dll
0x00007ffa4aba0000 - 0x00007ffa4abaa000 	C:\Windows\System32\rasadhlp.dll
0x00007ffa4e0e0000 - 0x00007ffa4e163000 	C:\WINDOWS\System32\fwpuclnt.dll
0x00007ffa56b90000 - 0x00007ffa56bab000 	C:\WINDOWS\SYSTEM32\CRYPTSP.dll
0x00007ffa56380000 - 0x00007ffa563b5000 	C:\WINDOWS\system32\rsaenh.dll
0x00007ffa56910000 - 0x00007ffa56938000 	C:\WINDOWS\SYSTEM32\USERENV.dll
0x00007ffa56cc0000 - 0x00007ffa56ce8000 	C:\WINDOWS\SYSTEM32\bcrypt.dll
0x00007ffa56b70000 - 0x00007ffa56b7c000 	C:\WINDOWS\SYSTEM32\CRYPTBASE.dll
0x00007ffa4fea0000 - 0x00007ffa4feb9000 	C:\WINDOWS\SYSTEM32\dhcpcsvc6.DLL
0x00007ffa4f960000 - 0x00007ffa4f97f000 	C:\WINDOWS\SYSTEM32\dhcpcsvc.DLL
0x00007ffa512e0000 - 0x00007ffa512f0000 	C:\Users\lenovo\Downloads\sts-4.17.2.RELEASE\plugins\org.eclipse.justj.openjdk.hotspot.jre.full.win32.x86_64_17.0.6.v20230125-1136\jre\bin\verify.dll
0x00007ffa502a0000 - 0x00007ffa502ae000 	C:\Users\lenovo\Downloads\sts-4.17.2.RELEASE\plugins\org.eclipse.justj.openjdk.hotspot.jre.full.win32.x86_64_17.0.6.v20230125-1136\jre\bin\sunmscapi.dll
0x00007ffa574d0000 - 0x00007ffa57636000 	C:\WINDOWS\System32\CRYPT32.dll
0x00007ffa56c90000 - 0x00007ffa56cbd000 	C:\WINDOWS\SYSTEM32\ncrypt.dll
0x00007ffa56c50000 - 0x00007ffa56c87000 	C:\WINDOWS\SYSTEM32\NTASN1.dll
0x00007ffa52fc0000 - 0x00007ffa52fc8000 	C:\WINDOWS\system32\wshunix.dll

dbghelp: loaded successfully - version: 4.0.5 - missing functions: none
symbol engine: initialized successfully - sym options: 0x614 - pdb path: .;C:\Users\lenovo\Downloads\sts-4.17.2.RELEASE\plugins\org.eclipse.justj.openjdk.hotspot.jre.full.win32.x86_64_17.0.6.v20230125-1136\jre\bin;C:\WINDOWS\SYSTEM32;C:\WINDOWS\WinSxS\amd64_microsoft.windows.common-controls_6595b64144ccf1df_6.0.22621.608_none_a9444ca7c10bb01d;C:\Users\lenovo\Downloads\sts-4.17.2.RELEASE\plugins\org.eclipse.justj.openjdk.hotspot.jre.full.win32.x86_64_17.0.6.v20230125-1136\jre\bin\server

VM Arguments:
jvm_args: -Dcom.sun.management.jmxremote -Dcom.sun.management.jmxremote.port=51907 -Dcom.sun.management.jmxremote.authenticate=false -Dcom.sun.management.jmxremote.ssl=false -Djava.rmi.server.hostname=localhost -Dspring.jmx.enabled=true -Dmanagement.endpoints.jmx.exposure.include=* -Dspring.application.admin.enabled=true -XX:TieredStopAtLevel=1 -Dspring.boot.project.name=pfeBRK -Dfile.encoding=UTF-8 -XX:+ShowCodeDetailsInExceptionMessages 
java_command: com.example.demo.SpringBootLoginExampleApplication --spring.output.ansi.enabled=always
java_class_path (initial): C:\Users\lenovo\Downloads\spring-boot-login-example-master\target\classes;C:\Users\lenovo\.m2\repository\org\springframework\boot\spring-boot-starter-data-jpa\2.7.3\spring-boot-starter-data-jpa-2.7.3.jar;C:\Users\lenovo\.m2\repository\org\springframework\boot\spring-boot-starter-aop\2.7.3\spring-boot-starter-aop-2.7.3.jar;C:\Users\lenovo\.m2\repository\org\aspectj\aspectjweaver\1.9.7\aspectjweaver-1.9.7.jar;C:\Users\lenovo\.m2\repository\org\springframework\boot\spring-boot-starter-jdbc\2.7.3\spring-boot-starter-jdbc-2.7.3.jar;C:\Users\lenovo\.m2\repository\com\zaxxer\HikariCP\4.0.3\HikariCP-4.0.3.jar;C:\Users\lenovo\.m2\repository\org\springframework\spring-jdbc\5.3.22\spring-jdbc-5.3.22.jar;C:\Users\lenovo\.m2\repository\jakarta\transaction\jakarta.transaction-api\1.3.3\jakarta.transaction-api-1.3.3.jar;C:\Users\lenovo\.m2\repository\jakarta\persistence\jakarta.persistence-api\2.2.3\jakarta.persistence-api-2.2.3.jar;C:\Users\lenovo\.m2\repository\org\hibernate\hibernate-core\5.6.10.Final\hibernate-core-5.6.10.Final.jar;C:\Users\lenovo\.m2\repository\org\jboss\logging\jboss-logging\3.4.3.Final\jboss-logging-3.4.3.Final.jar;C:\Users\lenovo\.m2\repository\net\bytebuddy\byte-buddy\1.12.13\byte-buddy-1.12.13.jar;C:\Users\lenovo\.m2\repository\antlr\antlr\2.7.7\antlr-2.7.7.jar;C:\Users\lenovo\.m2\repository\org\jboss\jandex\2.4.2.Final\jandex-2.4.2.Final.jar;C:\Users\lenovo\.m2\repository\com\fasterxml\classmate\1.5.1\classmate-1.5.1.jar;C:\Users\lenovo\.m2\repository\org\hibernate\common\hibernate-commons-annotations\5.1.2.Final\hibernate-commons-annotations-5.1.2.Final.jar;C:\Users\lenovo\.m2\repository\org\glassfish\jaxb\jaxb-runtime\2.3.6\jaxb-runtime-2.3.6.jar;C:\Users\lenovo\.m2\repository\org\glassfish\jaxb\txw2\2.3.6\txw2-2.3.6.jar;C:\Users\lenovo\.m2\repository\com\sun\istack\istack-commons-runtime\3.0.12\istack-commons-runtime-3.0.12.jar;C:\Users\lenovo\.m2\repository\com\sun\activation\jakarta.activation\1.2.2\jakarta.activation-1
Launcher Type: SUN_STANDARD

[Global flags]
     intx CICompilerCount                          = 4                                         {product} {ergonomic}
     uint ConcGCThreads                            = 2                                         {product} {ergonomic}
     uint G1ConcRefinementThreads                  = 8                                         {product} {ergonomic}
   size_t G1HeapRegionSize                         = 1048576                                   {product} {ergonomic}
    uintx GCDrainStackTargetSize                   = 64                                        {product} {ergonomic}
   size_t InitialHeapSize                          = 132120576                                 {product} {ergonomic}
     bool ManagementServer                         = true                                      {product} {command line}
   size_t MarkStackSize                            = 4194304                                   {product} {ergonomic}
   size_t MaxHeapSize                              = 2113929216                                {product} {ergonomic}
   size_t MaxNewSize                               = 1267728384                                {product} {ergonomic}
   size_t MinHeapDeltaBytes                        = 1048576                                   {product} {ergonomic}
   size_t MinHeapSize                              = 8388608                                   {product} {ergonomic}
    uintx NonProfiledCodeHeapSize                  = 0                                      {pd product} {ergonomic}
     bool ProfileInterpreter                       = false                                  {pd product} {command line}
    uintx ProfiledCodeHeapSize                     = 0                                      {pd product} {ergonomic}
     bool ShowCodeDetailsInExceptionMessages       = true                                   {manageable} {command line}
   size_t SoftMaxHeapSize                          = 2113929216                             {manageable} {ergonomic}
     intx TieredStopAtLevel                        = 1                                         {product} {command line}
     bool UseCompressedClassPointers               = true                           {product lp64_product} {ergonomic}
     bool UseCompressedOops                        = true                           {product lp64_product} {ergonomic}
     bool UseG1GC                                  = true                                      {product} {ergonomic}
     bool UseLargePagesIndividualAllocation        = false                                  {pd product} {ergonomic}

Logging:
Log output configuration:
 #0: stdout all=warning uptime,level,tags
 #1: stderr all=off uptime,level,tags

Environment Variables:
PATH=C:/Users/lenovo/Downloads/sts-4.17.2.RELEASE//plugins/org.eclipse.justj.openjdk.hotspot.jre.full.win32.x86_64_17.0.6.v20230125-1136/jre/bin/server;C:/Users/lenovo/Downloads/sts-4.17.2.RELEASE//plugins/org.eclipse.justj.openjdk.hotspot.jre.full.win32.x86_64_17.0.6.v20230125-1136/jre/bin;C:\Program Files\Common Files\Oracle\Java\javapath;C:\WINDOWS\system32;C:\WINDOWS;C:\WINDOWS\System32\Wbem;C:\WINDOWS\System32\WindowsPowerShell\v1.0\;C:\WINDOWS\System32\OpenSSH\;C:\Program Files\swipl\bin;C:\xampp\php;C:\laragon\bin\php\php-8.1.4-Win32-vs16-x64;C:\ProgramData\ComposerSetup\bin;C:\Program Files\dotnet\;C:\laragon\;C:\Users\lenovo\AppData\Roaming\Microsoft\Windows\Start Menu\Programs\Python 3.9;C:\Program Files\Git\cmd;C:\Program Files\NVIDIA Corporation\NVIDIA NvDLISR;C:\WINDOWS\system32;C:\WINDOWS;C:\WINDOWS\System32\Wbem;C:\WINDOWS\System32\WindowsPowerShell\v1.0\;C:\WINDOWS\System32\OpenSSH\;C:\Program Files (x86)\Microsoft SQL Server\150\Tools\Binn\;C:\Program Files\Microsoft SQL Server\150\Tools\Binn\;C:\Program Files (x86)\Microsoft SQL Server\150\DTS\Binn\;C:\Program Files\Microsoft SQL Server\150\DTS\Binn\;C:\Program Files\Microsoft SQL Server\Client SDK\ODBC\170\Tools\Binn\;C:\Program Files\Azure Data Studio\bin;C:\Program Files (x86)\Microsoft SQL Server\110\DTS\Binn\;C:\Program Files (x86)\Microsoft SQL Server\120\DTS\Binn\;C:\Program Files (x86)\Microsoft SQL Server\130\DTS\Binn\;C:\Program Files (x86)\Microsoft SQL Server\140\DTS\Binn\;C:\Program Files (x86)\Microsoft SQL Server\160\DTS\Binn\;C:\Program Files (x86)\NVIDIA Corporation\PhysX\Common;C:\Program Files\Java\jdk-17\bin;C:\Users\lenovo\AppData\Local\Programs\Python\Python37\Scripts\;C:\Users\lenovo\AppData\Local\Programs\Python\Python37\;C:\laragon\bin;C:\laragon\bin\apache\httpd-2.4.47-win64-VS16\bin;C:\laragon\bin\composer;C:\laragon\bin\git\bin;C:\laragon\bin\git\cmd;C:\laragon\bin\git\mingw64\bin;C:\laragon\bin\git\usr\bin;C:\laragon\bin\laragon\utils;C:\laragon\bin\mysql\mysql-5.7.33-winx
USERNAME=lenovo
OS=Windows_NT
PROCESSOR_IDENTIFIER=Intel64 Family 6 Model 142 Stepping 10, GenuineIntel
TMP=C:\Users\lenovo\AppData\Local\Temp
TEMP=C:\Users\lenovo\AppData\Local\Temp



---------------  S Y S T E M  ---------------

OS:
 Windows 11 , 64 bit Build 22621 (10.0.22621.1344)
OS uptime: 0 days 0:27 hours
Hyper-V role detected

CPU: total 8 (initial active 8) (4 cores per cpu, 2 threads per core) family 6 model 142 stepping 10 microcode 0xe0, cx8, cmov, fxsr, ht, mmx, 3dnowpref, sse, sse2, sse3, ssse3, sse4.1, sse4.2, popcnt, lzcnt, tsc, tscinvbit, avx, avx2, aes, erms, clmul, bmi1, bmi2, adx, fma, vzeroupper, clflush, clflushopt, hv

Memory: 4k page, system-wide physical 8058M (887M free)
TotalPageFile size 11058M (AvailPageFile size 587M)
current process WorkingSet (physical memory assigned to process): 461M, peak: 461M
current process commit charge ("private bytes"): 501M, peak: 1131M

vm_info: OpenJDK 64-Bit Server VM (17.0.6+10) for windows-amd64 JRE (17.0.6+10), built on Jan 18 2023 10:08:59 by "temurin" with MS VC++ 16.7 (VS2019)

END.
