#
# There is insufficient memory for the Java Runtime Environment to continue.
# Native memory allocation (mmap) failed to map 423624704 bytes for G1 virtual space
# Possible reasons:
#   The system is out of physical RAM or swap space
#   The process is running with CompressedOops enabled, and the Java Heap may be blocking the growth of the native heap
# Possible solutions:
#   Reduce memory load on the system
#   Increase physical memory or swap space
#   Check if swap backing store is full
#   Decrease Java heap size (-Xmx/-Xms)
#   Decrease number of Java threads
#   Decrease Java thread stack sizes (-Xss)
#   Set larger code cache with -XX:ReservedCodeCacheSize=
#   JVM is running with Unscaled Compressed Oops mode in which the Java heap is
#     placed in the first 4GB address space. The Java Heap base address is the
#     maximum limit for the native heap growth. Please use -XX:HeapBaseMinAddress
#     to set the Java Heap base and to place the Java Heap above 4GB virtual address.
# This output file may be truncated or incomplete.
#
#  Out of Memory Error (os_windows.cpp:3557), pid=14564, tid=5708
#
# JRE version: OpenJDK Runtime Environment Temurin-17.0.6+10 (17.0.6+10) (build 17.0.6+10)
# Java VM: OpenJDK 64-Bit Server VM Temurin-17.0.6+10 (17.0.6+10, mixed mode, emulated-client, tiered, compressed oops, compressed class ptrs, g1 gc, windows-amd64)
# No core dump will be written. Minidumps are not enabled by default on client versions of Windows
#

---------------  S U M M A R Y ------------

Command Line: -Dcom.sun.management.jmxremote -Dcom.sun.management.jmxremote.port=64938 -Dcom.sun.management.jmxremote.authenticate=false -Dcom.sun.management.jmxremote.ssl=false -Djava.rmi.server.hostname=localhost -Dspring.jmx.enabled=true -Dmanagement.endpoints.jmx.exposure.include=* -Dspring.application.admin.enabled=true -XX:TieredStopAtLevel=1 -Dspring.boot.project.name=pfeBRK -Dfile.encoding=UTF-8 -XX:+ShowCodeDetailsInExceptionMessages com.example.demo.SpringBootLoginExampleApplication --spring.output.ansi.enabled=always

Host: Intel(R) Core(TM) i5-8250U CPU @ 1.60GHz, 8 cores, 7G,  Windows 11 , 64 bit Build 22621 (10.0.22621.1344)
Time: Sun Mar 26 01:07:17 2023 Paris, Madrid elapsed time: 9.511954 seconds (0d 0h 0m 9s)

---------------  T H R E A D  ---------------

Current thread (0x0000020043e7c6f0):  VMThread "VM Thread" [stack: 0x000000abe7c00000,0x000000abe7d00000] [id=5708]

Stack: [0x000000abe7c00000,0x000000abe7d00000]
Native frames: (J=compiled Java code, j=interpreted, Vv=VM code, C=native code)
V  [jvm.dll+0x67741a]
V  [jvm.dll+0x834434]
V  [jvm.dll+0x835bde]
V  [jvm.dll+0x836243]
V  [jvm.dll+0x2457b5]
V  [jvm.dll+0x674329]
V  [jvm.dll+0x6689da]
V  [jvm.dll+0x30489b]
V  [jvm.dll+0x30bd96]
V  [jvm.dll+0x35b57e]
V  [jvm.dll+0x35b7af]
V  [jvm.dll+0x2db778]
V  [jvm.dll+0x2d9a2c]
V  [jvm.dll+0x2d8ffc]
V  [jvm.dll+0x31cdcb]
V  [jvm.dll+0x83a6eb]
V  [jvm.dll+0x83b424]
V  [jvm.dll+0x83b93c]
V  [jvm.dll+0x83bd14]
V  [jvm.dll+0x83bde0]
V  [jvm.dll+0x7e483a]
V  [jvm.dll+0x6762c5]
C  [ucrtbase.dll+0x29363]
C  [KERNEL32.DLL+0x126bd]
C  [ntdll.dll+0x5a9f8]

VM_Operation (0x000000abea395070): G1CollectForAllocation, mode: safepoint, requested by thread 0x0000020046bd5580


---------------  P R O C E S S  ---------------

Threads class SMR info:
_java_thread_list=0x00000200495f7750, length=36, elements={
0x0000020043e7f1b0, 0x0000020043e7fd60, 0x0000020043e92270, 0x0000020043e94c30,
0x0000020043e955e0, 0x0000020043e95f90, 0x0000020043e98950, 0x0000020044857170,
0x00000200448c10e0, 0x0000020044a231b0, 0x0000020044fadc30, 0x0000020044fc05a0,
0x0000020045104430, 0x00000200461cac70, 0x00000200461ca4a0, 0x00000200461f5430,
0x00000200461f9990, 0x0000020046bd85a0, 0x0000020046bd80d0, 0x0000020046bd5a50,
0x0000020046bd7730, 0x0000020046bd5f20, 0x0000020046bd5580, 0x0000020046bd63f0,
0x0000020046bd68c0, 0x0000020046bd6d90, 0x0000020046bd7c00, 0x0000020046bd7260,
0x0000020049b37c10, 0x0000020049b38a80, 0x0000020049b38f50, 0x0000020049b3a290,
0x0000020049b3b5d0, 0x0000020049b37740, 0x0000020049b3baa0, 0x000002004681f890
}

Java Threads: ( => current thread )
  0x0000020043e7f1b0 JavaThread "Reference Handler" daemon [_thread_blocked, id=7380, stack(0x000000abe7d00000,0x000000abe7e00000)]
  0x0000020043e7fd60 JavaThread "Finalizer" daemon [_thread_blocked, id=17364, stack(0x000000abe7e00000,0x000000abe7f00000)]
  0x0000020043e92270 JavaThread "Signal Dispatcher" daemon [_thread_blocked, id=17780, stack(0x000000abe7f00000,0x000000abe8000000)]
  0x0000020043e94c30 JavaThread "Attach Listener" daemon [_thread_blocked, id=1360, stack(0x000000abe8000000,0x000000abe8100000)]
  0x0000020043e955e0 JavaThread "Service Thread" daemon [_thread_blocked, id=13264, stack(0x000000abe8100000,0x000000abe8200000)]
  0x0000020043e95f90 JavaThread "Monitor Deflation Thread" daemon [_thread_blocked, id=12864, stack(0x000000abe8200000,0x000000abe8300000)]
  0x0000020043e98950 JavaThread "C1 CompilerThread0" daemon [_thread_blocked, id=15412, stack(0x000000abe8300000,0x000000abe8400000)]
  0x0000020044857170 JavaThread "Sweeper thread" daemon [_thread_blocked, id=14244, stack(0x000000abe8400000,0x000000abe8500000)]
  0x00000200448c10e0 JavaThread "Common-Cleaner" daemon [_thread_blocked, id=3172, stack(0x000000abe8500000,0x000000abe8600000)]
  0x0000020044a231b0 JavaThread "Notification Thread" daemon [_thread_blocked, id=16760, stack(0x000000abe8900000,0x000000abe8a00000)]
  0x0000020044fadc30 JavaThread "RMI TCP Accept-0" daemon [_thread_in_native, id=8124, stack(0x000000abe8a00000,0x000000abe8b00000)]
  0x0000020044fc05a0 JavaThread "RMI TCP Accept-64938" daemon [_thread_in_native, id=15916, stack(0x000000abe8b00000,0x000000abe8c00000)]
  0x0000020045104430 JavaThread "RMI TCP Accept-0" daemon [_thread_in_native, id=16824, stack(0x000000abe8c00000,0x000000abe8d00000)]
  0x00000200461cac70 JavaThread "RMI TCP Connection(1)-127.0.0.1" daemon [_thread_in_native, id=16036, stack(0x000000abe9700000,0x000000abe9800000)]
  0x00000200461ca4a0 JavaThread "RMI Scheduler(0)" daemon [_thread_blocked, id=17052, stack(0x000000abe9800000,0x000000abe9900000)]
  0x00000200461f5430 JavaThread "RMI TCP Connection(2)-127.0.0.1" daemon [_thread_in_native, id=16912, stack(0x000000abe9900000,0x000000abe9a00000)]
  0x00000200461f9990 JavaThread "JMX server connection timeout 22" daemon [_thread_blocked, id=6120, stack(0x000000abe9a00000,0x000000abe9b00000)]
  0x0000020046bd85a0 JavaThread "mysql-cj-abandoned-connection-cleanup" daemon [_thread_blocked, id=16644, stack(0x000000abe9b00000,0x000000abe9c00000)]
  0x0000020046bd80d0 JavaThread "HikariPool-1 housekeeper" daemon [_thread_blocked, id=8228, stack(0x000000abe9e00000,0x000000abe9f00000)]
  0x0000020046bd5a50 JavaThread "Catalina-utility-1" [_thread_blocked, id=13632, stack(0x000000abea000000,0x000000abea100000)]
  0x0000020046bd7730 JavaThread "Catalina-utility-2" [_thread_blocked, id=13180, stack(0x000000abea100000,0x000000abea200000)]
  0x0000020046bd5f20 JavaThread "container-0" [_thread_blocked, id=292, stack(0x000000abea200000,0x000000abea300000)]
  0x0000020046bd5580 JavaThread "http-nio-8080-exec-1" daemon [_thread_blocked, id=14388, stack(0x000000abea300000,0x000000abea400000)]
  0x0000020046bd63f0 JavaThread "http-nio-8080-exec-2" daemon [_thread_blocked, id=10840, stack(0x000000abea400000,0x000000abea500000)]
  0x0000020046bd68c0 JavaThread "http-nio-8080-exec-3" daemon [_thread_blocked, id=17276, stack(0x000000abea500000,0x000000abea600000)]
  0x0000020046bd6d90 JavaThread "http-nio-8080-exec-4" daemon [_thread_blocked, id=7652, stack(0x000000abea600000,0x000000abea700000)]
  0x0000020046bd7c00 JavaThread "http-nio-8080-exec-5" daemon [_thread_blocked, id=16636, stack(0x000000abea700000,0x000000abea800000)]
  0x0000020046bd7260 JavaThread "http-nio-8080-exec-6" daemon [_thread_blocked, id=12320, stack(0x000000abea800000,0x000000abea900000)]
  0x0000020049b37c10 JavaThread "http-nio-8080-exec-7" daemon [_thread_blocked, id=12160, stack(0x000000abea900000,0x000000abeaa00000)]
  0x0000020049b38a80 JavaThread "http-nio-8080-exec-8" daemon [_thread_blocked, id=1276, stack(0x000000abeaa00000,0x000000abeab00000)]
  0x0000020049b38f50 JavaThread "http-nio-8080-exec-9" daemon [_thread_blocked, id=3536, stack(0x000000abeab00000,0x000000abeac00000)]
  0x0000020049b3a290 JavaThread "http-nio-8080-exec-10" daemon [_thread_blocked, id=10192, stack(0x000000abeac00000,0x000000abead00000)]
  0x0000020049b3b5d0 JavaThread "http-nio-8080-Poller" daemon [_thread_in_native, id=16552, stack(0x000000abead00000,0x000000abeae00000)]
  0x0000020049b37740 JavaThread "http-nio-8080-Acceptor" daemon [_thread_in_native, id=12724, stack(0x000000abeae00000,0x000000abeaf00000)]
  0x0000020049b3baa0 JavaThread "DestroyJavaVM" [_thread_blocked, id=17480, stack(0x000000abe7600000,0x000000abe7700000)]
  0x000002004681f890 JavaThread "C1 CompilerThread1" daemon [_thread_blocked, id=9636, stack(0x000000abe8600000,0x000000abe8700000)]

Other Threads:
=>0x0000020043e7c6f0 VMThread "VM Thread" [stack: 0x000000abe7c00000,0x000000abe7d00000] [id=5708]
  0x0000020036177e40 WatcherThread [stack: 0x000000abe8d00000,0x000000abe8e00000] [id=8472]
  0x0000020036155420 GCTaskThread "GC Thread#0" [stack: 0x000000abe7700000,0x000000abe7800000] [id=16848]
  0x000002004538e540 GCTaskThread "GC Thread#1" [stack: 0x000000abe8e00000,0x000000abe8f00000] [id=12988]
  0x0000020045354060 GCTaskThread "GC Thread#2" [stack: 0x000000abe8f00000,0x000000abe9000000] [id=3240]
  0x00000200460ecca0 GCTaskThread "GC Thread#3" [stack: 0x000000abe9000000,0x000000abe9100000] [id=14008]
  0x00000200460ed360 GCTaskThread "GC Thread#4" [stack: 0x000000abe9100000,0x000000abe9200000] [id=16408]
  0x00000200460ed610 GCTaskThread "GC Thread#5" [stack: 0x000000abe9200000,0x000000abe9300000] [id=17808]
  0x00000200460ed8c0 GCTaskThread "GC Thread#6" [stack: 0x000000abe9300000,0x000000abe9400000] [id=7336]
  0x00000200460ee590 GCTaskThread "GC Thread#7" [stack: 0x000000abe9400000,0x000000abe9500000] [id=16952]
  0x0000020036165f60 ConcurrentGCThread "G1 Main Marker" [stack: 0x000000abe7800000,0x000000abe7900000] [id=15976]
  0x0000020036167270 ConcurrentGCThread "G1 Conc#0" [stack: 0x000000abe7900000,0x000000abe7a00000] [id=14344]
  0x00000200462a8850 ConcurrentGCThread "G1 Conc#1" [stack: 0x000000abe9c00000,0x000000abe9d00000] [id=15496]
  0x00000200361aeb70 ConcurrentGCThread "G1 Refine#0" [stack: 0x000000abe7a00000,0x000000abe7b00000] [id=5496]
  0x000002004535da10 ConcurrentGCThread "G1 Refine#1" [stack: 0x000000abe9500000,0x000000abe9600000] [id=3720]
  0x0000020044bafaf0 ConcurrentGCThread "G1 Refine#2" [stack: 0x000000abe9600000,0x000000abe9700000] [id=14320]
  0x0000020043ce59e0 ConcurrentGCThread "G1 Service" [stack: 0x000000abe7b00000,0x000000abe7c00000] [id=7524]

Threads with active compile tasks:

VM state: at safepoint (normal execution)

VM Mutex/Monitor currently owned by a thread:  ([mutex/lock_event])
[0x00000200360f34b0] Threads_lock - owner thread: 0x0000020043e7c6f0
[0x00000200360f3540] Heap_lock - owner thread: 0x0000020046bd5580

Heap address: 0x0000000082000000, size: 2016 MB, Compressed Oops mode: 32-bit

CDS archive(s) not mapped
Compressed class space mapped at: 0x0000000100000000-0x0000000140000000, reserved size: 1073741824
Narrow klass base: 0x0000000000000000, Narrow klass shift: 3, Narrow klass range: 0x140000000

GC Precious Log:
 CPUs: 8 total, 8 available
 Memory: 8058M
 Large Page Support: Disabled
 NUMA Support: Disabled
 Compressed Oops: Enabled (32-bit)
 Heap Region Size: 1M
 Heap Min Capacity: 8M
 Heap Initial Capacity: 126M
 Heap Max Capacity: 2016M
 Pre-touch: Disabled
 Parallel Workers: 8
 Concurrent Workers: 2
 Concurrent Refinement Workers: 8
 Periodic GC: Disabled

Heap:
 garbage-first heap   total 206848K, used 124948K [0x0000000082000000, 0x0000000100000000)
  region size 1024K, 7 young (7168K), 7 survivors (7168K)
 Metaspace       used 68970K, committed 69504K, reserved 1114112K
  class space    used 9415K, committed 9664K, reserved 1048576K

Heap Regions: E=young(eden), S=young(survivor), O=old, HS=humongous(starts), HC=humongous(continues), CS=collection set, F=free, OA=open archive, CA=closed archive, TAMS=top-at-mark-start (previous, next)
|   0|0x0000000082000000, 0x0000000082100000, 0x0000000082100000|100%|HS|  |TAMS 0x0000000082100000, 0x0000000082100000| Complete 
|   1|0x0000000082100000, 0x0000000082200000, 0x0000000082200000|100%| O|  |TAMS 0x0000000082200000, 0x0000000082200000| Untracked 
|   2|0x0000000082200000, 0x0000000082300000, 0x0000000082300000|100%| O|  |TAMS 0x0000000082300000, 0x0000000082300000| Untracked 
|   3|0x0000000082300000, 0x0000000082400000, 0x0000000082400000|100%| O|  |TAMS 0x0000000082400000, 0x0000000082400000| Untracked 
|   4|0x0000000082400000, 0x0000000082500000, 0x0000000082500000|100%| O|  |TAMS 0x0000000082500000, 0x0000000082500000| Untracked 
|   5|0x0000000082500000, 0x0000000082600000, 0x0000000082600000|100%| O|  |TAMS 0x0000000082600000, 0x0000000082600000| Untracked 
|   6|0x0000000082600000, 0x0000000082700000, 0x0000000082700000|100%| O|  |TAMS 0x0000000082700000, 0x0000000082700000| Untracked 
|   7|0x0000000082700000, 0x00000000827db000, 0x0000000082800000| 85%| O|  |TAMS 0x00000000827db000, 0x00000000827db000| Untracked 
|   8|0x0000000082800000, 0x0000000082900000, 0x0000000082900000|100%| O|  |TAMS 0x0000000082900000, 0x0000000082900000| Untracked 
|   9|0x0000000082900000, 0x0000000082a00000, 0x0000000082a00000|100%| O|  |TAMS 0x0000000082a00000, 0x0000000082a00000| Untracked 
|  10|0x0000000082a00000, 0x0000000082b00000, 0x0000000082b00000|100%| O|  |TAMS 0x0000000082b00000, 0x0000000082b00000| Untracked 
|  11|0x0000000082b00000, 0x0000000082c00000, 0x0000000082c00000|100%| O|  |TAMS 0x0000000082c00000, 0x0000000082c00000| Untracked 
|  12|0x0000000082c00000, 0x0000000082d00000, 0x0000000082d00000|100%| O|  |TAMS 0x0000000082d00000, 0x0000000082d00000| Untracked 
|  13|0x0000000082d00000, 0x0000000082e00000, 0x0000000082e00000|100%| O|  |TAMS 0x0000000082e00000, 0x0000000082e00000| Untracked 
|  14|0x0000000082e00000, 0x0000000082f00000, 0x0000000082f00000|100%| O|  |TAMS 0x0000000082f00000, 0x0000000082f00000| Untracked 
|  15|0x0000000082f00000, 0x0000000083000000, 0x0000000083000000|100%| O|  |TAMS 0x0000000083000000, 0x0000000083000000| Untracked 
|  16|0x0000000083000000, 0x0000000083100000, 0x0000000083100000|100%| O|  |TAMS 0x0000000083100000, 0x0000000083100000| Untracked 
|  17|0x0000000083100000, 0x0000000083200000, 0x0000000083200000|100%| O|  |TAMS 0x0000000083200000, 0x0000000083200000| Untracked 
|  18|0x0000000083200000, 0x0000000083300000, 0x0000000083300000|100%| O|  |TAMS 0x0000000083300000, 0x0000000083300000| Untracked 
|  19|0x0000000083300000, 0x0000000083400000, 0x0000000083400000|100%| O|  |TAMS 0x0000000083400000, 0x0000000083400000| Untracked 
|  20|0x0000000083400000, 0x0000000083500000, 0x0000000083500000|100%| O|  |TAMS 0x0000000083500000, 0x0000000083500000| Untracked 
|  21|0x0000000083500000, 0x0000000083600000, 0x0000000083600000|100%| O|  |TAMS 0x0000000083600000, 0x0000000083600000| Untracked 
|  22|0x0000000083600000, 0x0000000083700000, 0x0000000083700000|100%| O|  |TAMS 0x0000000083600000, 0x0000000083700000| Untracked 
|  23|0x0000000083700000, 0x0000000083800000, 0x0000000083800000|100%| O|  |TAMS 0x0000000083800000, 0x0000000083800000| Untracked 
|  24|0x0000000083800000, 0x0000000083900000, 0x0000000083900000|100%| O|  |TAMS 0x0000000083900000, 0x0000000083900000| Untracked 
|  25|0x0000000083900000, 0x0000000083a00000, 0x0000000083a00000|100%| O|  |TAMS 0x0000000083a00000, 0x0000000083a00000| Untracked 
|  26|0x0000000083a00000, 0x0000000083b00000, 0x0000000083b00000|100%| O|  |TAMS 0x0000000083b00000, 0x0000000083b00000| Untracked 
|  27|0x0000000083b00000, 0x0000000083c00000, 0x0000000083c00000|100%| O|  |TAMS 0x0000000083c00000, 0x0000000083c00000| Untracked 
|  28|0x0000000083c00000, 0x0000000083d00000, 0x0000000083d00000|100%| O|  |TAMS 0x0000000083d00000, 0x0000000083d00000| Untracked 
|  29|0x0000000083d00000, 0x0000000083e00000, 0x0000000083e00000|100%| O|  |TAMS 0x0000000083e00000, 0x0000000083e00000| Untracked 
|  30|0x0000000083e00000, 0x0000000083f00000, 0x0000000083f00000|100%| O|  |TAMS 0x0000000083f00000, 0x0000000083f00000| Untracked 
|  31|0x0000000083f00000, 0x0000000084000000, 0x0000000084000000|100%| O|  |TAMS 0x0000000084000000, 0x0000000084000000| Untracked 
|  32|0x0000000084000000, 0x0000000084100000, 0x0000000084100000|100%| O|  |TAMS 0x0000000084100000, 0x0000000084100000| Untracked 
|  33|0x0000000084100000, 0x0000000084200000, 0x0000000084200000|100%| O|  |TAMS 0x0000000084200000, 0x0000000084200000| Untracked 
|  34|0x0000000084200000, 0x0000000084300000, 0x0000000084300000|100%| O|  |TAMS 0x0000000084300000, 0x0000000084300000| Untracked 
|  35|0x0000000084300000, 0x0000000084400000, 0x0000000084400000|100%| O|  |TAMS 0x0000000084400000, 0x0000000084400000| Untracked 
|  36|0x0000000084400000, 0x0000000084500000, 0x0000000084500000|100%| O|  |TAMS 0x0000000084500000, 0x0000000084500000| Untracked 
|  37|0x0000000084500000, 0x0000000084600000, 0x0000000084600000|100%| O|  |TAMS 0x0000000084500000, 0x0000000084600000| Untracked 
|  38|0x0000000084600000, 0x0000000084700000, 0x0000000084700000|100%| O|  |TAMS 0x0000000084600000, 0x0000000084700000| Untracked 
|  39|0x0000000084700000, 0x0000000084800000, 0x0000000084800000|100%| O|  |TAMS 0x0000000084700000, 0x0000000084800000| Untracked 
|  40|0x0000000084800000, 0x0000000084900000, 0x0000000084900000|100%| O|  |TAMS 0x0000000084800000, 0x0000000084900000| Untracked 
|  41|0x0000000084900000, 0x0000000084a00000, 0x0000000084a00000|100%| O|  |TAMS 0x0000000084a00000, 0x0000000084a00000| Untracked 
|  42|0x0000000084a00000, 0x0000000084b00000, 0x0000000084b00000|100%| O|  |TAMS 0x0000000084b00000, 0x0000000084b00000| Untracked 
|  43|0x0000000084b00000, 0x0000000084c00000, 0x0000000084c00000|100%| O|  |TAMS 0x0000000084c00000, 0x0000000084c00000| Untracked 
|  44|0x0000000084c00000, 0x0000000084d00000, 0x0000000084d00000|100%| O|  |TAMS 0x0000000084d00000, 0x0000000084d00000| Untracked 
|  45|0x0000000084d00000, 0x0000000084e00000, 0x0000000084e00000|100%| O|  |TAMS 0x0000000084e00000, 0x0000000084e00000| Untracked 
|  46|0x0000000084e00000, 0x0000000084f00000, 0x0000000084f00000|100%| O|  |TAMS 0x0000000084f00000, 0x0000000084f00000| Untracked 
|  47|0x0000000084f00000, 0x0000000085000000, 0x0000000085000000|100%| O|  |TAMS 0x0000000084f00000, 0x0000000085000000| Untracked 
|  48|0x0000000085000000, 0x0000000085100000, 0x0000000085100000|100%| O|  |TAMS 0x0000000085000000, 0x0000000085100000| Untracked 
|  49|0x0000000085100000, 0x0000000085200000, 0x0000000085200000|100%| O|  |TAMS 0x0000000085200000, 0x0000000085200000| Untracked 
|  50|0x0000000085200000, 0x0000000085300000, 0x0000000085300000|100%| O|  |TAMS 0x00000000852f9400, 0x0000000085300000| Untracked 
|  51|0x0000000085300000, 0x0000000085400000, 0x0000000085400000|100%| O|  |TAMS 0x0000000085300000, 0x0000000085400000| Untracked 
|  52|0x0000000085400000, 0x0000000085500000, 0x0000000085500000|100%| O|  |TAMS 0x0000000085400000, 0x0000000085500000| Untracked 
|  53|0x0000000085500000, 0x0000000085600000, 0x0000000085600000|100%| O|  |TAMS 0x0000000085500000, 0x0000000085600000| Untracked 
|  54|0x0000000085600000, 0x0000000085700000, 0x0000000085700000|100%| O|  |TAMS 0x0000000085600000, 0x0000000085700000| Untracked 
|  55|0x0000000085700000, 0x0000000085800000, 0x0000000085800000|100%| O|  |TAMS 0x0000000085700000, 0x0000000085800000| Untracked 
|  56|0x0000000085800000, 0x0000000085900000, 0x0000000085900000|100%| O|  |TAMS 0x0000000085800000, 0x0000000085900000| Untracked 
|  57|0x0000000085900000, 0x0000000085a00000, 0x0000000085a00000|100%| O|  |TAMS 0x0000000085900000, 0x0000000085a00000| Untracked 
|  58|0x0000000085a00000, 0x0000000085b00000, 0x0000000085b00000|100%| O|  |TAMS 0x0000000085a00000, 0x0000000085b00000| Untracked 
|  59|0x0000000085b00000, 0x0000000085c00000, 0x0000000085c00000|100%| O|  |TAMS 0x0000000085b00000, 0x0000000085c00000| Untracked 
|  60|0x0000000085c00000, 0x0000000085d00000, 0x0000000085d00000|100%| O|  |TAMS 0x0000000085c00000, 0x0000000085d00000| Untracked 
|  61|0x0000000085d00000, 0x0000000085e00000, 0x0000000085e00000|100%| O|  |TAMS 0x0000000085d00000, 0x0000000085e00000| Untracked 
|  62|0x0000000085e00000, 0x0000000085f00000, 0x0000000085f00000|100%| O|  |TAMS 0x0000000085e00000, 0x0000000085f00000| Untracked 
|  63|0x0000000085f00000, 0x0000000086000000, 0x0000000086000000|100%| O|  |TAMS 0x0000000085f00000, 0x0000000086000000| Untracked 
|  64|0x0000000086000000, 0x0000000086100000, 0x0000000086100000|100%| O|  |TAMS 0x0000000086000000, 0x0000000086100000| Untracked 
|  65|0x0000000086100000, 0x0000000086200000, 0x0000000086200000|100%| O|  |TAMS 0x0000000086100000, 0x0000000086200000| Untracked 
|  66|0x0000000086200000, 0x0000000086300000, 0x0000000086300000|100%| O|  |TAMS 0x0000000086200000, 0x0000000086300000| Untracked 
|  67|0x0000000086300000, 0x0000000086400000, 0x0000000086400000|100%| O|  |TAMS 0x0000000086300000, 0x0000000086400000| Untracked 
|  68|0x0000000086400000, 0x0000000086500000, 0x0000000086500000|100%| O|  |TAMS 0x0000000086400000, 0x0000000086500000| Untracked 
|  69|0x0000000086500000, 0x0000000086600000, 0x0000000086600000|100%| O|  |TAMS 0x0000000086500000, 0x0000000086600000| Untracked 
|  70|0x0000000086600000, 0x0000000086700000, 0x0000000086700000|100%| O|  |TAMS 0x0000000086600000, 0x0000000086700000| Untracked 
|  71|0x0000000086700000, 0x0000000086800000, 0x0000000086800000|100%| O|  |TAMS 0x0000000086700000, 0x0000000086800000| Untracked 
|  72|0x0000000086800000, 0x0000000086900000, 0x0000000086900000|100%| O|  |TAMS 0x0000000086800000, 0x0000000086900000| Untracked 
|  73|0x0000000086900000, 0x0000000086a00000, 0x0000000086a00000|100%| O|  |TAMS 0x0000000086900000, 0x0000000086a00000| Untracked 
|  74|0x0000000086a00000, 0x0000000086b00000, 0x0000000086b00000|100%| O|  |TAMS 0x0000000086a00000, 0x0000000086b00000| Untracked 
|  75|0x0000000086b00000, 0x0000000086c00000, 0x0000000086c00000|100%| O|  |TAMS 0x0000000086b00000, 0x0000000086c00000| Untracked 
|  76|0x0000000086c00000, 0x0000000086d00000, 0x0000000086d00000|100%| O|  |TAMS 0x0000000086c00000, 0x0000000086d00000| Untracked 
|  77|0x0000000086d00000, 0x0000000086e00000, 0x0000000086e00000|100%| O|  |TAMS 0x0000000086d00000, 0x0000000086e00000| Untracked 
|  78|0x0000000086e00000, 0x0000000086f00000, 0x0000000086f00000|100%| O|  |TAMS 0x0000000086e00000, 0x0000000086f00000| Untracked 
|  79|0x0000000086f00000, 0x0000000087000000, 0x0000000087000000|100%| O|  |TAMS 0x0000000086f00000, 0x0000000087000000| Untracked 
|  80|0x0000000087000000, 0x0000000087100000, 0x0000000087100000|100%| O|  |TAMS 0x0000000087000000, 0x0000000087100000| Untracked 
|  81|0x0000000087100000, 0x0000000087200000, 0x0000000087200000|100%| O|  |TAMS 0x0000000087100000, 0x0000000087200000| Untracked 
|  82|0x0000000087200000, 0x0000000087300000, 0x0000000087300000|100%| O|  |TAMS 0x0000000087200000, 0x0000000087300000| Untracked 
|  83|0x0000000087300000, 0x0000000087400000, 0x0000000087400000|100%| O|  |TAMS 0x0000000087300000, 0x0000000087400000| Untracked 
|  84|0x0000000087400000, 0x0000000087500000, 0x0000000087500000|100%| O|  |TAMS 0x0000000087400000, 0x0000000087500000| Untracked 
|  85|0x0000000087500000, 0x0000000087600000, 0x0000000087600000|100%| O|  |TAMS 0x0000000087500000, 0x0000000087600000| Untracked 
|  86|0x0000000087600000, 0x0000000087700000, 0x0000000087700000|100%| O|  |TAMS 0x0000000087600000, 0x0000000087700000| Untracked 
|  87|0x0000000087700000, 0x0000000087800000, 0x0000000087800000|100%| O|  |TAMS 0x0000000087700000, 0x0000000087800000| Untracked 
|  88|0x0000000087800000, 0x0000000087900000, 0x0000000087900000|100%| O|  |TAMS 0x0000000087800000, 0x0000000087900000| Untracked 
|  89|0x0000000087900000, 0x0000000087a00000, 0x0000000087a00000|100%| O|  |TAMS 0x0000000087900000, 0x0000000087a00000| Untracked 
|  90|0x0000000087a00000, 0x0000000087b00000, 0x0000000087b00000|100%| O|  |TAMS 0x0000000087a00000, 0x0000000087b00000| Untracked 
|  91|0x0000000087b00000, 0x0000000087c00000, 0x0000000087c00000|100%| O|  |TAMS 0x0000000087b00000, 0x0000000087c00000| Untracked 
|  92|0x0000000087c00000, 0x0000000087d00000, 0x0000000087d00000|100%| O|  |TAMS 0x0000000087c00000, 0x0000000087d00000| Untracked 
|  93|0x0000000087d00000, 0x0000000087e00000, 0x0000000087e00000|100%| O|  |TAMS 0x0000000087d00000, 0x0000000087e00000| Untracked 
|  94|0x0000000087e00000, 0x0000000087f00000, 0x0000000087f00000|100%| O|  |TAMS 0x0000000087e00000, 0x0000000087f00000| Untracked 
|  95|0x0000000087f00000, 0x0000000088000000, 0x0000000088000000|100%| O|  |TAMS 0x0000000087f00000, 0x0000000088000000| Untracked 
|  96|0x0000000088000000, 0x0000000088100000, 0x0000000088100000|100%| O|  |TAMS 0x0000000088000000, 0x0000000088100000| Untracked 
|  97|0x0000000088100000, 0x0000000088200000, 0x0000000088200000|100%| O|  |TAMS 0x0000000088100000, 0x0000000088200000| Untracked 
|  98|0x0000000088200000, 0x0000000088300000, 0x0000000088300000|100%| O|  |TAMS 0x0000000088200000, 0x0000000088300000| Untracked 
|  99|0x0000000088300000, 0x0000000088400000, 0x0000000088400000|100%| O|  |TAMS 0x0000000088300000, 0x0000000088400000| Untracked 
| 100|0x0000000088400000, 0x0000000088500000, 0x0000000088500000|100%| O|  |TAMS 0x0000000088400000, 0x0000000088500000| Untracked 
| 101|0x0000000088500000, 0x0000000088600000, 0x0000000088600000|100%| O|  |TAMS 0x0000000088500000, 0x0000000088600000| Untracked 
| 102|0x0000000088600000, 0x0000000088700000, 0x0000000088700000|100%| O|  |TAMS 0x0000000088600000, 0x000000008867ca00| Untracked 
| 103|0x0000000088700000, 0x0000000088800000, 0x0000000088800000|100%| O|  |TAMS 0x0000000088700000, 0x0000000088700000| Untracked 
| 104|0x0000000088800000, 0x0000000088900000, 0x0000000088900000|100%| O|  |TAMS 0x0000000088800000, 0x0000000088800000| Untracked 
| 105|0x0000000088900000, 0x0000000088a00000, 0x0000000088a00000|100%| O|  |TAMS 0x0000000088900000, 0x0000000088900000| Untracked 
| 106|0x0000000088a00000, 0x0000000088b00000, 0x0000000088b00000|100%| O|  |TAMS 0x0000000088a00000, 0x0000000088a00000| Untracked 
| 107|0x0000000088b00000, 0x0000000088c00000, 0x0000000088c00000|100%| O|  |TAMS 0x0000000088b00000, 0x0000000088b00000| Untracked 
| 108|0x0000000088c00000, 0x0000000088d00000, 0x0000000088d00000|100%| O|  |TAMS 0x0000000088c00000, 0x0000000088c00000| Untracked 
| 109|0x0000000088d00000, 0x0000000088e00000, 0x0000000088e00000|100%| O|  |TAMS 0x0000000088d00000, 0x0000000088d00000| Untracked 
| 110|0x0000000088e00000, 0x0000000088f00000, 0x0000000088f00000|100%| O|  |TAMS 0x0000000088e00000, 0x0000000088e00000| Untracked 
| 111|0x0000000088f00000, 0x0000000089000000, 0x0000000089000000|100%| O|  |TAMS 0x0000000088f00000, 0x0000000088f00000| Untracked 
| 112|0x0000000089000000, 0x0000000089100000, 0x0000000089100000|100%| O|  |TAMS 0x0000000089000000, 0x0000000089000000| Untracked 
| 113|0x0000000089100000, 0x0000000089200000, 0x0000000089200000|100%| O|  |TAMS 0x0000000089100000, 0x0000000089100000| Untracked 
| 114|0x0000000089200000, 0x0000000089300000, 0x0000000089300000|100%| O|  |TAMS 0x0000000089200000, 0x0000000089200000| Untracked 
| 115|0x0000000089300000, 0x000000008932a200, 0x0000000089400000| 16%| O|  |TAMS 0x0000000089300000, 0x0000000089300000| Untracked 
| 116|0x0000000089400000, 0x0000000089400000, 0x0000000089500000|  0%| F|  |TAMS 0x0000000089400000, 0x0000000089400000| Untracked 
| 117|0x0000000089500000, 0x0000000089500000, 0x0000000089600000|  0%| F|  |TAMS 0x0000000089500000, 0x0000000089500000| Untracked 
| 118|0x0000000089600000, 0x0000000089600000, 0x0000000089700000|  0%| F|  |TAMS 0x0000000089600000, 0x0000000089600000| Untracked 
| 119|0x0000000089700000, 0x0000000089700000, 0x0000000089800000|  0%| F|  |TAMS 0x0000000089700000, 0x0000000089700000| Untracked 
| 120|0x0000000089800000, 0x0000000089800000, 0x0000000089900000|  0%| F|  |TAMS 0x0000000089800000, 0x0000000089800000| Untracked 
| 121|0x0000000089900000, 0x0000000089900000, 0x0000000089a00000|  0%| F|  |TAMS 0x0000000089900000, 0x0000000089900000| Untracked 
| 122|0x0000000089a00000, 0x0000000089a00000, 0x0000000089b00000|  0%| F|  |TAMS 0x0000000089a00000, 0x0000000089a00000| Untracked 
| 123|0x0000000089b00000, 0x0000000089b00000, 0x0000000089c00000|  0%| F|  |TAMS 0x0000000089b00000, 0x0000000089b00000| Untracked 
| 124|0x0000000089c00000, 0x0000000089c00000, 0x0000000089d00000|  0%| F|  |TAMS 0x0000000089c00000, 0x0000000089c00000| Untracked 
| 125|0x0000000089d00000, 0x0000000089d00000, 0x0000000089e00000|  0%| F|  |TAMS 0x0000000089d00000, 0x0000000089d00000| Untracked 
| 126|0x0000000089e00000, 0x0000000089e00000, 0x0000000089f00000|  0%| F|  |TAMS 0x0000000089e00000, 0x0000000089e00000| Untracked 
| 127|0x0000000089f00000, 0x0000000089f00000, 0x000000008a000000|  0%| F|  |TAMS 0x0000000089f00000, 0x0000000089f00000| Untracked 
| 128|0x000000008a000000, 0x000000008a000000, 0x000000008a100000|  0%| F|  |TAMS 0x000000008a000000, 0x000000008a000000| Untracked 
| 129|0x000000008a100000, 0x000000008a100000, 0x000000008a200000|  0%| F|  |TAMS 0x000000008a100000, 0x000000008a100000| Untracked 
| 130|0x000000008a200000, 0x000000008a200000, 0x000000008a300000|  0%| F|  |TAMS 0x000000008a200000, 0x000000008a200000| Untracked 
| 131|0x000000008a300000, 0x000000008a300000, 0x000000008a400000|  0%| F|  |TAMS 0x000000008a300000, 0x000000008a300000| Untracked 
| 132|0x000000008a400000, 0x000000008a400000, 0x000000008a500000|  0%| F|  |TAMS 0x000000008a400000, 0x000000008a400000| Untracked 
| 133|0x000000008a500000, 0x000000008a500000, 0x000000008a600000|  0%| F|  |TAMS 0x000000008a500000, 0x000000008a500000| Untracked 
| 134|0x000000008a600000, 0x000000008a600000, 0x000000008a700000|  0%| F|  |TAMS 0x000000008a600000, 0x000000008a600000| Untracked 
| 135|0x000000008a700000, 0x000000008a700000, 0x000000008a800000|  0%| F|  |TAMS 0x000000008a700000, 0x000000008a700000| Untracked 
| 136|0x000000008a800000, 0x000000008a800000, 0x000000008a900000|  0%| F|  |TAMS 0x000000008a800000, 0x000000008a800000| Untracked 
| 137|0x000000008a900000, 0x000000008a900000, 0x000000008aa00000|  0%| F|  |TAMS 0x000000008a900000, 0x000000008a900000| Untracked 
| 138|0x000000008aa00000, 0x000000008aa00000, 0x000000008ab00000|  0%| F|  |TAMS 0x000000008aa00000, 0x000000008aa00000| Untracked 
| 139|0x000000008ab00000, 0x000000008ab00000, 0x000000008ac00000|  0%| F|  |TAMS 0x000000008ab00000, 0x000000008ab00000| Untracked 
| 140|0x000000008ac00000, 0x000000008ac00000, 0x000000008ad00000|  0%| F|  |TAMS 0x000000008ac00000, 0x000000008ac00000| Untracked 
| 141|0x000000008ad00000, 0x000000008ad00000, 0x000000008ae00000|  0%| F|  |TAMS 0x000000008ad00000, 0x000000008ad00000| Untracked 
| 142|0x000000008ae00000, 0x000000008ae00000, 0x000000008af00000|  0%| F|  |TAMS 0x000000008ae00000, 0x000000008ae00000| Untracked 
| 143|0x000000008af00000, 0x000000008af00000, 0x000000008b000000|  0%| F|  |TAMS 0x000000008af00000, 0x000000008af00000| Untracked 
| 144|0x000000008b000000, 0x000000008b000000, 0x000000008b100000|  0%| F|  |TAMS 0x000000008b000000, 0x000000008b000000| Untracked 
| 145|0x000000008b100000, 0x000000008b100000, 0x000000008b200000|  0%| F|  |TAMS 0x000000008b100000, 0x000000008b100000| Untracked 
| 146|0x000000008b200000, 0x000000008b200000, 0x000000008b300000|  0%| F|  |TAMS 0x000000008b200000, 0x000000008b200000| Untracked 
| 147|0x000000008b300000, 0x000000008b300000, 0x000000008b400000|  0%| F|  |TAMS 0x000000008b300000, 0x000000008b300000| Untracked 
| 148|0x000000008b400000, 0x000000008b400000, 0x000000008b500000|  0%| F|  |TAMS 0x000000008b400000, 0x000000008b400000| Untracked 
| 149|0x000000008b500000, 0x000000008b500000, 0x000000008b600000|  0%| F|  |TAMS 0x000000008b500000, 0x000000008b500000| Untracked 
| 150|0x000000008b600000, 0x000000008b600000, 0x000000008b700000|  0%| F|  |TAMS 0x000000008b600000, 0x000000008b600000| Untracked 
| 151|0x000000008b700000, 0x000000008b700000, 0x000000008b800000|  0%| F|  |TAMS 0x000000008b700000, 0x000000008b700000| Untracked 
| 152|0x000000008b800000, 0x000000008b800000, 0x000000008b900000|  0%| F|  |TAMS 0x000000008b800000, 0x000000008b800000| Untracked 
| 153|0x000000008b900000, 0x000000008b900000, 0x000000008ba00000|  0%| F|  |TAMS 0x000000008b900000, 0x000000008b900000| Untracked 
| 154|0x000000008ba00000, 0x000000008bb00000, 0x000000008bb00000|100%| S|CS|TAMS 0x000000008ba00000, 0x000000008ba00000| Complete 
| 155|0x000000008bb00000, 0x000000008bc00000, 0x000000008bc00000|100%| S|CS|TAMS 0x000000008bb00000, 0x000000008bb00000| Complete 
| 156|0x000000008bc00000, 0x000000008bd00000, 0x000000008bd00000|100%| S|CS|TAMS 0x000000008bc00000, 0x000000008bc00000| Complete 
| 157|0x000000008bd00000, 0x000000008be00000, 0x000000008be00000|100%| S|CS|TAMS 0x000000008bd00000, 0x000000008bd00000| Complete 
| 158|0x000000008be00000, 0x000000008bf00000, 0x000000008bf00000|100%| S|CS|TAMS 0x000000008be00000, 0x000000008be00000| Complete 
| 159|0x000000008bf00000, 0x000000008c000000, 0x000000008c000000|100%| S|CS|TAMS 0x000000008bf00000, 0x000000008bf00000| Complete 
| 160|0x000000008c000000, 0x000000008c100000, 0x000000008c100000|100%| S|CS|TAMS 0x000000008c000000, 0x000000008c000000| Complete 
| 161|0x000000008c100000, 0x000000008c100000, 0x000000008c200000|  0%| F|  |TAMS 0x000000008c100000, 0x000000008c100000| Untracked 
| 162|0x000000008c200000, 0x000000008c200000, 0x000000008c300000|  0%| F|  |TAMS 0x000000008c200000, 0x000000008c200000| Untracked 
| 163|0x000000008c300000, 0x000000008c300000, 0x000000008c400000|  0%| F|  |TAMS 0x000000008c300000, 0x000000008c300000| Untracked 
| 164|0x000000008c400000, 0x000000008c400000, 0x000000008c500000|  0%| F|  |TAMS 0x000000008c400000, 0x000000008c400000| Untracked 
| 165|0x000000008c500000, 0x000000008c500000, 0x000000008c600000|  0%| F|  |TAMS 0x000000008c500000, 0x000000008c500000| Untracked 
| 166|0x000000008c600000, 0x000000008c600000, 0x000000008c700000|  0%| F|  |TAMS 0x000000008c600000, 0x000000008c600000| Untracked 
| 167|0x000000008c700000, 0x000000008c700000, 0x000000008c800000|  0%| F|  |TAMS 0x000000008c700000, 0x000000008c700000| Untracked 
| 168|0x000000008c800000, 0x000000008c800000, 0x000000008c900000|  0%| F|  |TAMS 0x000000008c800000, 0x000000008c800000| Untracked 
| 169|0x000000008c900000, 0x000000008c900000, 0x000000008ca00000|  0%| F|  |TAMS 0x000000008c900000, 0x000000008c900000| Untracked 
| 170|0x000000008ca00000, 0x000000008ca00000, 0x000000008cb00000|  0%| F|  |TAMS 0x000000008ca00000, 0x000000008ca00000| Untracked 
| 171|0x000000008cb00000, 0x000000008cb00000, 0x000000008cc00000|  0%| F|  |TAMS 0x000000008cb00000, 0x000000008cb00000| Untracked 
| 172|0x000000008cc00000, 0x000000008cc00000, 0x000000008cd00000|  0%| F|  |TAMS 0x000000008cc00000, 0x000000008cc00000| Untracked 
| 173|0x000000008cd00000, 0x000000008cd00000, 0x000000008ce00000|  0%| F|  |TAMS 0x000000008cd00000, 0x000000008cd00000| Untracked 
| 174|0x000000008ce00000, 0x000000008ce00000, 0x000000008cf00000|  0%| F|  |TAMS 0x000000008ce00000, 0x000000008ce00000| Untracked 
| 175|0x000000008cf00000, 0x000000008cf00000, 0x000000008d000000|  0%| F|  |TAMS 0x000000008cf00000, 0x000000008cf00000| Untracked 
| 176|0x000000008d000000, 0x000000008d000000, 0x000000008d100000|  0%| F|  |TAMS 0x000000008d000000, 0x000000008d000000| Untracked 
| 177|0x000000008d100000, 0x000000008d100000, 0x000000008d200000|  0%| F|  |TAMS 0x000000008d100000, 0x000000008d100000| Untracked 
| 178|0x000000008d200000, 0x000000008d200000, 0x000000008d300000|  0%| F|  |TAMS 0x000000008d200000, 0x000000008d200000| Untracked 
| 179|0x000000008d300000, 0x000000008d300000, 0x000000008d400000|  0%| F|  |TAMS 0x000000008d300000, 0x000000008d300000| Untracked 
| 180|0x000000008d400000, 0x000000008d400000, 0x000000008d500000|  0%| F|  |TAMS 0x000000008d400000, 0x000000008d400000| Untracked 
| 181|0x000000008d500000, 0x000000008d500000, 0x000000008d600000|  0%| F|  |TAMS 0x000000008d500000, 0x000000008d500000| Untracked 
| 182|0x000000008d600000, 0x000000008d600000, 0x000000008d700000|  0%| F|  |TAMS 0x000000008d600000, 0x000000008d600000| Untracked 
| 183|0x000000008d700000, 0x000000008d700000, 0x000000008d800000|  0%| F|  |TAMS 0x000000008d700000, 0x000000008d700000| Untracked 
| 184|0x000000008d800000, 0x000000008d800000, 0x000000008d900000|  0%| F|  |TAMS 0x000000008d800000, 0x000000008d800000| Untracked 
| 185|0x000000008d900000, 0x000000008d900000, 0x000000008da00000|  0%| F|  |TAMS 0x000000008d900000, 0x000000008d900000| Untracked 
| 186|0x000000008da00000, 0x000000008da00000, 0x000000008db00000|  0%| F|  |TAMS 0x000000008da00000, 0x000000008da00000| Untracked 
| 187|0x000000008db00000, 0x000000008db00000, 0x000000008dc00000|  0%| F|  |TAMS 0x000000008db00000, 0x000000008db00000| Untracked 
| 188|0x000000008dc00000, 0x000000008dc00000, 0x000000008dd00000|  0%| F|  |TAMS 0x000000008dc00000, 0x000000008dc00000| Untracked 
| 189|0x000000008dd00000, 0x000000008dd00000, 0x000000008de00000|  0%| F|  |TAMS 0x000000008dd00000, 0x000000008dd00000| Untracked 
| 190|0x000000008de00000, 0x000000008de00000, 0x000000008df00000|  0%| F|  |TAMS 0x000000008de00000, 0x000000008de00000| Untracked 
| 191|0x000000008df00000, 0x000000008df00000, 0x000000008e000000|  0%| F|  |TAMS 0x000000008df00000, 0x000000008df00000| Untracked 
| 192|0x000000008e000000, 0x000000008e000000, 0x000000008e100000|  0%| F|  |TAMS 0x000000008e000000, 0x000000008e000000| Untracked 
| 193|0x000000008e100000, 0x000000008e100000, 0x000000008e200000|  0%| F|  |TAMS 0x000000008e100000, 0x000000008e100000| Untracked 
| 194|0x000000008e200000, 0x000000008e200000, 0x000000008e300000|  0%| F|  |TAMS 0x000000008e200000, 0x000000008e200000| Untracked 
| 195|0x000000008e300000, 0x000000008e300000, 0x000000008e400000|  0%| F|  |TAMS 0x000000008e300000, 0x000000008e300000| Untracked 
| 196|0x000000008e400000, 0x000000008e400000, 0x000000008e500000|  0%| F|  |TAMS 0x000000008e400000, 0x000000008e400000| Untracked 
| 197|0x000000008e500000, 0x000000008e500000, 0x000000008e600000|  0%| F|  |TAMS 0x000000008e500000, 0x000000008e500000| Untracked 
| 198|0x000000008e600000, 0x000000008e600000, 0x000000008e700000|  0%| F|  |TAMS 0x000000008e600000, 0x000000008e600000| Untracked 
| 199|0x000000008e700000, 0x000000008e700000, 0x000000008e800000|  0%| F|  |TAMS 0x000000008e700000, 0x000000008e700000| Untracked 
| 200|0x000000008e800000, 0x000000008e800000, 0x000000008e900000|  0%| F|  |TAMS 0x000000008e800000, 0x000000008e800000| Untracked 
| 201|0x000000008e900000, 0x000000008e900000, 0x000000008ea00000|  0%| F|  |TAMS 0x000000008e900000, 0x000000008e900000| Untracked 

Card table byte_map: [0x000002003cca0000,0x000002003d090000] _byte_map_base: 0x000002003c890000

Marking Bits (Prev, Next): (CMBitMap*) 0x0000020036155a30, (CMBitMap*) 0x0000020036155a70
 Prev Bits: [0x000002003d480000, 0x000002003f400000)
 Next Bits: [0x000002003f400000, 0x0000020041380000)

Polling page: 0x00000200358b0000

Metaspace:

Usage:
  Non-class:     58.16 MB used.
      Class:      9.19 MB used.
       Both:     67.35 MB used.

Virtual space:
  Non-class space:       64.00 MB reserved,      58.44 MB ( 91%) committed,  8 nodes.
      Class space:        1.00 GB reserved,       9.44 MB ( <1%) committed,  1 nodes.
             Both:        1.06 GB reserved,      67.88 MB (  6%) committed. 

Chunk freelists:
   Non-Class:  684.00 KB
       Class:  2.54 MB
        Both:  3.21 MB

MaxMetaspaceSize: unlimited
CompressedClassSpaceSize: 1.00 GB
Initial GC threshold: 21.00 MB
Current GC threshold: 113.12 MB
CDS: off
MetaspaceReclaimPolicy: balanced
 - commit_granule_bytes: 65536.
 - commit_granule_words: 8192.
 - virtual_space_node_default_size: 1048576.
 - enlarge_chunks_in_place: 1.
 - new_chunks_are_fully_committed: 0.
 - uncommit_free_chunks: 1.
 - use_allocation_guard: 0.
 - handle_deallocations: 1.


Internal statistics:

num_allocs_failed_limit: 11.
num_arena_births: 600.
num_arena_deaths: 0.
num_vsnodes_births: 9.
num_vsnodes_deaths: 0.
num_space_committed: 1086.
num_space_uncommitted: 0.
num_chunks_returned_to_freelist: 11.
num_chunks_taken_from_freelist: 2823.
num_chunk_merges: 11.
num_chunk_splits: 2020.
num_chunks_enlarged: 1549.
num_purges: 0.
num_inconsistent_stats: 0.

CodeCache: size=49152Kb used=10805Kb max_used=11699Kb free=38346Kb
 bounds [0x00000200397a0000, 0x000002003a310000, 0x000002003c7a0000]
 total_blobs=6415 nmethods=5788 adapters=553
 compilation: enabled
              stopped_count=0, restarted_count=0
 full_count=0

Compilation events (20 events):
Event: 9.459 Thread 0x0000020043e98950 nmethod 5779 0x00000200399ad410 code [0x00000200399ad5c0, 0x00000200399ad788]
Event: 9.459 Thread 0x000002004681f890 nmethod 5776 0x00000200399aca90 code [0x00000200399accc0, 0x00000200399ad138]
Event: 9.459 Thread 0x0000020043e98950 5780       1       com.example.demo.models.CartItem::toString (61 bytes)
Event: 9.459 Thread 0x000002004681f890 5781       1       com.example.demo.models.Produit::toString (85 bytes)
Event: 9.459 Thread 0x0000020043e98950 nmethod 5780 0x00000200399ac090 code [0x00000200399ac2e0, 0x00000200399ac7b8]
Event: 9.459 Thread 0x0000020043e98950 5782       1       com.example.demo.models.SousCategorie$HibernateProxy$Lqp4wPnr::toString (20 bytes)
Event: 9.459 Thread 0x000002004681f890 nmethod 5781 0x00000200399ab510 code [0x00000200399ab7a0, 0x00000200399abd18]
Event: 9.459 Thread 0x000002004681f890 5783       1       com.example.demo.models.SousCategorie::toString (61 bytes)
Event: 9.460 Thread 0x0000020043e98950 nmethod 5782 0x00000200399aaf10 code [0x00000200399ab0c0, 0x00000200399ab338]
Event: 9.460 Thread 0x000002004681f890 nmethod 5783 0x00000200399aa590 code [0x00000200399aa7e0, 0x00000200399aac68]
Event: 9.467 Thread 0x000002004681f890 5784   !   1       jdk.internal.reflect.GeneratedMethodAccessor77::invoke (61 bytes)
Event: 9.468 Thread 0x000002004681f890 nmethod 5784 0x00000200399a9e10 code [0x00000200399aa000, 0x00000200399aa398]
Event: 9.468 Thread 0x000002004681f890 5785   !   1       jdk.internal.reflect.GeneratedMethodAccessor78::invoke (61 bytes)
Event: 9.468 Thread 0x000002004681f890 nmethod 5785 0x00000200399a9610 code [0x00000200399a9800, 0x00000200399a9bb8]
Event: 9.486 Thread 0x0000020043e98950 5787       1       jdk.internal.math.FloatingDecimal$BinaryToASCIIBuffer::developLongDigits (304 bytes)
Event: 9.486 Thread 0x000002004681f890 5786       1       jdk.internal.math.FloatingDecimal::getBinaryToASCIIConverter (163 bytes)
Event: 9.486 Thread 0x000002004681f890 nmethod 5786 0x00000200399a9010 code [0x00000200399a91e0, 0x00000200399a94c8]
Event: 9.486 Thread 0x000002004681f890 5788       1       com.example.demo.models.Categorie$HibernateProxy$xjUXY1cE::toString (20 bytes)
Event: 9.486 Thread 0x0000020043e98950 nmethod 5787 0x00000200399a8510 code [0x00000200399a86e0, 0x00000200399a8cd8]
Event: 9.490 Thread 0x000002004681f890 nmethod 5788 0x00000200399a7f10 code [0x00000200399a80c0, 0x00000200399a8338]

GC Heap History (20 events):
Event: 4.605 GC heap after
{Heap after GC invocations=16 (full 0):
 garbage-first heap   total 138240K, used 25215K [0x0000000082000000, 0x0000000100000000)
  region size 1024K, 3 young (3072K), 3 survivors (3072K)
 Metaspace       used 60020K, committed 60416K, reserved 1105920K
  class space    used 8168K, committed 8384K, reserved 1048576K
}
Event: 5.013 GC heap before
{Heap before GC invocations=17 (full 0):
 garbage-first heap   total 92160K, used 77439K [0x0000000082000000, 0x0000000100000000)
  region size 1024K, 54 young (55296K), 3 survivors (3072K)
 Metaspace       used 62123K, committed 62528K, reserved 1105920K
  class space    used 8508K, committed 8704K, reserved 1048576K
}
Event: 5.018 GC heap after
{Heap after GC invocations=18 (full 0):
 garbage-first heap   total 92160K, used 27176K [0x0000000082000000, 0x0000000100000000)
  region size 1024K, 5 young (5120K), 5 survivors (5120K)
 Metaspace       used 62123K, committed 62528K, reserved 1105920K
  class space    used 8508K, committed 8704K, reserved 1048576K
}
Event: 9.343 GC heap before
{Heap before GC invocations=18 (full 0):
 garbage-first heap   total 92160K, used 71208K [0x0000000082000000, 0x0000000100000000)
  region size 1024K, 48 young (49152K), 5 survivors (5120K)
 Metaspace       used 68518K, committed 68992K, reserved 1114112K
  class space    used 9362K, committed 9600K, reserved 1048576K
}
Event: 9.349 GC heap after
{Heap after GC invocations=19 (full 0):
 garbage-first heap   total 92160K, used 30015K [0x0000000082000000, 0x0000000100000000)
  region size 1024K, 6 young (6144K), 6 survivors (6144K)
 Metaspace       used 68518K, committed 68992K, reserved 1114112K
  class space    used 9362K, committed 9600K, reserved 1048576K
}
Event: 9.392 GC heap before
{Heap before GC invocations=19 (full 0):
 garbage-first heap   total 92160K, used 70975K [0x0000000082000000, 0x0000000100000000)
  region size 1024K, 47 young (48128K), 6 survivors (6144K)
 Metaspace       used 68970K, committed 69504K, reserved 1114112K
  class space    used 9415K, committed 9664K, reserved 1048576K
}
Event: 9.397 GC heap after
{Heap after GC invocations=20 (full 0):
 garbage-first heap   total 92160K, used 41559K [0x0000000082000000, 0x0000000100000000)
  region size 1024K, 6 young (6144K), 6 survivors (6144K)
 Metaspace       used 68970K, committed 69504K, reserved 1114112K
  class space    used 9415K, committed 9664K, reserved 1048576K
}
Event: 9.400 GC heap before
{Heap before GC invocations=20 (full 0):
 garbage-first heap   total 92160K, used 68183K [0x0000000082000000, 0x0000000100000000)
  region size 1024K, 33 young (33792K), 6 survivors (6144K)
 Metaspace       used 68970K, committed 69504K, reserved 1114112K
  class space    used 9415K, committed 9664K, reserved 1048576K
}
Event: 9.403 GC heap after
{Heap after GC invocations=21 (full 0):
 garbage-first heap   total 92160K, used 50038K [0x0000000082000000, 0x0000000100000000)
  region size 1024K, 5 young (5120K), 5 survivors (5120K)
 Metaspace       used 68970K, committed 69504K, reserved 1114112K
  class space    used 9415K, committed 9664K, reserved 1048576K
}
Event: 9.406 GC heap before
{Heap before GC invocations=21 (full 0):
 garbage-first heap   total 92160K, used 69494K [0x0000000082000000, 0x0000000100000000)
  region size 1024K, 25 young (25600K), 5 survivors (5120K)
 Metaspace       used 68970K, committed 69504K, reserved 1114112K
  class space    used 9415K, committed 9664K, reserved 1048576K
}
Event: 9.409 GC heap after
{Heap after GC invocations=22 (full 0):
 garbage-first heap   total 206848K, used 56375K [0x0000000082000000, 0x0000000100000000)
  region size 1024K, 4 young (4096K), 4 survivors (4096K)
 Metaspace       used 68970K, committed 69504K, reserved 1114112K
  class space    used 9415K, committed 9664K, reserved 1048576K
}
Event: 9.471 GC heap before
{Heap before GC invocations=23 (full 0):
 garbage-first heap   total 206848K, used 137271K [0x0000000082000000, 0x0000000100000000)
  region size 1024K, 84 young (86016K), 4 survivors (4096K)
 Metaspace       used 68970K, committed 69504K, reserved 1114112K
  class space    used 9415K, committed 9664K, reserved 1048576K
}
Event: 9.477 GC heap after
{Heap after GC invocations=24 (full 0):
 garbage-first heap   total 206848K, used 79567K [0x0000000082000000, 0x0000000100000000)
  region size 1024K, 11 young (11264K), 11 survivors (11264K)
 Metaspace       used 68970K, committed 69504K, reserved 1114112K
  class space    used 9415K, committed 9664K, reserved 1048576K
}
Event: 9.478 GC heap before
{Heap before GC invocations=24 (full 0):
 garbage-first heap   total 206848K, used 83663K [0x0000000082000000, 0x0000000100000000)
  region size 1024K, 16 young (16384K), 11 survivors (11264K)
 Metaspace       used 68970K, committed 69504K, reserved 1114112K
  class space    used 9415K, committed 9664K, reserved 1048576K
}
Event: 9.480 GC heap after
{Heap after GC invocations=25 (full 0):
 garbage-first heap   total 206848K, used 81218K [0x0000000082000000, 0x0000000100000000)
  region size 1024K, 2 young (2048K), 2 survivors (2048K)
 Metaspace       used 68970K, committed 69504K, reserved 1114112K
  class space    used 9415K, committed 9664K, reserved 1048576K
}
Event: 9.486 GC heap before
{Heap before GC invocations=25 (full 0):
 garbage-first heap   total 206848K, used 140610K [0x0000000082000000, 0x0000000100000000)
  region size 1024K, 61 young (62464K), 2 survivors (2048K)
 Metaspace       used 68970K, committed 69504K, reserved 1114112K
  class space    used 9415K, committed 9664K, reserved 1048576K
}
Event: 9.490 GC heap after
{Heap after GC invocations=26 (full 0):
 garbage-first heap   total 206848K, used 98488K [0x0000000082000000, 0x0000000100000000)
  region size 1024K, 8 young (8192K), 8 survivors (8192K)
 Metaspace       used 68970K, committed 69504K, reserved 1114112K
  class space    used 9415K, committed 9664K, reserved 1048576K
}
Event: 9.495 GC heap before
{Heap before GC invocations=26 (full 0):
 garbage-first heap   total 206848K, used 148664K [0x0000000082000000, 0x0000000100000000)
  region size 1024K, 58 young (59392K), 8 survivors (8192K)
 Metaspace       used 68970K, committed 69504K, reserved 1114112K
  class space    used 9415K, committed 9664K, reserved 1048576K
}
Event: 9.500 GC heap after
{Heap after GC invocations=27 (full 0):
 garbage-first heap   total 206848K, used 112990K [0x0000000082000000, 0x0000000100000000)
  region size 1024K, 8 young (8192K), 8 survivors (8192K)
 Metaspace       used 68970K, committed 69504K, reserved 1114112K
  class space    used 9415K, committed 9664K, reserved 1048576K
}
Event: 9.504 GC heap before
{Heap before GC invocations=27 (full 0):
 garbage-first heap   total 206848K, used 153950K [0x0000000082000000, 0x0000000100000000)
  region size 1024K, 49 young (50176K), 8 survivors (8192K)
 Metaspace       used 68970K, committed 69504K, reserved 1114112K
  class space    used 9415K, committed 9664K, reserved 1048576K
}

Dll operation events (9 events):
Event: 0.010 Loaded shared library C:\Users\lenovo\Downloads\sts-4.17.2.RELEASE\plugins\org.eclipse.justj.openjdk.hotspot.jre.full.win32.x86_64_17.0.6.v20230125-1136\jre\bin\java.dll
Event: 0.196 Loaded shared library C:\Users\lenovo\Downloads\sts-4.17.2.RELEASE\plugins\org.eclipse.justj.openjdk.hotspot.jre.full.win32.x86_64_17.0.6.v20230125-1136\jre\bin\jimage.dll
Event: 0.212 Loaded shared library C:\Users\lenovo\Downloads\sts-4.17.2.RELEASE\plugins\org.eclipse.justj.openjdk.hotspot.jre.full.win32.x86_64_17.0.6.v20230125-1136\jre\bin\net.dll
Event: 0.213 Loaded shared library C:\Users\lenovo\Downloads\sts-4.17.2.RELEASE\plugins\org.eclipse.justj.openjdk.hotspot.jre.full.win32.x86_64_17.0.6.v20230125-1136\jre\bin\nio.dll
Event: 0.218 Loaded shared library C:\Users\lenovo\Downloads\sts-4.17.2.RELEASE\plugins\org.eclipse.justj.openjdk.hotspot.jre.full.win32.x86_64_17.0.6.v20230125-1136\jre\bin\zip.dll
Event: 0.269 Loaded shared library C:\Users\lenovo\Downloads\sts-4.17.2.RELEASE\plugins\org.eclipse.justj.openjdk.hotspot.jre.full.win32.x86_64_17.0.6.v20230125-1136\jre\bin\management.dll
Event: 0.282 Loaded shared library C:\Users\lenovo\Downloads\sts-4.17.2.RELEASE\plugins\org.eclipse.justj.openjdk.hotspot.jre.full.win32.x86_64_17.0.6.v20230125-1136\jre\bin\management_ext.dll
Event: 0.594 Loaded shared library C:\Users\lenovo\Downloads\sts-4.17.2.RELEASE\plugins\org.eclipse.justj.openjdk.hotspot.jre.full.win32.x86_64_17.0.6.v20230125-1136\jre\bin\verify.dll
Event: 2.647 Loaded shared library C:\Users\lenovo\Downloads\sts-4.17.2.RELEASE\plugins\org.eclipse.justj.openjdk.hotspot.jre.full.win32.x86_64_17.0.6.v20230125-1136\jre\bin\sunmscapi.dll

Deoptimization events (12 events):
Event: 1.238 Thread 0x00000200360f87f0 DEOPT PACKING pc=0x0000020039d2f519 sp=0x000000abe76fd090
Event: 1.238 Thread 0x00000200360f87f0 DEOPT UNPACKING pc=0x00000200397f7143 sp=0x000000abe76fc570 mode 3
Event: 1.924 Thread 0x00000200360f87f0 DEOPT PACKING pc=0x0000020039d6a214 sp=0x000000abe76fd580
Event: 1.924 Thread 0x00000200360f87f0 DEOPT UNPACKING pc=0x00000200397f7143 sp=0x000000abe76fcad8 mode 0
Event: 3.245 Thread 0x00000200360f87f0 DEOPT PACKING pc=0x0000020039fde4fd sp=0x000000abe76f5020
Event: 3.245 Thread 0x00000200360f87f0 DEOPT UNPACKING pc=0x00000200397f7143 sp=0x000000abe76f4588 mode 3
Event: 3.388 Thread 0x0000020046bd80d0 DEOPT PACKING pc=0x0000020039cb9f97 sp=0x000000abe9eff070
Event: 3.388 Thread 0x0000020046bd80d0 DEOPT UNPACKING pc=0x00000200397f7143 sp=0x000000abe9efe4c8 mode 3
Event: 4.349 Thread 0x00000200360f87f0 DEOPT PACKING pc=0x0000020039d2a252 sp=0x000000abe76fa660
Event: 4.349 Thread 0x00000200360f87f0 DEOPT UNPACKING pc=0x00000200397f7143 sp=0x000000abe76f9b68 mode 3
Event: 4.650 Thread 0x00000200360f87f0 DEOPT PACKING pc=0x000002003a030e19 sp=0x000000abe76faf50
Event: 4.650 Thread 0x00000200360f87f0 DEOPT UNPACKING pc=0x00000200397f7143 sp=0x000000abe76fa430 mode 3

Classes unloaded (0 events):
No events

Classes redefined (0 events):
No events

Internal exceptions (20 events):
Event: 4.918 Thread 0x00000200360f87f0 Exception <a 'java/lang/reflect/InvocationTargetException'{0x0000000084a04858}> (0x0000000084a04858) 
thrown [s\src\hotspot\share\runtime\reflection.cpp, line 1121]
Event: 4.935 Thread 0x00000200360f87f0 Exception <a 'java/lang/NoSuchMethodError'{0x00000000849704a8}: 'java.lang.Object java.lang.invoke.DirectMethodHandle$Holder.invokeInterface(java.lang.Object, java.lang.Object, java.lang.Object, java.lang.Object)'> (0x00000000849704a8) 
thrown [s\src\hotspot\share\interpreter\linkResolver.cpp, line 759]
Event: 5.045 Thread 0x00000200360f87f0 Exception <a 'java/lang/NoSuchMethodError'{0x0000000087644d70}: 'void java.lang.invoke.DirectMethodHandle$Holder.invokeVirtual(java.lang.Object, java.lang.Object, int)'> (0x0000000087644d70) 
thrown [s\src\hotspot\share\interpreter\linkResolver.cpp, line 759]
Event: 5.046 Thread 0x00000200360f87f0 Exception <a 'java/lang/NoSuchMethodError'{0x000000008765f918}: 'void java.lang.invoke.DirectMethodHandle$Holder.invokeVirtual(java.lang.Object, java.lang.Object, long)'> (0x000000008765f918) 
thrown [s\src\hotspot\share\interpreter\linkResolver.cpp, line 759]
Event: 5.165 Thread 0x00000200360f87f0 Exception <a 'java/lang/IncompatibleClassChangeError'{0x0000000086e6b578}: Found class java.lang.Object, but interface was expected> (0x0000000086e6b578) 
thrown [s\src\hotspot\share\interpreter\linkResolver.cpp, line 826]
Event: 5.169 Thread 0x00000200461f5430 Exception <a 'java/lang/reflect/InvocationTargetException'{0x0000000086d01b90}> (0x0000000086d01b90) 
thrown [s\src\hotspot\share\runtime\reflection.cpp, line 1121]
Event: 5.195 Thread 0x00000200360f87f0 Exception <a 'java/lang/NoSuchMethodError'{0x0000000086cb7190}: 'int java.lang.invoke.DirectMethodHandle$Holder.invokeStaticInit(java.lang.Object, java.lang.Object, java.lang.Object, java.lang.Object)'> (0x0000000086cb7190) 
thrown [s\src\hotspot\share\interpreter\linkResolver.cpp, line 759]
Event: 5.262 Thread 0x00000200360f87f0 Exception <a 'java/lang/ClassNotFoundException'{0x00000000866dbdf8}: java/lang/ObjectCustomizer> (0x00000000866dbdf8) 
thrown [s\src\hotspot\share\classfile\systemDictionary.cpp, line 256]
Event: 5.262 Thread 0x00000200360f87f0 Exception <a 'java/lang/ClassNotFoundException'{0x00000000866e4508}: org/springframework/security/config/annotation/web/configuration/WebSecurityConfigurationCustomizer> (0x00000000866e4508) 
thrown [s\src\hotspot\share\classfile\systemDictionary.cpp, line 256]
Event: 5.263 Thread 0x00000200360f87f0 Exception <a 'java/lang/ClassNotFoundException'{0x00000000866f1a38}: org/springframework/context/annotation/ImportAwareCustomizer> (0x00000000866f1a38) 
thrown [s\src\hotspot\share\classfile\systemDictionary.cpp, line 256]
Event: 5.263 Thread 0x00000200360f87f0 Exception <a 'java/lang/ClassNotFoundException'{0x00000000866f6e88}: org/springframework/beans/factory/AwareCustomizer> (0x00000000866f6e88) 
thrown [s\src\hotspot\share\classfile\systemDictionary.cpp, line 256]
Event: 5.263 Thread 0x00000200360f87f0 Exception <a 'java/lang/ClassNotFoundException'{0x00000000866fb7c8}: org/springframework/beans/factory/BeanClassLoaderAwareCustomizer> (0x00000000866fb7c8) 
thrown [s\src\hotspot\share\classfile\systemDictionary.cpp, line 256]
Event: 5.263 Thread 0x00000200360f87f0 Exception <a 'java/lang/ClassNotFoundException'{0x0000000086500ca8}: org/springframework/beans/factory/AwareCustomizer> (0x0000000086500ca8) 
thrown [s\src\hotspot\share\classfile\systemDictionary.cpp, line 256]
Event: 5.350 Thread 0x00000200360f87f0 Exception <a 'java/lang/ClassNotFoundException'{0x0000000085fb8ba0}: java/lang/ObjectCustomizer> (0x0000000085fb8ba0) 
thrown [s\src\hotspot\share\classfile\systemDictionary.cpp, line 256]
Event: 5.351 Thread 0x00000200360f87f0 Exception <a 'java/lang/ClassNotFoundException'{0x0000000085fc12b0}: org/springframework/security/config/annotation/web/configuration/HttpSecurityConfigurationCustomizer> (0x0000000085fc12b0) 
thrown [s\src\hotspot\share\classfile\systemDictionary.cpp, line 256]
Event: 5.387 Thread 0x00000200360f87f0 Exception <a 'java/lang/NoSuchMethodError'{0x0000000085d91a00}: 'java.lang.Object java.lang.invoke.DirectMethodHandle$Holder.invokeSpecial(java.lang.Object, java.lang.Object, int, java.lang.Object, int, java.lang.Object)'> (0x0000000085d91a00) 
thrown [s\src\hotspot\share\interpreter\linkResolver.cpp, line 759]
Event: 5.388 Thread 0x00000200360f87f0 Exception <a 'java/lang/NoSuchMethodError'{0x0000000085d99800}: 'java.lang.Object java.lang.invoke.DirectMethodHandle$Holder.newInvokeSpecial(java.lang.Object, java.lang.Object, int, java.lang.Object, int)'> (0x0000000085d99800) 
thrown [s\src\hotspot\share\interpreter\linkResolver.cpp, line 759]
Event: 5.388 Thread 0x00000200360f87f0 Exception <a 'java/lang/NoSuchMethodError'{0x0000000085d9d900}: 'java.lang.Object java.lang.invoke.DirectMethodHandle$Holder.invokeSpecial(java.lang.Object, java.lang.Object, java.lang.Object, int, java.lang.Object, int)'> (0x0000000085d9d900) 
thrown [s\src\hotspot\share\interpreter\linkResolver.cpp, line 759]
Event: 5.389 Thread 0x00000200360f87f0 Exception <a 'java/lang/NoSuchMethodError'{0x0000000085da7d10}: 'void java.lang.invoke.DirectMethodHandle$Holder.invokeVirtual(java.lang.Object, java.lang.Object)'> (0x0000000085da7d10) 
thrown [s\src\hotspot\share\interpreter\linkResolver.cpp, line 759]
Event: 9.353 Thread 0x0000020046bd5580 Exception <a 'java/lang/NoSuchMethodError'{0x000000008a623b70}: 'java.lang.Object java.lang.invoke.DirectMethodHandle$Holder.invokeStaticInit(java.lang.Object, java.lang.Object, java.lang.Object, java.lang.Object, java.lang.Object, java.lang.Object)'> (0x000000008a623b70) 
thrown [s\src\hotspot\share\interpreter\linkResolver.cpp, line 759]

VM Operations (20 events):
Event: 9.349 Executing VM operation: G1CollectForAllocation done
Event: 9.392 Executing VM operation: G1CollectForAllocation
Event: 9.397 Executing VM operation: G1CollectForAllocation done
Event: 9.400 Executing VM operation: G1CollectForAllocation
Event: 9.403 Executing VM operation: G1CollectForAllocation done
Event: 9.406 Executing VM operation: G1CollectForAllocation
Event: 9.409 Executing VM operation: G1CollectForAllocation done
Event: 9.435 Executing VM operation: G1Concurrent
Event: 9.439 Executing VM operation: G1Concurrent done
Event: 9.453 Executing VM operation: G1Concurrent
Event: 9.454 Executing VM operation: G1Concurrent done
Event: 9.471 Executing VM operation: G1CollectForAllocation
Event: 9.477 Executing VM operation: G1CollectForAllocation done
Event: 9.478 Executing VM operation: G1CollectForAllocation
Event: 9.480 Executing VM operation: G1CollectForAllocation done
Event: 9.486 Executing VM operation: G1CollectForAllocation
Event: 9.490 Executing VM operation: G1CollectForAllocation done
Event: 9.495 Executing VM operation: G1CollectForAllocation
Event: 9.500 Executing VM operation: G1CollectForAllocation done
Event: 9.504 Executing VM operation: G1CollectForAllocation

Events (20 events):
Event: 9.056 loading class sun/nio/cs/ThreadLocalCoders done
Event: 9.056 loading class sun/nio/cs/ThreadLocalCoders$1
Event: 9.057 loading class sun/nio/cs/ThreadLocalCoders$Cache
Event: 9.057 loading class sun/nio/cs/ThreadLocalCoders$Cache done
Event: 9.057 loading class sun/nio/cs/ThreadLocalCoders$1 done
Event: 9.057 loading class sun/nio/cs/ThreadLocalCoders$2
Event: 9.057 loading class sun/nio/cs/ThreadLocalCoders$2 done
Event: 9.130 loading class java/time/ZoneRegion
Event: 9.130 loading class java/time/ZoneRegion done
Event: 9.130 loading class java/time/zone/ZoneRules
Event: 9.130 loading class java/time/zone/ZoneRules done
Event: 9.130 loading class java/time/zone/ZoneOffsetTransitionRule
Event: 9.131 loading class java/time/zone/ZoneOffsetTransitionRule done
Event: 9.131 loading class java/time/format/DateTimeFormatterBuilder$ZoneTextPrinterParser
Event: 9.131 loading class java/time/format/DateTimeFormatterBuilder$ZoneTextPrinterParser done
Event: 9.131 loading class java/time/format/DateTimeFormatterBuilder$ReducedPrinterParser
Event: 9.132 loading class java/time/format/DateTimeFormatterBuilder$ReducedPrinterParser done
Event: 9.134 Thread 0x000002004681f890 Thread added: 0x000002004681f890
Event: 9.384 loading class jdk/internal/reflect/UnsafeFloatFieldAccessorImpl
Event: 9.384 loading class jdk/internal/reflect/UnsafeFloatFieldAccessorImpl done


Dynamic libraries:
0x00007ff74ce80000 - 0x00007ff74ce8e000 	C:\Users\lenovo\Downloads\sts-4.17.2.RELEASE\plugins\org.eclipse.justj.openjdk.hotspot.jre.full.win32.x86_64_17.0.6.v20230125-1136\jre\bin\javaw.exe
0x00007ff8b0090000 - 0x00007ff8b02a4000 	C:\WINDOWS\SYSTEM32\ntdll.dll
0x00007ff8afdf0000 - 0x00007ff8afeb3000 	C:\WINDOWS\System32\KERNEL32.DLL
0x00007ff8adb00000 - 0x00007ff8ade9c000 	C:\WINDOWS\System32\KERNELBASE.dll
0x00007ff8ad5c0000 - 0x00007ff8ad6d1000 	C:\WINDOWS\System32\ucrtbase.dll
0x00007ff8a5490000 - 0x00007ff8a54a7000 	C:\Users\lenovo\Downloads\sts-4.17.2.RELEASE\plugins\org.eclipse.justj.openjdk.hotspot.jre.full.win32.x86_64_17.0.6.v20230125-1136\jre\bin\jli.dll
0x00007ff8a5630000 - 0x00007ff8a5649000 	C:\Users\lenovo\Downloads\sts-4.17.2.RELEASE\plugins\org.eclipse.justj.openjdk.hotspot.jre.full.win32.x86_64_17.0.6.v20230125-1136\jre\bin\VCRUNTIME140.dll
0x00007ff8adfc0000 - 0x00007ff8ae16d000 	C:\WINDOWS\System32\USER32.dll
0x00007ff8ad6e0000 - 0x00007ff8ad706000 	C:\WINDOWS\System32\win32u.dll
0x00007ff88c070000 - 0x00007ff88c2fe000 	C:\WINDOWS\WinSxS\amd64_microsoft.windows.common-controls_6595b64144ccf1df_6.0.22621.608_none_a9444ca7c10bb01d\COMCTL32.dll
0x00007ff8af800000 - 0x00007ff8af829000 	C:\WINDOWS\System32\GDI32.dll
0x00007ff8afd40000 - 0x00007ff8afde7000 	C:\WINDOWS\System32\msvcrt.dll
0x00007ff8ad940000 - 0x00007ff8ada53000 	C:\WINDOWS\System32\gdi32full.dll
0x00007ff8ada60000 - 0x00007ff8adafa000 	C:\WINDOWS\System32\msvcp_win.dll
0x00007ff8ae790000 - 0x00007ff8ae7c1000 	C:\WINDOWS\System32\IMM32.DLL
0x00007ff8a7230000 - 0x00007ff8a723c000 	C:\Users\lenovo\Downloads\sts-4.17.2.RELEASE\plugins\org.eclipse.justj.openjdk.hotspot.jre.full.win32.x86_64_17.0.6.v20230125-1136\jre\bin\vcruntime140_1.dll
0x00007ff885f10000 - 0x00007ff885fa1000 	C:\Users\lenovo\Downloads\sts-4.17.2.RELEASE\plugins\org.eclipse.justj.openjdk.hotspot.jre.full.win32.x86_64_17.0.6.v20230125-1136\jre\bin\msvcp140.dll
0x00007ff84d660000 - 0x00007ff84e2a7000 	C:\Users\lenovo\Downloads\sts-4.17.2.RELEASE\plugins\org.eclipse.justj.openjdk.hotspot.jre.full.win32.x86_64_17.0.6.v20230125-1136\jre\bin\server\jvm.dll
0x00007ff8af630000 - 0x00007ff8af6de000 	C:\WINDOWS\System32\ADVAPI32.dll
0x00007ff8af830000 - 0x00007ff8af8d4000 	C:\WINDOWS\System32\sechost.dll
0x00007ff8adea0000 - 0x00007ff8adfb5000 	C:\WINDOWS\System32\RPCRT4.dll
0x00007ff8a8ec0000 - 0x00007ff8a8ec9000 	C:\WINDOWS\SYSTEM32\WSOCK32.dll
0x00007ff8a24c0000 - 0x00007ff8a24ca000 	C:\WINDOWS\SYSTEM32\VERSION.dll
0x00007ff8a6320000 - 0x00007ff8a6354000 	C:\WINDOWS\SYSTEM32\WINMM.dll
0x00007ff8aff70000 - 0x00007ff8affe1000 	C:\WINDOWS\System32\WS2_32.dll
0x00007ff8ac5d0000 - 0x00007ff8ac5e8000 	C:\WINDOWS\SYSTEM32\kernel.appcore.dll
0x00007ff8a8460000 - 0x00007ff8a846a000 	C:\Users\lenovo\Downloads\sts-4.17.2.RELEASE\plugins\org.eclipse.justj.openjdk.hotspot.jre.full.win32.x86_64_17.0.6.v20230125-1136\jre\bin\jimage.dll
0x00007ff8aafa0000 - 0x00007ff8ab1ce000 	C:\WINDOWS\SYSTEM32\DBGHELP.DLL
0x00007ff8af9b0000 - 0x00007ff8afd39000 	C:\WINDOWS\System32\combase.dll
0x00007ff8ae8d0000 - 0x00007ff8ae9a7000 	C:\WINDOWS\System32\OLEAUT32.dll
0x00007ff89c2c0000 - 0x00007ff89c2f2000 	C:\WINDOWS\SYSTEM32\dbgcore.DLL
0x00007ff8ad4d0000 - 0x00007ff8ad54b000 	C:\WINDOWS\System32\bcryptPrimitives.dll
0x00007ff8a73f0000 - 0x00007ff8a7415000 	C:\Users\lenovo\Downloads\sts-4.17.2.RELEASE\plugins\org.eclipse.justj.openjdk.hotspot.jre.full.win32.x86_64_17.0.6.v20230125-1136\jre\bin\java.dll
0x00007ff8a73d0000 - 0x00007ff8a73e8000 	C:\Users\lenovo\Downloads\sts-4.17.2.RELEASE\plugins\org.eclipse.justj.openjdk.hotspot.jre.full.win32.x86_64_17.0.6.v20230125-1136\jre\bin\zip.dll
0x00007ff8ae9b0000 - 0x00007ff8af1a0000 	C:\WINDOWS\System32\SHELL32.dll
0x00007ff8ab4a0000 - 0x00007ff8abd6e000 	C:\WINDOWS\SYSTEM32\windows.storage.dll
0x00007ff8ab360000 - 0x00007ff8ab49e000 	C:\WINDOWS\SYSTEM32\wintypes.dll
0x00007ff8af450000 - 0x00007ff8af541000 	C:\WINDOWS\System32\SHCORE.dll
0x00007ff8af580000 - 0x00007ff8af5de000 	C:\WINDOWS\System32\shlwapi.dll
0x00007ff8ad400000 - 0x00007ff8ad421000 	C:\WINDOWS\SYSTEM32\profapi.dll
0x00007ff8a7380000 - 0x00007ff8a7399000 	C:\Users\lenovo\Downloads\sts-4.17.2.RELEASE\plugins\org.eclipse.justj.openjdk.hotspot.jre.full.win32.x86_64_17.0.6.v20230125-1136\jre\bin\net.dll
0x00007ff8a61a0000 - 0x00007ff8a62cf000 	C:\WINDOWS\SYSTEM32\WINHTTP.dll
0x00007ff8aca30000 - 0x00007ff8aca99000 	C:\WINDOWS\system32\mswsock.dll
0x00007ff8a7360000 - 0x00007ff8a7375000 	C:\Users\lenovo\Downloads\sts-4.17.2.RELEASE\plugins\org.eclipse.justj.openjdk.hotspot.jre.full.win32.x86_64_17.0.6.v20230125-1136\jre\bin\nio.dll
0x00007ff8a74b0000 - 0x00007ff8a74b9000 	C:\Users\lenovo\Downloads\sts-4.17.2.RELEASE\plugins\org.eclipse.justj.openjdk.hotspot.jre.full.win32.x86_64_17.0.6.v20230125-1136\jre\bin\management.dll
0x00007ff8a74a0000 - 0x00007ff8a74ab000 	C:\Users\lenovo\Downloads\sts-4.17.2.RELEASE\plugins\org.eclipse.justj.openjdk.hotspot.jre.full.win32.x86_64_17.0.6.v20230125-1136\jre\bin\management_ext.dll
0x00007ff8afec0000 - 0x00007ff8afec8000 	C:\WINDOWS\System32\PSAPI.DLL
0x00007ff86efc0000 - 0x00007ff86efd7000 	C:\WINDOWS\system32\napinsp.dll
0x00007ff86efa0000 - 0x00007ff86efbb000 	C:\WINDOWS\system32\pnrpnsp.dll
0x00007ff8ac0a0000 - 0x00007ff8ac193000 	C:\WINDOWS\SYSTEM32\DNSAPI.dll
0x00007ff8ac030000 - 0x00007ff8ac05d000 	C:\WINDOWS\SYSTEM32\IPHLPAPI.DLL
0x00007ff8af570000 - 0x00007ff8af579000 	C:\WINDOWS\System32\NSI.dll
0x00007ff86ef80000 - 0x00007ff86ef91000 	C:\WINDOWS\System32\winrnr.dll
0x00007ff8a5fd0000 - 0x00007ff8a5fe5000 	C:\WINDOWS\system32\wshbth.dll
0x00007ff86ef50000 - 0x00007ff86ef71000 	C:\WINDOWS\system32\nlansp_c.dll
0x00007ff8a3850000 - 0x00007ff8a385a000 	C:\Windows\System32\rasadhlp.dll
0x00007ff8a4830000 - 0x00007ff8a48b3000 	C:\WINDOWS\System32\fwpuclnt.dll
0x00007ff8acd50000 - 0x00007ff8acd6b000 	C:\WINDOWS\SYSTEM32\CRYPTSP.dll
0x00007ff8ac540000 - 0x00007ff8ac575000 	C:\WINDOWS\system32\rsaenh.dll
0x00007ff8acad0000 - 0x00007ff8acaf8000 	C:\WINDOWS\SYSTEM32\USERENV.dll
0x00007ff8ace80000 - 0x00007ff8acea8000 	C:\WINDOWS\SYSTEM32\bcrypt.dll
0x00007ff8acd30000 - 0x00007ff8acd3c000 	C:\WINDOWS\SYSTEM32\CRYPTBASE.dll
0x00007ff8a5fb0000 - 0x00007ff8a5fc9000 	C:\WINDOWS\SYSTEM32\dhcpcsvc6.DLL
0x00007ff8a5f90000 - 0x00007ff8a5faf000 	C:\WINDOWS\SYSTEM32\dhcpcsvc.DLL
0x00007ff8a8450000 - 0x00007ff8a8460000 	C:\Users\lenovo\Downloads\sts-4.17.2.RELEASE\plugins\org.eclipse.justj.openjdk.hotspot.jre.full.win32.x86_64_17.0.6.v20230125-1136\jre\bin\verify.dll
0x00007ff8a7680000 - 0x00007ff8a768e000 	C:\Users\lenovo\Downloads\sts-4.17.2.RELEASE\plugins\org.eclipse.justj.openjdk.hotspot.jre.full.win32.x86_64_17.0.6.v20230125-1136\jre\bin\sunmscapi.dll
0x00007ff8ad7d0000 - 0x00007ff8ad936000 	C:\WINDOWS\System32\CRYPT32.dll
0x00007ff8ace50000 - 0x00007ff8ace7d000 	C:\WINDOWS\SYSTEM32\ncrypt.dll
0x00007ff8ace10000 - 0x00007ff8ace47000 	C:\WINDOWS\SYSTEM32\NTASN1.dll
0x00007ff8a9c20000 - 0x00007ff8a9c28000 	C:\WINDOWS\system32\wshunix.dll

dbghelp: loaded successfully - version: 4.0.5 - missing functions: none
symbol engine: initialized successfully - sym options: 0x614 - pdb path: .;C:\Users\lenovo\Downloads\sts-4.17.2.RELEASE\plugins\org.eclipse.justj.openjdk.hotspot.jre.full.win32.x86_64_17.0.6.v20230125-1136\jre\bin;C:\WINDOWS\SYSTEM32;C:\WINDOWS\WinSxS\amd64_microsoft.windows.common-controls_6595b64144ccf1df_6.0.22621.608_none_a9444ca7c10bb01d;C:\Users\lenovo\Downloads\sts-4.17.2.RELEASE\plugins\org.eclipse.justj.openjdk.hotspot.jre.full.win32.x86_64_17.0.6.v20230125-1136\jre\bin\server

VM Arguments:
jvm_args: -Dcom.sun.management.jmxremote -Dcom.sun.management.jmxremote.port=64938 -Dcom.sun.management.jmxremote.authenticate=false -Dcom.sun.management.jmxremote.ssl=false -Djava.rmi.server.hostname=localhost -Dspring.jmx.enabled=true -Dmanagement.endpoints.jmx.exposure.include=* -Dspring.application.admin.enabled=true -XX:TieredStopAtLevel=1 -Dspring.boot.project.name=pfeBRK -Dfile.encoding=UTF-8 -XX:+ShowCodeDetailsInExceptionMessages 
java_command: com.example.demo.SpringBootLoginExampleApplication --spring.output.ansi.enabled=always
java_class_path (initial): C:\Users\lenovo\Downloads\spring-boot-login-example-master\target\classes;C:\Users\lenovo\.m2\repository\org\springframework\boot\spring-boot-starter-data-jpa\2.7.3\spring-boot-starter-data-jpa-2.7.3.jar;C:\Users\lenovo\.m2\repository\org\springframework\boot\spring-boot-starter-aop\2.7.3\spring-boot-starter-aop-2.7.3.jar;C:\Users\lenovo\.m2\repository\org\aspectj\aspectjweaver\1.9.7\aspectjweaver-1.9.7.jar;C:\Users\lenovo\.m2\repository\org\springframework\boot\spring-boot-starter-jdbc\2.7.3\spring-boot-starter-jdbc-2.7.3.jar;C:\Users\lenovo\.m2\repository\com\zaxxer\HikariCP\4.0.3\HikariCP-4.0.3.jar;C:\Users\lenovo\.m2\repository\org\springframework\spring-jdbc\5.3.22\spring-jdbc-5.3.22.jar;C:\Users\lenovo\.m2\repository\jakarta\transaction\jakarta.transaction-api\1.3.3\jakarta.transaction-api-1.3.3.jar;C:\Users\lenovo\.m2\repository\jakarta\persistence\jakarta.persistence-api\2.2.3\jakarta.persistence-api-2.2.3.jar;C:\Users\lenovo\.m2\repository\org\hibernate\hibernate-core\5.6.10.Final\hibernate-core-5.6.10.Final.jar;C:\Users\lenovo\.m2\repository\org\jboss\logging\jboss-logging\3.4.3.Final\jboss-logging-3.4.3.Final.jar;C:\Users\lenovo\.m2\repository\net\bytebuddy\byte-buddy\1.12.13\byte-buddy-1.12.13.jar;C:\Users\lenovo\.m2\repository\antlr\antlr\2.7.7\antlr-2.7.7.jar;C:\Users\lenovo\.m2\repository\org\jboss\jandex\2.4.2.Final\jandex-2.4.2.Final.jar;C:\Users\lenovo\.m2\repository\com\fasterxml\classmate\1.5.1\classmate-1.5.1.jar;C:\Users\lenovo\.m2\repository\org\hibernate\common\hibernate-commons-annotations\5.1.2.Final\hibernate-commons-annotations-5.1.2.Final.jar;C:\Users\lenovo\.m2\repository\org\glassfish\jaxb\jaxb-runtime\2.3.6\jaxb-runtime-2.3.6.jar;C:\Users\lenovo\.m2\repository\org\glassfish\jaxb\txw2\2.3.6\txw2-2.3.6.jar;C:\Users\lenovo\.m2\repository\com\sun\istack\istack-commons-runtime\3.0.12\istack-commons-runtime-3.0.12.jar;C:\Users\lenovo\.m2\repository\com\sun\activation\jakarta.activation\1.2.2\jakarta.activation-1
Launcher Type: SUN_STANDARD

[Global flags]
     intx CICompilerCount                          = 4                                         {product} {ergonomic}
     uint ConcGCThreads                            = 2                                         {product} {ergonomic}
     uint G1ConcRefinementThreads                  = 8                                         {product} {ergonomic}
   size_t G1HeapRegionSize                         = 1048576                                   {product} {ergonomic}
    uintx GCDrainStackTargetSize                   = 64                                        {product} {ergonomic}
   size_t InitialHeapSize                          = 132120576                                 {product} {ergonomic}
     bool ManagementServer                         = true                                      {product} {command line}
   size_t MarkStackSize                            = 4194304                                   {product} {ergonomic}
   size_t MaxHeapSize                              = 2113929216                                {product} {ergonomic}
   size_t MaxNewSize                               = 1267728384                                {product} {ergonomic}
   size_t MinHeapDeltaBytes                        = 1048576                                   {product} {ergonomic}
   size_t MinHeapSize                              = 8388608                                   {product} {ergonomic}
    uintx NonProfiledCodeHeapSize                  = 0                                      {pd product} {ergonomic}
     bool ProfileInterpreter                       = false                                  {pd product} {command line}
    uintx ProfiledCodeHeapSize                     = 0                                      {pd product} {ergonomic}
     bool ShowCodeDetailsInExceptionMessages       = true                                   {manageable} {command line}
   size_t SoftMaxHeapSize                          = 2113929216                             {manageable} {ergonomic}
     intx TieredStopAtLevel                        = 1                                         {product} {command line}
     bool UseCompressedClassPointers               = true                           {product lp64_product} {ergonomic}
     bool UseCompressedOops                        = true                           {product lp64_product} {ergonomic}
     bool UseG1GC                                  = true                                      {product} {ergonomic}
     bool UseLargePagesIndividualAllocation        = false                                  {pd product} {ergonomic}

Logging:
Log output configuration:
 #0: stdout all=warning uptime,level,tags
 #1: stderr all=off uptime,level,tags

Environment Variables:
PATH=C:/Users/lenovo/Downloads/sts-4.17.2.RELEASE//plugins/org.eclipse.justj.openjdk.hotspot.jre.full.win32.x86_64_17.0.6.v20230125-1136/jre/bin/server;C:/Users/lenovo/Downloads/sts-4.17.2.RELEASE//plugins/org.eclipse.justj.openjdk.hotspot.jre.full.win32.x86_64_17.0.6.v20230125-1136/jre/bin;C:\Program Files\Common Files\Oracle\Java\javapath;C:\WINDOWS\system32;C:\WINDOWS;C:\WINDOWS\System32\Wbem;C:\WINDOWS\System32\WindowsPowerShell\v1.0\;C:\WINDOWS\System32\OpenSSH\;C:\Program Files\swipl\bin;C:\xampp\php;C:\laragon\bin\php\php-8.1.4-Win32-vs16-x64;C:\ProgramData\ComposerSetup\bin;C:\Program Files\dotnet\;C:\laragon\;C:\Users\lenovo\AppData\Roaming\Microsoft\Windows\Start Menu\Programs\Python 3.9;C:\Program Files\Git\cmd;C:\Program Files\NVIDIA Corporation\NVIDIA NvDLISR;C:\WINDOWS\system32;C:\WINDOWS;C:\WINDOWS\System32\Wbem;C:\WINDOWS\System32\WindowsPowerShell\v1.0\;C:\WINDOWS\System32\OpenSSH\;C:\Program Files (x86)\Microsoft SQL Server\150\Tools\Binn\;C:\Program Files\Microsoft SQL Server\150\Tools\Binn\;C:\Program Files (x86)\Microsoft SQL Server\150\DTS\Binn\;C:\Program Files\Microsoft SQL Server\150\DTS\Binn\;C:\Program Files\Microsoft SQL Server\Client SDK\ODBC\170\Tools\Binn\;C:\Program Files\Azure Data Studio\bin;C:\Program Files (x86)\Microsoft SQL Server\110\DTS\Binn\;C:\Program Files (x86)\Microsoft SQL Server\120\DTS\Binn\;C:\Program Files (x86)\Microsoft SQL Server\130\DTS\Binn\;C:\Program Files (x86)\Microsoft SQL Server\140\DTS\Binn\;C:\Program Files (x86)\Microsoft SQL Server\160\DTS\Binn\;C:\Program Files (x86)\NVIDIA Corporation\PhysX\Common;C:\Program Files\Java\jdk-17\bin;C:\Users\lenovo\AppData\Local\Programs\Python\Python37\Scripts\;C:\Users\lenovo\AppData\Local\Programs\Python\Python37\;C:\laragon\bin;C:\laragon\bin\apache\httpd-2.4.47-win64-VS16\bin;C:\laragon\bin\composer;C:\laragon\bin\git\bin;C:\laragon\bin\git\cmd;C:\laragon\bin\git\mingw64\bin;C:\laragon\bin\git\usr\bin;C:\laragon\bin\laragon\utils;C:\laragon\bin\mysql\mysql-5.7.33-winx
USERNAME=lenovo
OS=Windows_NT
PROCESSOR_IDENTIFIER=Intel64 Family 6 Model 142 Stepping 10, GenuineIntel
TMP=C:\Users\lenovo\AppData\Local\Temp
TEMP=C:\Users\lenovo\AppData\Local\Temp



---------------  S Y S T E M  ---------------

OS:
 Windows 11 , 64 bit Build 22621 (10.0.22621.1344)
OS uptime: 2 days 0:12 hours
Hyper-V role detected

CPU: total 8 (initial active 8) (4 cores per cpu, 2 threads per core) family 6 model 142 stepping 10 microcode 0xe0, cx8, cmov, fxsr, ht, mmx, 3dnowpref, sse, sse2, sse3, ssse3, sse4.1, sse4.2, popcnt, lzcnt, tsc, tscinvbit, avx, avx2, aes, erms, clmul, bmi1, bmi2, adx, fma, vzeroupper, clflush, clflushopt, hv

Memory: 4k page, system-wide physical 8058M (711M free)
TotalPageFile size 11058M (AvailPageFile size 352M)
current process WorkingSet (physical memory assigned to process): 348M, peak: 348M
current process commit charge ("private bytes"): 383M, peak: 787M

vm_info: OpenJDK 64-Bit Server VM (17.0.6+10) for windows-amd64 JRE (17.0.6+10), built on Jan 18 2023 10:08:59 by "temurin" with MS VC++ 16.7 (VS2019)

END.
