#
# There is insufficient memory for the Java Runtime Environment to continue.
# Native memory allocation (mmap) failed to map 198180864 bytes for G1 virtual space
# Possible reasons:
#   The system is out of physical RAM or swap space
#   The process is running with CompressedOops enabled, and the Java Heap may be blocking the growth of the native heap
# Possible solutions:
#   Reduce memory load on the system
#   Increase physical memory or swap space
#   Check if swap backing store is full
#   Decrease Java heap size (-Xmx/-Xms)
#   Decrease number of Java threads
#   Decrease Java thread stack sizes (-Xss)
#   Set larger code cache with -XX:ReservedCodeCacheSize=
#   JVM is running with Unscaled Compressed Oops mode in which the Java heap is
#     placed in the first 4GB address space. The Java Heap base address is the
#     maximum limit for the native heap growth. Please use -XX:HeapBaseMinAddress
#     to set the Java Heap base and to place the Java Heap above 4GB virtual address.
# This output file may be truncated or incomplete.
#
#  Out of Memory Error (os_windows.cpp:3557), pid=17308, tid=16496
#
# JRE version: OpenJDK Runtime Environment Temurin-17.0.6+10 (17.0.6+10) (build 17.0.6+10)
# Java VM: OpenJDK 64-Bit Server VM Temurin-17.0.6+10 (17.0.6+10, mixed mode, emulated-client, tiered, compressed oops, compressed class ptrs, g1 gc, windows-amd64)
# No core dump will be written. Minidumps are not enabled by default on client versions of Windows
#

---------------  S U M M A R Y ------------

Command Line: -Dcom.sun.management.jmxremote -Dcom.sun.management.jmxremote.port=64995 -Dcom.sun.management.jmxremote.authenticate=false -Dcom.sun.management.jmxremote.ssl=false -Djava.rmi.server.hostname=localhost -Dspring.jmx.enabled=true -Dmanagement.endpoints.jmx.exposure.include=* -Dspring.application.admin.enabled=true -XX:TieredStopAtLevel=1 -Dspring.boot.project.name=pfeBRK -Dfile.encoding=UTF-8 -XX:+ShowCodeDetailsInExceptionMessages com.example.demo.SpringBootLoginExampleApplication --spring.output.ansi.enabled=always

Host: Intel(R) Core(TM) i5-8250U CPU @ 1.60GHz, 8 cores, 7G,  Windows 11 , 64 bit Build 22621 (10.0.22621.1344)
Time: Sun Mar 26 01:08:20 2023 Paris, Madrid elapsed time: 40.732434 seconds (0d 0h 0m 40s)

---------------  T H R E A D  ---------------

Current thread (0x0000026e9d83ea60):  VMThread "VM Thread" [stack: 0x000000af85100000,0x000000af85200000] [id=16496]

Stack: [0x000000af85100000,0x000000af85200000]
Native frames: (J=compiled Java code, j=interpreted, Vv=VM code, C=native code)
V  [jvm.dll+0x67741a]
V  [jvm.dll+0x834434]
V  [jvm.dll+0x835bde]
V  [jvm.dll+0x836243]
V  [jvm.dll+0x2457b5]
V  [jvm.dll+0x674329]
V  [jvm.dll+0x6689da]
V  [jvm.dll+0x30489b]
V  [jvm.dll+0x30bd96]
V  [jvm.dll+0x35b57e]
V  [jvm.dll+0x35b7af]
V  [jvm.dll+0x2db778]
V  [jvm.dll+0x2d9a2c]
V  [jvm.dll+0x2d8ffc]
V  [jvm.dll+0x31cdcb]
V  [jvm.dll+0x83a6eb]
V  [jvm.dll+0x83b424]
V  [jvm.dll+0x83b93c]
V  [jvm.dll+0x83bd14]
V  [jvm.dll+0x83bde0]
V  [jvm.dll+0x7e483a]
V  [jvm.dll+0x6762c5]
C  [ucrtbase.dll+0x29363]
C  [KERNEL32.DLL+0x126bd]
C  [ntdll.dll+0x5a9f8]

VM_Operation (0x000000af878ceed0): G1CollectForAllocation, mode: safepoint, requested by thread 0x0000026ea290ce00


---------------  P R O C E S S  ---------------

Threads class SMR info:
_java_thread_list=0x0000026e9dfb0550, length=36, elements={
0x0000026e9d853270, 0x0000026e9d8540a0, 0x0000026e9d8251c0, 0x0000026e9d87a020,
0x0000026e9d87a8e0, 0x0000026e9d8875d0, 0x0000026e9d88b530, 0x0000026e9d88cf30,
0x0000026e9d90e270, 0x0000026e9da624b0, 0x0000026e9e259570, 0x0000026e9e277000,
0x0000026e9e27b4e0, 0x0000026e9e2a08b0, 0x0000026e9e2cc860, 0x0000026e9e2cf060,
0x0000026e8f25d5b0, 0x0000026e9fda5050, 0x0000026e9fda46b0, 0x0000026e9fda4b80,
0x0000026e9fda59f0, 0x0000026ea290c930, 0x0000026ea290ce00, 0x0000026ea290a780,
0x0000026ea290b120, 0x0000026ea290dc70, 0x0000026ea2906420, 0x0000026ea290bac0,
0x0000026ea29085d0, 0x0000026ea2908aa0, 0x0000026ea290d2d0, 0x0000026ea29068f0,
0x0000026ea290a2b0, 0x0000026ea2909910, 0x0000026ea2908f70, 0x0000026e9d9d5ed0
}

Java Threads: ( => current thread )
  0x0000026e9d853270 JavaThread "Reference Handler" daemon [_thread_blocked, id=17824, stack(0x000000af85200000,0x000000af85300000)]
  0x0000026e9d8540a0 JavaThread "Finalizer" daemon [_thread_blocked, id=14996, stack(0x000000af85300000,0x000000af85400000)]
  0x0000026e9d8251c0 JavaThread "Signal Dispatcher" daemon [_thread_blocked, id=14448, stack(0x000000af85400000,0x000000af85500000)]
  0x0000026e9d87a020 JavaThread "Attach Listener" daemon [_thread_blocked, id=3192, stack(0x000000af85500000,0x000000af85600000)]
  0x0000026e9d87a8e0 JavaThread "Service Thread" daemon [_thread_blocked, id=17384, stack(0x000000af85600000,0x000000af85700000)]
  0x0000026e9d8875d0 JavaThread "Monitor Deflation Thread" daemon [_thread_blocked, id=8420, stack(0x000000af85700000,0x000000af85800000)]
  0x0000026e9d88b530 JavaThread "C1 CompilerThread0" daemon [_thread_blocked, id=15208, stack(0x000000af85800000,0x000000af85900000)]
  0x0000026e9d88cf30 JavaThread "Sweeper thread" daemon [_thread_blocked, id=12488, stack(0x000000af85900000,0x000000af85a00000)]
  0x0000026e9d90e270 JavaThread "Common-Cleaner" daemon [_thread_blocked, id=13716, stack(0x000000af85a00000,0x000000af85b00000)]
  0x0000026e9da624b0 JavaThread "Notification Thread" daemon [_thread_blocked, id=15932, stack(0x000000af85c00000,0x000000af85d00000)]
  0x0000026e9e259570 JavaThread "RMI TCP Accept-0" daemon [_thread_in_native, id=2324, stack(0x000000af85f00000,0x000000af86000000)]
  0x0000026e9e277000 JavaThread "RMI TCP Accept-64995" daemon [_thread_in_native, id=17468, stack(0x000000af86000000,0x000000af86100000)]
  0x0000026e9e27b4e0 JavaThread "RMI TCP Connection(idle)" daemon [_thread_blocked, id=11312, stack(0x000000af86100000,0x000000af86200000)]
  0x0000026e9e2a08b0 JavaThread "RMI Scheduler(0)" daemon [_thread_blocked, id=3056, stack(0x000000af86200000,0x000000af86300000)]
  0x0000026e9e2cc860 JavaThread "RMI TCP Connection(idle)" daemon [_thread_blocked, id=12000, stack(0x000000af86300000,0x000000af86400000)]
  0x0000026e9e2cf060 JavaThread "RMI TCP Accept-0" daemon [_thread_in_native, id=7080, stack(0x000000af86400000,0x000000af86500000)]
  0x0000026e8f25d5b0 JavaThread "JMX server connection timeout 22" daemon [_thread_blocked, id=5752, stack(0x000000af86600000,0x000000af86700000)]
  0x0000026e9fda5050 JavaThread "mysql-cj-abandoned-connection-cleanup" daemon [_thread_blocked, id=5716, stack(0x000000af87000000,0x000000af87100000)]
  0x0000026e9fda46b0 JavaThread "HikariPool-1 housekeeper" daemon [_thread_blocked, id=14664, stack(0x000000af87300000,0x000000af87400000)]
  0x0000026e9fda4b80 JavaThread "Catalina-utility-1" [_thread_blocked, id=14560, stack(0x000000af87500000,0x000000af87600000)]
  0x0000026e9fda59f0 JavaThread "Catalina-utility-2" [_thread_blocked, id=18104, stack(0x000000af87600000,0x000000af87700000)]
  0x0000026ea290c930 JavaThread "container-0" [_thread_blocked, id=16584, stack(0x000000af87700000,0x000000af87800000)]
  0x0000026ea290ce00 JavaThread "http-nio-8080-exec-1" daemon [_thread_blocked, id=2100, stack(0x000000af87800000,0x000000af87900000)]
  0x0000026ea290a780 JavaThread "http-nio-8080-exec-2" daemon [_thread_blocked, id=10548, stack(0x000000af87900000,0x000000af87a00000)]
  0x0000026ea290b120 JavaThread "http-nio-8080-exec-3" daemon [_thread_blocked, id=17556, stack(0x000000af87a00000,0x000000af87b00000)]
  0x0000026ea290dc70 JavaThread "http-nio-8080-exec-4" daemon [_thread_blocked, id=2076, stack(0x000000af87b00000,0x000000af87c00000)]
  0x0000026ea2906420 JavaThread "http-nio-8080-exec-5" daemon [_thread_blocked, id=13908, stack(0x000000af87c00000,0x000000af87d00000)]
  0x0000026ea290bac0 JavaThread "http-nio-8080-exec-6" daemon [_thread_blocked, id=17436, stack(0x000000af87d00000,0x000000af87e00000)]
  0x0000026ea29085d0 JavaThread "http-nio-8080-exec-7" daemon [_thread_blocked, id=14224, stack(0x000000af87e00000,0x000000af87f00000)]
  0x0000026ea2908aa0 JavaThread "http-nio-8080-exec-8" daemon [_thread_blocked, id=15968, stack(0x000000af87f00000,0x000000af88000000)]
  0x0000026ea290d2d0 JavaThread "http-nio-8080-exec-9" daemon [_thread_blocked, id=16556, stack(0x000000af88000000,0x000000af88100000)]
  0x0000026ea29068f0 JavaThread "http-nio-8080-exec-10" daemon [_thread_blocked, id=15352, stack(0x000000af88100000,0x000000af88200000)]
  0x0000026ea290a2b0 JavaThread "http-nio-8080-Poller" daemon [_thread_in_native, id=17628, stack(0x000000af88200000,0x000000af88300000)]
  0x0000026ea2909910 JavaThread "http-nio-8080-Acceptor" daemon [_thread_in_native, id=17416, stack(0x000000af88300000,0x000000af88400000)]
  0x0000026ea2908f70 JavaThread "DestroyJavaVM" [_thread_blocked, id=16764, stack(0x000000af84b00000,0x000000af84c00000)]
  0x0000026e9d9d5ed0 JavaThread "C1 CompilerThread1" daemon [_thread_blocked, id=7200, stack(0x000000af85e00000,0x000000af85f00000)]

Other Threads:
=>0x0000026e9d83ea60 VMThread "VM Thread" [stack: 0x000000af85100000,0x000000af85200000] [id=16496]
  0x0000026e9e0e0210 WatcherThread [stack: 0x000000af86500000,0x000000af86600000] [id=17704]
  0x0000026e8f2b8300 GCTaskThread "GC Thread#0" [stack: 0x000000af84c00000,0x000000af84d00000] [id=5828]
  0x0000026e9f3764d0 GCTaskThread "GC Thread#1" [stack: 0x000000af86700000,0x000000af86800000] [id=17760]
  0x0000026e9f367450 GCTaskThread "GC Thread#2" [stack: 0x000000af86800000,0x000000af86900000] [id=11280]
  0x0000026e9f3b6250 GCTaskThread "GC Thread#3" [stack: 0x000000af86900000,0x000000af86a00000] [id=8204]
  0x0000026e9f3b6910 GCTaskThread "GC Thread#4" [stack: 0x000000af86a00000,0x000000af86b00000] [id=9160]
  0x0000026e9f3b73d0 GCTaskThread "GC Thread#5" [stack: 0x000000af86b00000,0x000000af86c00000] [id=16980]
  0x0000026e9f3b82a0 GCTaskThread "GC Thread#6" [stack: 0x000000af86c00000,0x000000af86d00000] [id=7940]
  0x0000026e9f3b8550 GCTaskThread "GC Thread#7" [stack: 0x000000af86d00000,0x000000af86e00000] [id=9792]
  0x0000026e8f3077b0 ConcurrentGCThread "G1 Main Marker" [stack: 0x000000af84d00000,0x000000af84e00000] [id=17752]
  0x0000026e8f309070 ConcurrentGCThread "G1 Conc#0" [stack: 0x000000af84e00000,0x000000af84f00000] [id=16424]
  0x0000026e9f4e8090 ConcurrentGCThread "G1 Conc#1" [stack: 0x000000af87100000,0x000000af87200000] [id=9928]
  0x0000026e9c7051c0 ConcurrentGCThread "G1 Refine#0" [stack: 0x000000af84f00000,0x000000af85000000] [id=168]
  0x0000026e9f3b8800 ConcurrentGCThread "G1 Refine#1" [stack: 0x000000af86e00000,0x000000af86f00000] [id=4180]
  0x0000026e9f3b8ae0 ConcurrentGCThread "G1 Refine#2" [stack: 0x000000af86f00000,0x000000af87000000] [id=17500]
  0x0000026e9c707a90 ConcurrentGCThread "G1 Service" [stack: 0x000000af85000000,0x000000af85100000] [id=4060]

Threads with active compile tasks:

VM state: at safepoint (normal execution)

VM Mutex/Monitor currently owned by a thread:  ([mutex/lock_event])
[0x0000026e8f257640] Threads_lock - owner thread: 0x0000026e9d83ea60
[0x0000026e8f257370] Heap_lock - owner thread: 0x0000026ea290ce00

Heap address: 0x0000000082000000, size: 2016 MB, Compressed Oops mode: 32-bit

CDS archive(s) not mapped
Compressed class space mapped at: 0x0000000100000000-0x0000000140000000, reserved size: 1073741824
Narrow klass base: 0x0000000000000000, Narrow klass shift: 3, Narrow klass range: 0x140000000

GC Precious Log:
 CPUs: 8 total, 8 available
 Memory: 8058M
 Large Page Support: Disabled
 NUMA Support: Disabled
 Compressed Oops: Enabled (32-bit)
 Heap Region Size: 1M
 Heap Min Capacity: 8M
 Heap Initial Capacity: 126M
 Heap Max Capacity: 2016M
 Pre-touch: Disabled
 Parallel Workers: 8
 Concurrent Workers: 2
 Concurrent Refinement Workers: 8
 Periodic GC: Disabled

Heap:
 garbage-first heap   total 129024K, used 73364K [0x0000000082000000, 0x0000000100000000)
  region size 1024K, 3 young (3072K), 3 survivors (3072K)
 Metaspace       used 68972K, committed 69504K, reserved 1114112K
  class space    used 9410K, committed 9664K, reserved 1048576K

Heap Regions: E=young(eden), S=young(survivor), O=old, HS=humongous(starts), HC=humongous(continues), CS=collection set, F=free, OA=open archive, CA=closed archive, TAMS=top-at-mark-start (previous, next)
|   0|0x0000000082000000, 0x0000000082100000, 0x0000000082100000|100%|HS|  |TAMS 0x0000000082100000, 0x0000000082100000| Complete 
|   1|0x0000000082100000, 0x0000000082200000, 0x0000000082200000|100%| O|  |TAMS 0x0000000082200000, 0x0000000082200000| Untracked 
|   2|0x0000000082200000, 0x0000000082300000, 0x0000000082300000|100%| O|  |TAMS 0x0000000082300000, 0x0000000082300000| Untracked 
|   3|0x0000000082300000, 0x0000000082400000, 0x0000000082400000|100%| O|  |TAMS 0x0000000082400000, 0x0000000082400000| Untracked 
|   4|0x0000000082400000, 0x0000000082500000, 0x0000000082500000|100%| O|  |TAMS 0x0000000082500000, 0x0000000082500000| Untracked 
|   5|0x0000000082500000, 0x0000000082600000, 0x0000000082600000|100%| O|  |TAMS 0x0000000082600000, 0x0000000082600000| Untracked 
|   6|0x0000000082600000, 0x0000000082700000, 0x0000000082700000|100%| O|  |TAMS 0x0000000082700000, 0x0000000082700000| Untracked 
|   7|0x0000000082700000, 0x0000000082800000, 0x0000000082800000|100%| O|  |TAMS 0x0000000082700000, 0x0000000082800000| Untracked 
|   8|0x0000000082800000, 0x0000000082900000, 0x0000000082900000|100%| O|  |TAMS 0x0000000082900000, 0x0000000082900000| Untracked 
|   9|0x0000000082900000, 0x0000000082a00000, 0x0000000082a00000|100%| O|  |TAMS 0x0000000082a00000, 0x0000000082a00000| Untracked 
|  10|0x0000000082a00000, 0x0000000082b00000, 0x0000000082b00000|100%| O|  |TAMS 0x0000000082b00000, 0x0000000082b00000| Untracked 
|  11|0x0000000082b00000, 0x0000000082c00000, 0x0000000082c00000|100%| O|  |TAMS 0x0000000082c00000, 0x0000000082c00000| Untracked 
|  12|0x0000000082c00000, 0x0000000082d00000, 0x0000000082d00000|100%| O|  |TAMS 0x0000000082d00000, 0x0000000082d00000| Untracked 
|  13|0x0000000082d00000, 0x0000000082e00000, 0x0000000082e00000|100%| O|  |TAMS 0x0000000082e00000, 0x0000000082e00000| Untracked 
|  14|0x0000000082e00000, 0x0000000082f00000, 0x0000000082f00000|100%| O|  |TAMS 0x0000000082f00000, 0x0000000082f00000| Untracked 
|  15|0x0000000082f00000, 0x0000000083000000, 0x0000000083000000|100%| O|  |TAMS 0x0000000083000000, 0x0000000083000000| Untracked 
|  16|0x0000000083000000, 0x0000000083100000, 0x0000000083100000|100%| O|  |TAMS 0x0000000083100000, 0x0000000083100000| Untracked 
|  17|0x0000000083100000, 0x0000000083200000, 0x0000000083200000|100%| O|  |TAMS 0x0000000083200000, 0x0000000083200000| Untracked 
|  18|0x0000000083200000, 0x0000000083300000, 0x0000000083300000|100%| O|  |TAMS 0x00000000832f6e00, 0x0000000083300000| Untracked 
|  19|0x0000000083300000, 0x00000000833fee00, 0x0000000083400000| 99%| O|  |TAMS 0x0000000083300000, 0x00000000833fee00| Untracked 
|  20|0x0000000083400000, 0x0000000083500000, 0x0000000083500000|100%| O|  |TAMS 0x0000000083400000, 0x0000000083500000| Untracked 
|  21|0x0000000083500000, 0x0000000083600000, 0x0000000083600000|100%| O|  |TAMS 0x0000000083500000, 0x0000000083600000| Untracked 
|  22|0x0000000083600000, 0x0000000083700000, 0x0000000083700000|100%| O|  |TAMS 0x0000000083600000, 0x0000000083700000| Untracked 
|  23|0x0000000083700000, 0x0000000083800000, 0x0000000083800000|100%| O|  |TAMS 0x0000000083700000, 0x0000000083800000| Untracked 
|  24|0x0000000083800000, 0x0000000083900000, 0x0000000083900000|100%| O|  |TAMS 0x0000000083800000, 0x0000000083900000| Untracked 
|  25|0x0000000083900000, 0x0000000083a00000, 0x0000000083a00000|100%| O|  |TAMS 0x0000000083900000, 0x0000000083a00000| Untracked 
|  26|0x0000000083a00000, 0x0000000083b00000, 0x0000000083b00000|100%| O|  |TAMS 0x0000000083a00000, 0x0000000083b00000| Untracked 
|  27|0x0000000083b00000, 0x0000000083c00000, 0x0000000083c00000|100%| O|  |TAMS 0x0000000083b00000, 0x0000000083c00000| Untracked 
|  28|0x0000000083c00000, 0x0000000083d00000, 0x0000000083d00000|100%| O|  |TAMS 0x0000000083c00000, 0x0000000083d00000| Untracked 
|  29|0x0000000083d00000, 0x0000000083e00000, 0x0000000083e00000|100%| O|  |TAMS 0x0000000083d00000, 0x0000000083e00000| Untracked 
|  30|0x0000000083e00000, 0x0000000083f00000, 0x0000000083f00000|100%| O|  |TAMS 0x0000000083e00000, 0x0000000083f00000| Untracked 
|  31|0x0000000083f00000, 0x0000000084000000, 0x0000000084000000|100%| O|  |TAMS 0x0000000083f00000, 0x0000000084000000| Untracked 
|  32|0x0000000084000000, 0x0000000084100000, 0x0000000084100000|100%| O|  |TAMS 0x0000000084000000, 0x0000000084100000| Untracked 
|  33|0x0000000084100000, 0x0000000084200000, 0x0000000084200000|100%| O|  |TAMS 0x0000000084100000, 0x0000000084200000| Untracked 
|  34|0x0000000084200000, 0x0000000084300000, 0x0000000084300000|100%| O|  |TAMS 0x0000000084200000, 0x0000000084300000| Untracked 
|  35|0x0000000084300000, 0x0000000084400000, 0x0000000084400000|100%| O|  |TAMS 0x0000000084300000, 0x0000000084400000| Untracked 
|  36|0x0000000084400000, 0x0000000084500000, 0x0000000084500000|100%| O|  |TAMS 0x0000000084400000, 0x0000000084500000| Untracked 
|  37|0x0000000084500000, 0x0000000084600000, 0x0000000084600000|100%| O|  |TAMS 0x0000000084500000, 0x0000000084600000| Untracked 
|  38|0x0000000084600000, 0x0000000084700000, 0x0000000084700000|100%| O|  |TAMS 0x0000000084600000, 0x0000000084700000| Untracked 
|  39|0x0000000084700000, 0x0000000084800000, 0x0000000084800000|100%| O|  |TAMS 0x0000000084700000, 0x0000000084800000| Untracked 
|  40|0x0000000084800000, 0x0000000084900000, 0x0000000084900000|100%| O|  |TAMS 0x0000000084800000, 0x0000000084900000| Untracked 
|  41|0x0000000084900000, 0x0000000084a00000, 0x0000000084a00000|100%| O|  |TAMS 0x0000000084900000, 0x0000000084a00000| Untracked 
|  42|0x0000000084a00000, 0x0000000084b00000, 0x0000000084b00000|100%| O|  |TAMS 0x0000000084a00000, 0x0000000084b00000| Untracked 
|  43|0x0000000084b00000, 0x0000000084c00000, 0x0000000084c00000|100%| O|  |TAMS 0x0000000084b00000, 0x0000000084c00000| Untracked 
|  44|0x0000000084c00000, 0x0000000084d00000, 0x0000000084d00000|100%| O|  |TAMS 0x0000000084c00000, 0x0000000084d00000| Untracked 
|  45|0x0000000084d00000, 0x0000000084e00000, 0x0000000084e00000|100%| O|  |TAMS 0x0000000084d00000, 0x0000000084e00000| Untracked 
|  46|0x0000000084e00000, 0x0000000084f00000, 0x0000000084f00000|100%| O|  |TAMS 0x0000000084e00000, 0x0000000084f00000| Untracked 
|  47|0x0000000084f00000, 0x0000000085000000, 0x0000000085000000|100%| O|  |TAMS 0x0000000084f00000, 0x0000000085000000| Untracked 
|  48|0x0000000085000000, 0x0000000085100000, 0x0000000085100000|100%| O|  |TAMS 0x0000000085000000, 0x0000000085100000| Untracked 
|  49|0x0000000085100000, 0x0000000085200000, 0x0000000085200000|100%| O|  |TAMS 0x0000000085100000, 0x0000000085200000| Untracked 
|  50|0x0000000085200000, 0x0000000085300000, 0x0000000085300000|100%| O|  |TAMS 0x0000000085200000, 0x0000000085300000| Untracked 
|  51|0x0000000085300000, 0x0000000085400000, 0x0000000085400000|100%| O|  |TAMS 0x0000000085300000, 0x0000000085329a00| Untracked 
|  52|0x0000000085400000, 0x0000000085500000, 0x0000000085500000|100%| O|  |TAMS 0x0000000085400000, 0x0000000085400000| Untracked 
|  53|0x0000000085500000, 0x0000000085600000, 0x0000000085600000|100%| O|  |TAMS 0x0000000085500000, 0x0000000085500000| Untracked 
|  54|0x0000000085600000, 0x0000000085700000, 0x0000000085700000|100%| O|  |TAMS 0x0000000085600000, 0x0000000085600000| Untracked 
|  55|0x0000000085700000, 0x0000000085800000, 0x0000000085800000|100%| O|  |TAMS 0x0000000085700000, 0x0000000085700000| Untracked 
|  56|0x0000000085800000, 0x0000000085900000, 0x0000000085900000|100%| O|  |TAMS 0x0000000085800000, 0x0000000085800000| Untracked 
|  57|0x0000000085900000, 0x0000000085a00000, 0x0000000085a00000|100%| O|  |TAMS 0x0000000085900000, 0x0000000085900000| Untracked 
|  58|0x0000000085a00000, 0x0000000085b00000, 0x0000000085b00000|100%| O|  |TAMS 0x0000000085a00000, 0x0000000085a00000| Untracked 
|  59|0x0000000085b00000, 0x0000000085c00000, 0x0000000085c00000|100%| O|  |TAMS 0x0000000085b00000, 0x0000000085b00000| Untracked 
|  60|0x0000000085c00000, 0x0000000085d00000, 0x0000000085d00000|100%| O|  |TAMS 0x0000000085c00000, 0x0000000085c00000| Untracked 
|  61|0x0000000085d00000, 0x0000000085e00000, 0x0000000085e00000|100%| O|  |TAMS 0x0000000085d00000, 0x0000000085d00000| Untracked 
|  62|0x0000000085e00000, 0x0000000085f00000, 0x0000000085f00000|100%| O|  |TAMS 0x0000000085e00000, 0x0000000085e00000| Untracked 
|  63|0x0000000085f00000, 0x0000000086000000, 0x0000000086000000|100%| O|  |TAMS 0x0000000085f00000, 0x0000000085f00000| Untracked 
|  64|0x0000000086000000, 0x0000000086100000, 0x0000000086100000|100%| O|  |TAMS 0x0000000086000000, 0x0000000086000000| Untracked 
|  65|0x0000000086100000, 0x0000000086200000, 0x0000000086200000|100%| O|  |TAMS 0x0000000086100000, 0x0000000086100000| Untracked 
|  66|0x0000000086200000, 0x0000000086300000, 0x0000000086300000|100%| O|  |TAMS 0x0000000086200000, 0x0000000086200000| Untracked 
|  67|0x0000000086300000, 0x0000000086400000, 0x0000000086400000|100%| O|  |TAMS 0x0000000086300000, 0x0000000086300000| Untracked 
|  68|0x0000000086400000, 0x00000000864a6200, 0x0000000086500000| 64%| O|  |TAMS 0x0000000086400000, 0x0000000086400000| Untracked 
|  69|0x0000000086500000, 0x0000000086500000, 0x0000000086600000|  0%| F|  |TAMS 0x0000000086500000, 0x0000000086500000| Untracked 
|  70|0x0000000086600000, 0x0000000086600000, 0x0000000086700000|  0%| F|  |TAMS 0x0000000086600000, 0x0000000086600000| Untracked 
|  71|0x0000000086700000, 0x0000000086700000, 0x0000000086800000|  0%| F|  |TAMS 0x0000000086700000, 0x0000000086700000| Untracked 
|  72|0x0000000086800000, 0x0000000086800000, 0x0000000086900000|  0%| F|  |TAMS 0x0000000086800000, 0x0000000086800000| Untracked 
|  73|0x0000000086900000, 0x0000000086900000, 0x0000000086a00000|  0%| F|  |TAMS 0x0000000086900000, 0x0000000086900000| Untracked 
|  74|0x0000000086a00000, 0x0000000086a00000, 0x0000000086b00000|  0%| F|  |TAMS 0x0000000086a00000, 0x0000000086a00000| Untracked 
|  75|0x0000000086b00000, 0x0000000086b00000, 0x0000000086c00000|  0%| F|  |TAMS 0x0000000086b00000, 0x0000000086b00000| Untracked 
|  76|0x0000000086c00000, 0x0000000086c00000, 0x0000000086d00000|  0%| F|  |TAMS 0x0000000086c00000, 0x0000000086c00000| Untracked 
|  77|0x0000000086d00000, 0x0000000086d00000, 0x0000000086e00000|  0%| F|  |TAMS 0x0000000086d00000, 0x0000000086d00000| Untracked 
|  78|0x0000000086e00000, 0x0000000086e00000, 0x0000000086f00000|  0%| F|  |TAMS 0x0000000086e00000, 0x0000000086e00000| Untracked 
|  79|0x0000000086f00000, 0x0000000086f00000, 0x0000000087000000|  0%| F|  |TAMS 0x0000000086f00000, 0x0000000086f00000| Untracked 
|  80|0x0000000087000000, 0x0000000087000000, 0x0000000087100000|  0%| F|  |TAMS 0x0000000087000000, 0x0000000087000000| Untracked 
|  81|0x0000000087100000, 0x0000000087100000, 0x0000000087200000|  0%| F|  |TAMS 0x0000000087100000, 0x0000000087100000| Untracked 
|  82|0x0000000087200000, 0x0000000087200000, 0x0000000087300000|  0%| F|  |TAMS 0x0000000087200000, 0x0000000087200000| Untracked 
|  83|0x0000000087300000, 0x0000000087300000, 0x0000000087400000|  0%| F|  |TAMS 0x0000000087300000, 0x0000000087300000| Untracked 
|  84|0x0000000087400000, 0x0000000087400000, 0x0000000087500000|  0%| F|  |TAMS 0x0000000087400000, 0x0000000087400000| Untracked 
|  85|0x0000000087500000, 0x0000000087500000, 0x0000000087600000|  0%| F|  |TAMS 0x0000000087500000, 0x0000000087500000| Untracked 
|  86|0x0000000087600000, 0x0000000087600000, 0x0000000087700000|  0%| F|  |TAMS 0x0000000087600000, 0x0000000087600000| Untracked 
|  87|0x0000000087700000, 0x0000000087800000, 0x0000000087800000|100%| S|CS|TAMS 0x0000000087700000, 0x0000000087700000| Complete 
|  88|0x0000000087800000, 0x0000000087900000, 0x0000000087900000|100%| S|CS|TAMS 0x0000000087800000, 0x0000000087800000| Complete 
|  89|0x0000000087900000, 0x0000000087a00000, 0x0000000087a00000|100%| S|CS|TAMS 0x0000000087900000, 0x0000000087900000| Complete 
|  90|0x0000000087a00000, 0x0000000087a00000, 0x0000000087b00000|  0%| F|  |TAMS 0x0000000087a00000, 0x0000000087a00000| Untracked 
|  91|0x0000000087b00000, 0x0000000087b00000, 0x0000000087c00000|  0%| F|  |TAMS 0x0000000087b00000, 0x0000000087b00000| Untracked 
|  92|0x0000000087c00000, 0x0000000087c00000, 0x0000000087d00000|  0%| F|  |TAMS 0x0000000087c00000, 0x0000000087c00000| Untracked 
|  93|0x0000000087d00000, 0x0000000087d00000, 0x0000000087e00000|  0%| F|  |TAMS 0x0000000087d00000, 0x0000000087d00000| Untracked 
|  94|0x0000000087e00000, 0x0000000087e00000, 0x0000000087f00000|  0%| F|  |TAMS 0x0000000087e00000, 0x0000000087e00000| Untracked 
|  95|0x0000000087f00000, 0x0000000087f00000, 0x0000000088000000|  0%| F|  |TAMS 0x0000000087f00000, 0x0000000087f00000| Untracked 
|  96|0x0000000088000000, 0x0000000088000000, 0x0000000088100000|  0%| F|  |TAMS 0x0000000088000000, 0x0000000088000000| Untracked 
|  97|0x0000000088100000, 0x0000000088100000, 0x0000000088200000|  0%| F|  |TAMS 0x0000000088100000, 0x0000000088100000| Untracked 
|  98|0x0000000088200000, 0x0000000088200000, 0x0000000088300000|  0%| F|  |TAMS 0x0000000088200000, 0x0000000088200000| Untracked 
|  99|0x0000000088300000, 0x0000000088300000, 0x0000000088400000|  0%| F|  |TAMS 0x0000000088300000, 0x0000000088300000| Untracked 
| 100|0x0000000088400000, 0x0000000088400000, 0x0000000088500000|  0%| F|  |TAMS 0x0000000088400000, 0x0000000088400000| Untracked 
| 101|0x0000000088500000, 0x0000000088500000, 0x0000000088600000|  0%| F|  |TAMS 0x0000000088500000, 0x0000000088500000| Untracked 
| 102|0x0000000088600000, 0x0000000088600000, 0x0000000088700000|  0%| F|  |TAMS 0x0000000088600000, 0x0000000088600000| Untracked 
| 103|0x0000000088700000, 0x0000000088700000, 0x0000000088800000|  0%| F|  |TAMS 0x0000000088700000, 0x0000000088700000| Untracked 
| 104|0x0000000088800000, 0x0000000088800000, 0x0000000088900000|  0%| F|  |TAMS 0x0000000088800000, 0x0000000088800000| Untracked 
| 105|0x0000000088900000, 0x0000000088900000, 0x0000000088a00000|  0%| F|  |TAMS 0x0000000088900000, 0x0000000088900000| Untracked 
| 106|0x0000000088a00000, 0x0000000088a00000, 0x0000000088b00000|  0%| F|  |TAMS 0x0000000088a00000, 0x0000000088a00000| Untracked 
| 107|0x0000000088b00000, 0x0000000088b00000, 0x0000000088c00000|  0%| F|  |TAMS 0x0000000088b00000, 0x0000000088b00000| Untracked 
| 108|0x0000000088c00000, 0x0000000088c00000, 0x0000000088d00000|  0%| F|  |TAMS 0x0000000088c00000, 0x0000000088c00000| Untracked 
| 109|0x0000000088d00000, 0x0000000088d00000, 0x0000000088e00000|  0%| F|  |TAMS 0x0000000088d00000, 0x0000000088d00000| Untracked 
| 110|0x0000000088e00000, 0x0000000088e00000, 0x0000000088f00000|  0%| F|  |TAMS 0x0000000088e00000, 0x0000000088e00000| Untracked 
| 111|0x0000000088f00000, 0x0000000088f00000, 0x0000000089000000|  0%| F|  |TAMS 0x0000000088f00000, 0x0000000088f00000| Untracked 
| 112|0x0000000089000000, 0x0000000089000000, 0x0000000089100000|  0%| F|  |TAMS 0x0000000089000000, 0x0000000089000000| Untracked 
| 113|0x0000000089100000, 0x0000000089100000, 0x0000000089200000|  0%| F|  |TAMS 0x0000000089100000, 0x0000000089100000| Untracked 
| 114|0x0000000089200000, 0x0000000089200000, 0x0000000089300000|  0%| F|  |TAMS 0x0000000089200000, 0x0000000089200000| Untracked 
| 115|0x0000000089300000, 0x0000000089300000, 0x0000000089400000|  0%| F|  |TAMS 0x0000000089300000, 0x0000000089300000| Untracked 
| 116|0x0000000089400000, 0x0000000089400000, 0x0000000089500000|  0%| F|  |TAMS 0x0000000089400000, 0x0000000089400000| Untracked 
| 117|0x0000000089500000, 0x0000000089500000, 0x0000000089600000|  0%| F|  |TAMS 0x0000000089500000, 0x0000000089500000| Untracked 
| 118|0x0000000089600000, 0x0000000089600000, 0x0000000089700000|  0%| F|  |TAMS 0x0000000089600000, 0x0000000089600000| Untracked 
| 119|0x0000000089700000, 0x0000000089700000, 0x0000000089800000|  0%| F|  |TAMS 0x0000000089700000, 0x0000000089700000| Untracked 
| 120|0x0000000089800000, 0x0000000089800000, 0x0000000089900000|  0%| F|  |TAMS 0x0000000089800000, 0x0000000089800000| Untracked 
| 121|0x0000000089900000, 0x0000000089900000, 0x0000000089a00000|  0%| F|  |TAMS 0x0000000089900000, 0x0000000089900000| Untracked 
| 122|0x0000000089a00000, 0x0000000089a00000, 0x0000000089b00000|  0%| F|  |TAMS 0x0000000089a00000, 0x0000000089a00000| Untracked 
| 123|0x0000000089b00000, 0x0000000089b00000, 0x0000000089c00000|  0%| F|  |TAMS 0x0000000089b00000, 0x0000000089b00000| Untracked 
| 124|0x0000000089c00000, 0x0000000089c00000, 0x0000000089d00000|  0%| F|  |TAMS 0x0000000089c00000, 0x0000000089c00000| Untracked 
| 125|0x0000000089d00000, 0x0000000089d00000, 0x0000000089e00000|  0%| F|  |TAMS 0x0000000089d00000, 0x0000000089d00000| Untracked 

Card table byte_map: [0x0000026e95e00000,0x0000026e961f0000] _byte_map_base: 0x0000026e959f0000

Marking Bits (Prev, Next): (CMBitMap*) 0x0000026e8f2b8950, (CMBitMap*) 0x0000026e8f2b8910
 Prev Bits: [0x0000026e98560000, 0x0000026e9a4e0000)
 Next Bits: [0x0000026e965e0000, 0x0000026e98560000)

Polling page: 0x0000026e8ea10000

Metaspace:

Usage:
  Non-class:     58.17 MB used.
      Class:      9.19 MB used.
       Both:     67.36 MB used.

Virtual space:
  Non-class space:       64.00 MB reserved,      58.44 MB ( 91%) committed,  8 nodes.
      Class space:        1.00 GB reserved,       9.44 MB ( <1%) committed,  1 nodes.
             Both:        1.06 GB reserved,      67.88 MB (  6%) committed. 

Chunk freelists:
   Non-Class:  668.00 KB
       Class:  2.61 MB
        Both:  3.26 MB

MaxMetaspaceSize: unlimited
CompressedClassSpaceSize: 1.00 GB
Initial GC threshold: 21.00 MB
Current GC threshold: 98.75 MB
CDS: off
MetaspaceReclaimPolicy: balanced
 - commit_granule_bytes: 65536.
 - commit_granule_words: 8192.
 - virtual_space_node_default_size: 1048576.
 - enlarge_chunks_in_place: 1.
 - new_chunks_are_fully_committed: 0.
 - uncommit_free_chunks: 1.
 - use_allocation_guard: 0.
 - handle_deallocations: 1.


Internal statistics:

num_allocs_failed_limit: 11.
num_arena_births: 600.
num_arena_deaths: 0.
num_vsnodes_births: 9.
num_vsnodes_deaths: 0.
num_space_committed: 1086.
num_space_uncommitted: 0.
num_chunks_returned_to_freelist: 11.
num_chunks_taken_from_freelist: 2825.
num_chunk_merges: 11.
num_chunk_splits: 2018.
num_chunks_enlarged: 1554.
num_purges: 0.
num_inconsistent_stats: 0.

CodeCache: size=49152Kb used=10820Kb max_used=11747Kb free=38331Kb
 bounds [0x0000026e92900000, 0x0000026e93480000, 0x0000026e95900000]
 total_blobs=6446 nmethods=5819 adapters=553
 compilation: enabled
              stopped_count=0, restarted_count=0
 full_count=0

Compilation events (20 events):
Event: 40.684 Thread 0x0000026e9d88b530 5810       1       java.lang.Long::toString (8 bytes)
Event: 40.684 Thread 0x0000026e9d88b530 nmethod 5810 0x0000026e92a87110 code [0x0000026e92a872a0, 0x0000026e92a87388]
Event: 40.691 Thread 0x0000026e9d9d5ed0 5811       1       java.lang.StringBuilder::append (10 bytes)
Event: 40.691 Thread 0x0000026e9d9d5ed0 nmethod 5811 0x0000026e92a86c90 code [0x0000026e92a86e40, 0x0000026e92a86fa8]
Event: 40.694 Thread 0x0000026e9d9d5ed0 5812       1       jdk.internal.math.FloatingDecimal$BinaryToASCIIBuffer::setSign (6 bytes)
Event: 40.694 Thread 0x0000026e9d9d5ed0 nmethod 5812 0x0000026e92a86990 code [0x0000026e92a86b20, 0x0000026e92a86bf8]
Event: 40.694 Thread 0x0000026e9d9d5ed0 5813       1       org.hibernate.proxy.ProxyConfiguration$InterceptorDispatcher::intercept (32 bytes)
Event: 40.694 Thread 0x0000026e9d88b530 5814   !   1       org.hibernate.proxy.pojo.bytebuddy.ByteBuddyInterceptor::intercept (164 bytes)
Event: 40.695 Thread 0x0000026e9d9d5ed0 nmethod 5813 0x0000026e92a86490 code [0x0000026e92a86640, 0x0000026e92a867f8]
Event: 40.695 Thread 0x0000026e9d9d5ed0 5815       1       org.hibernate.proxy.pojo.BasicLazyInitializer::invoke (192 bytes)
Event: 40.695 Thread 0x0000026e9d9d5ed0 nmethod 5815 0x0000026e92a85810 code [0x0000026e92a85a80, 0x0000026e92a86168]
Event: 40.695 Thread 0x0000026e9d9d5ed0 5816       1       org.hibernate.proxy.AbstractLazyInitializer::isUninitialized (13 bytes)
Event: 40.695 Thread 0x0000026e9d9d5ed0 nmethod 5816 0x0000026e92a85510 code [0x0000026e92a856a0, 0x0000026e92a85778]
Event: 40.696 Thread 0x0000026e9d88b530 nmethod 5814 0x0000026e92a83a10 code [0x0000026e92a83d40, 0x0000026e92a84928]
Event: 40.696 Thread 0x0000026e9d88b530 5817   !   1       org.hibernate.proxy.AbstractLazyInitializer::initialize (311 bytes)
Event: 40.696 Thread 0x0000026e9d9d5ed0 5818       1       org.hibernate.proxy.AbstractLazyInitializer::checkTargetState (39 bytes)
Event: 40.697 Thread 0x0000026e9d9d5ed0 nmethod 5818 0x0000026e92a83510 code [0x0000026e92a836c0, 0x0000026e92a83848]
Event: 40.698 Thread 0x0000026e9d88b530 nmethod 5817 0x0000026e92a80e90 code [0x0000026e92a812c0, 0x0000026e92a824c8]
Event: 40.707 Thread 0x0000026e9d88b530 5819       1       java.lang.Object::toString (36 bytes)
Event: 40.708 Thread 0x0000026e9d88b530 nmethod 5819 0x0000026e92a80690 code [0x0000026e92a808a0, 0x0000026e92a80c48]

GC Heap History (20 events):
Event: 3.517 GC heap after
{Heap after GC invocations=13 (full 0):
 garbage-first heap   total 115712K, used 20524K [0x0000000082000000, 0x0000000100000000)
  region size 1024K, 3 young (3072K), 3 survivors (3072K)
 Metaspace       used 48057K, committed 48448K, reserved 1097728K
  class space    used 6386K, committed 6592K, reserved 1048576K
}
Event: 4.721 GC heap before
{Heap before GC invocations=13 (full 0):
 garbage-first heap   total 115712K, used 86060K [0x0000000082000000, 0x0000000100000000)
  region size 1024K, 67 young (68608K), 3 survivors (3072K)
 Metaspace       used 59276K, committed 59712K, reserved 1105920K
  class space    used 8057K, committed 8256K, reserved 1048576K
}
Event: 4.736 GC heap after
{Heap after GC invocations=14 (full 0):
 garbage-first heap   total 115712K, used 24713K [0x0000000082000000, 0x0000000100000000)
  region size 1024K, 7 young (7168K), 7 survivors (7168K)
 Metaspace       used 59276K, committed 59712K, reserved 1105920K
  class space    used 8057K, committed 8256K, reserved 1048576K
}
Event: 4.810 GC heap before
{Heap before GC invocations=14 (full 0):
 garbage-first heap   total 115712K, used 29833K [0x0000000082000000, 0x0000000100000000)
  region size 1024K, 13 young (13312K), 7 survivors (7168K)
 Metaspace       used 60003K, committed 60416K, reserved 1105920K
  class space    used 8162K, committed 8384K, reserved 1048576K
}
Event: 4.820 GC heap after
{Heap after GC invocations=15 (full 0):
 garbage-first heap   total 115712K, used 25577K [0x0000000082000000, 0x0000000100000000)
  region size 1024K, 5 young (5120K), 5 survivors (5120K)
 Metaspace       used 60003K, committed 60416K, reserved 1105920K
  class space    used 8162K, committed 8384K, reserved 1048576K
}
Event: 5.246 GC heap before
{Heap before GC invocations=16 (full 0):
 garbage-first heap   total 89088K, used 73705K [0x0000000082000000, 0x0000000100000000)
  region size 1024K, 52 young (53248K), 5 survivors (5120K)
 Metaspace       used 61754K, committed 62208K, reserved 1105920K
  class space    used 8450K, committed 8640K, reserved 1048576K
}
Event: 5.251 GC heap after
{Heap after GC invocations=17 (full 0):
 garbage-first heap   total 89088K, used 27286K [0x0000000082000000, 0x0000000100000000)
  region size 1024K, 3 young (3072K), 3 survivors (3072K)
 Metaspace       used 61754K, committed 62208K, reserved 1105920K
  class space    used 8450K, committed 8640K, reserved 1048576K
}
Event: 40.529 GC heap before
{Heap before GC invocations=17 (full 0):
 garbage-first heap   total 89088K, used 71318K [0x0000000082000000, 0x0000000100000000)
  region size 1024K, 46 young (47104K), 3 survivors (3072K)
 Metaspace       used 67385K, committed 67840K, reserved 1114112K
  class space    used 9222K, committed 9472K, reserved 1048576K
}
Event: 40.539 GC heap after
{Heap after GC invocations=18 (full 0):
 garbage-first heap   total 89088K, used 30276K [0x0000000082000000, 0x0000000100000000)
  region size 1024K, 6 young (6144K), 6 survivors (6144K)
 Metaspace       used 67385K, committed 67840K, reserved 1114112K
  class space    used 9222K, committed 9472K, reserved 1048576K
}
Event: 40.678 GC heap before
{Heap before GC invocations=18 (full 0):
 garbage-first heap   total 89088K, used 70212K [0x0000000082000000, 0x0000000100000000)
  region size 1024K, 46 young (47104K), 6 survivors (6144K)
 Metaspace       used 68972K, committed 69504K, reserved 1114112K
  class space    used 9410K, committed 9664K, reserved 1048576K
}
Event: 40.683 GC heap after
{Heap after GC invocations=19 (full 0):
 garbage-first heap   total 89088K, used 41678K [0x0000000082000000, 0x0000000100000000)
  region size 1024K, 6 young (6144K), 6 survivors (6144K)
 Metaspace       used 68972K, committed 69504K, reserved 1114112K
  class space    used 9410K, committed 9664K, reserved 1048576K
}
Event: 40.686 GC heap before
{Heap before GC invocations=19 (full 0):
 garbage-first heap   total 89088K, used 67278K [0x0000000082000000, 0x0000000100000000)
  region size 1024K, 32 young (32768K), 6 survivors (6144K)
 Metaspace       used 68972K, committed 69504K, reserved 1114112K
  class space    used 9410K, committed 9664K, reserved 1048576K
}
Event: 40.689 GC heap after
{Heap after GC invocations=20 (full 0):
 garbage-first heap   total 107520K, used 49120K [0x0000000082000000, 0x0000000100000000)
  region size 1024K, 4 young (4096K), 4 survivors (4096K)
 Metaspace       used 68972K, committed 69504K, reserved 1114112K
  class space    used 9410K, committed 9664K, reserved 1048576K
}
Event: 40.702 GC heap before
{Heap before GC invocations=20 (full 0):
 garbage-first heap   total 107520K, used 77792K [0x0000000082000000, 0x0000000100000000)
  region size 1024K, 33 young (33792K), 4 survivors (4096K)
 Metaspace       used 68972K, committed 69504K, reserved 1114112K
  class space    used 9410K, committed 9664K, reserved 1048576K
}
Event: 40.705 GC heap after
{Heap after GC invocations=21 (full 0):
 garbage-first heap   total 107520K, used 57506K [0x0000000082000000, 0x0000000100000000)
  region size 1024K, 5 young (5120K), 5 survivors (5120K)
 Metaspace       used 68972K, committed 69504K, reserved 1114112K
  class space    used 9410K, committed 9664K, reserved 1048576K
}
Event: 40.708 GC heap before
{Heap before GC invocations=21 (full 0):
 garbage-first heap   total 107520K, used 79010K [0x0000000082000000, 0x0000000100000000)
  region size 1024K, 27 young (27648K), 5 survivors (5120K)
 Metaspace       used 68972K, committed 69504K, reserved 1114112K
  class space    used 9410K, committed 9664K, reserved 1048576K
}
Event: 40.710 GC heap after
{Heap after GC invocations=22 (full 0):
 garbage-first heap   total 107520K, used 63816K [0x0000000082000000, 0x0000000100000000)
  region size 1024K, 4 young (4096K), 4 survivors (4096K)
 Metaspace       used 68972K, committed 69504K, reserved 1114112K
  class space    used 9410K, committed 9664K, reserved 1048576K
}
Event: 40.713 GC heap before
{Heap before GC invocations=22 (full 0):
 garbage-first heap   total 107520K, used 81224K [0x0000000082000000, 0x0000000100000000)
  region size 1024K, 22 young (22528K), 4 survivors (4096K)
 Metaspace       used 68972K, committed 69504K, reserved 1114112K
  class space    used 9410K, committed 9664K, reserved 1048576K
}
Event: 40.715 GC heap after
{Heap after GC invocations=23 (full 0):
 garbage-first heap   total 107520K, used 69102K [0x0000000082000000, 0x0000000100000000)
  region size 1024K, 3 young (3072K), 3 survivors (3072K)
 Metaspace       used 68972K, committed 69504K, reserved 1114112K
  class space    used 9410K, committed 9664K, reserved 1048576K
}
Event: 40.717 GC heap before
{Heap before GC invocations=23 (full 0):
 garbage-first heap   total 107520K, used 83438K [0x0000000082000000, 0x0000000100000000)
  region size 1024K, 18 young (18432K), 3 survivors (3072K)
 Metaspace       used 68972K, committed 69504K, reserved 1114112K
  class space    used 9410K, committed 9664K, reserved 1048576K
}

Dll operation events (9 events):
Event: 0.008 Loaded shared library C:\Users\lenovo\Downloads\sts-4.17.2.RELEASE\plugins\org.eclipse.justj.openjdk.hotspot.jre.full.win32.x86_64_17.0.6.v20230125-1136\jre\bin\java.dll
Event: 0.189 Loaded shared library C:\Users\lenovo\Downloads\sts-4.17.2.RELEASE\plugins\org.eclipse.justj.openjdk.hotspot.jre.full.win32.x86_64_17.0.6.v20230125-1136\jre\bin\jimage.dll
Event: 0.203 Loaded shared library C:\Users\lenovo\Downloads\sts-4.17.2.RELEASE\plugins\org.eclipse.justj.openjdk.hotspot.jre.full.win32.x86_64_17.0.6.v20230125-1136\jre\bin\net.dll
Event: 0.206 Loaded shared library C:\Users\lenovo\Downloads\sts-4.17.2.RELEASE\plugins\org.eclipse.justj.openjdk.hotspot.jre.full.win32.x86_64_17.0.6.v20230125-1136\jre\bin\nio.dll
Event: 0.212 Loaded shared library C:\Users\lenovo\Downloads\sts-4.17.2.RELEASE\plugins\org.eclipse.justj.openjdk.hotspot.jre.full.win32.x86_64_17.0.6.v20230125-1136\jre\bin\zip.dll
Event: 0.263 Loaded shared library C:\Users\lenovo\Downloads\sts-4.17.2.RELEASE\plugins\org.eclipse.justj.openjdk.hotspot.jre.full.win32.x86_64_17.0.6.v20230125-1136\jre\bin\management.dll
Event: 0.277 Loaded shared library C:\Users\lenovo\Downloads\sts-4.17.2.RELEASE\plugins\org.eclipse.justj.openjdk.hotspot.jre.full.win32.x86_64_17.0.6.v20230125-1136\jre\bin\management_ext.dll
Event: 0.603 Loaded shared library C:\Users\lenovo\Downloads\sts-4.17.2.RELEASE\plugins\org.eclipse.justj.openjdk.hotspot.jre.full.win32.x86_64_17.0.6.v20230125-1136\jre\bin\verify.dll
Event: 2.708 Loaded shared library C:\Users\lenovo\Downloads\sts-4.17.2.RELEASE\plugins\org.eclipse.justj.openjdk.hotspot.jre.full.win32.x86_64_17.0.6.v20230125-1136\jre\bin\sunmscapi.dll

Deoptimization events (10 events):
Event: 1.220 Thread 0x0000026e8f25c740 DEOPT PACKING pc=0x0000026e92e9d199 sp=0x000000af84bfd070
Event: 1.220 Thread 0x0000026e8f25c740 DEOPT UNPACKING pc=0x0000026e92957143 sp=0x000000af84bfc550 mode 3
Event: 1.990 Thread 0x0000026e8f25c740 DEOPT PACKING pc=0x0000026e92ed7014 sp=0x000000af84bfd560
Event: 1.990 Thread 0x0000026e8f25c740 DEOPT UNPACKING pc=0x0000026e92957143 sp=0x000000af84bfcab8 mode 0
Event: 3.278 Thread 0x0000026e8f25c740 DEOPT PACKING pc=0x0000026e9314a27d sp=0x000000af84bf5000
Event: 3.279 Thread 0x0000026e8f25c740 DEOPT UNPACKING pc=0x0000026e92957143 sp=0x000000af84bf4568 mode 3
Event: 4.504 Thread 0x0000026e8f25c740 DEOPT PACKING pc=0x0000026e92e98352 sp=0x000000af84bfa640
Event: 4.504 Thread 0x0000026e8f25c740 DEOPT UNPACKING pc=0x0000026e92957143 sp=0x000000af84bf9b48 mode 3
Event: 4.889 Thread 0x0000026e8f25c740 DEOPT PACKING pc=0x0000026e93196519 sp=0x000000af84bfaf30
Event: 4.889 Thread 0x0000026e8f25c740 DEOPT UNPACKING pc=0x0000026e92957143 sp=0x000000af84bfa410 mode 3

Classes unloaded (0 events):
No events

Classes redefined (0 events):
No events

Internal exceptions (20 events):
Event: 5.194 Thread 0x0000026e8f25c740 Exception <a 'java/lang/reflect/InvocationTargetException'{0x00000000846b0a60}> (0x00000000846b0a60) 
thrown [s\src\hotspot\share\runtime\reflection.cpp, line 1121]
Event: 5.212 Thread 0x0000026e8f25c740 Exception <a 'java/lang/NoSuchMethodError'{0x000000008441bd38}: 'java.lang.Object java.lang.invoke.DirectMethodHandle$Holder.invokeInterface(java.lang.Object, java.lang.Object, java.lang.Object, java.lang.Object)'> (0x000000008441bd38) 
thrown [s\src\hotspot\share\interpreter\linkResolver.cpp, line 759]
Event: 5.325 Thread 0x0000026e9e2cc860 Exception <a 'java/lang/reflect/InvocationTargetException'{0x0000000087001b90}> (0x0000000087001b90) 
thrown [s\src\hotspot\share\runtime\reflection.cpp, line 1121]
Event: 5.344 Thread 0x0000026e8f25c740 Exception <a 'java/lang/NoSuchMethodError'{0x00000000870daa98}: 'void java.lang.invoke.DirectMethodHandle$Holder.invokeVirtual(java.lang.Object, java.lang.Object, int)'> (0x00000000870daa98) 
thrown [s\src\hotspot\share\interpreter\linkResolver.cpp, line 759]
Event: 5.346 Thread 0x0000026e8f25c740 Exception <a 'java/lang/NoSuchMethodError'{0x00000000870f5640}: 'void java.lang.invoke.DirectMethodHandle$Holder.invokeVirtual(java.lang.Object, java.lang.Object, long)'> (0x00000000870f5640) 
thrown [s\src\hotspot\share\interpreter\linkResolver.cpp, line 759]
Event: 5.485 Thread 0x0000026e8f25c740 Exception <a 'java/lang/IncompatibleClassChangeError'{0x00000000867082a8}: Found class java.lang.Object, but interface was expected> (0x00000000867082a8) 
thrown [s\src\hotspot\share\interpreter\linkResolver.cpp, line 826]
Event: 5.520 Thread 0x0000026e8f25c740 Exception <a 'java/lang/NoSuchMethodError'{0x000000008654ea98}: 'int java.lang.invoke.DirectMethodHandle$Holder.invokeStaticInit(java.lang.Object, java.lang.Object, java.lang.Object, java.lang.Object)'> (0x000000008654ea98) 
thrown [s\src\hotspot\share\interpreter\linkResolver.cpp, line 759]
Event: 5.608 Thread 0x0000026e8f25c740 Exception <a 'java/lang/ClassNotFoundException'{0x0000000085f77be8}: java/lang/ObjectCustomizer> (0x0000000085f77be8) 
thrown [s\src\hotspot\share\classfile\systemDictionary.cpp, line 256]
Event: 5.609 Thread 0x0000026e8f25c740 Exception <a 'java/lang/ClassNotFoundException'{0x0000000085f802f8}: org/springframework/security/config/annotation/web/configuration/WebSecurityConfigurationCustomizer> (0x0000000085f802f8) 
thrown [s\src\hotspot\share\classfile\systemDictionary.cpp, line 256]
Event: 5.609 Thread 0x0000026e8f25c740 Exception <a 'java/lang/ClassNotFoundException'{0x0000000085f8d8c8}: org/springframework/context/annotation/ImportAwareCustomizer> (0x0000000085f8d8c8) 
thrown [s\src\hotspot\share\classfile\systemDictionary.cpp, line 256]
Event: 5.609 Thread 0x0000026e8f25c740 Exception <a 'java/lang/ClassNotFoundException'{0x0000000085f92d18}: org/springframework/beans/factory/AwareCustomizer> (0x0000000085f92d18) 
thrown [s\src\hotspot\share\classfile\systemDictionary.cpp, line 256]
Event: 5.610 Thread 0x0000026e8f25c740 Exception <a 'java/lang/ClassNotFoundException'{0x0000000085f97658}: org/springframework/beans/factory/BeanClassLoaderAwareCustomizer> (0x0000000085f97658) 
thrown [s\src\hotspot\share\classfile\systemDictionary.cpp, line 256]
Event: 5.610 Thread 0x0000026e8f25c740 Exception <a 'java/lang/ClassNotFoundException'{0x0000000085f9ca88}: org/springframework/beans/factory/AwareCustomizer> (0x0000000085f9ca88) 
thrown [s\src\hotspot\share\classfile\systemDictionary.cpp, line 256]
Event: 5.739 Thread 0x0000026e8f25c740 Exception <a 'java/lang/ClassNotFoundException'{0x00000000858686d8}: java/lang/ObjectCustomizer> (0x00000000858686d8) 
thrown [s\src\hotspot\share\classfile\systemDictionary.cpp, line 256]
Event: 5.739 Thread 0x0000026e8f25c740 Exception <a 'java/lang/ClassNotFoundException'{0x0000000085870de8}: org/springframework/security/config/annotation/web/configuration/HttpSecurityConfigurationCustomizer> (0x0000000085870de8) 
thrown [s\src\hotspot\share\classfile\systemDictionary.cpp, line 256]
Event: 5.793 Thread 0x0000026e8f25c740 Exception <a 'java/lang/NoSuchMethodError'{0x0000000085642ae8}: 'java.lang.Object java.lang.invoke.DirectMethodHandle$Holder.invokeSpecial(java.lang.Object, java.lang.Object, int, java.lang.Object, int, java.lang.Object)'> (0x0000000085642ae8) 
thrown [s\src\hotspot\share\interpreter\linkResolver.cpp, line 759]
Event: 5.794 Thread 0x0000026e8f25c740 Exception <a 'java/lang/NoSuchMethodError'{0x000000008564a8e8}: 'java.lang.Object java.lang.invoke.DirectMethodHandle$Holder.newInvokeSpecial(java.lang.Object, java.lang.Object, int, java.lang.Object, int)'> (0x000000008564a8e8) 
thrown [s\src\hotspot\share\interpreter\linkResolver.cpp, line 759]
Event: 5.794 Thread 0x0000026e8f25c740 Exception <a 'java/lang/NoSuchMethodError'{0x000000008564e9e8}: 'java.lang.Object java.lang.invoke.DirectMethodHandle$Holder.invokeSpecial(java.lang.Object, java.lang.Object, java.lang.Object, int, java.lang.Object, int)'> (0x000000008564e9e8) 
thrown [s\src\hotspot\share\interpreter\linkResolver.cpp, line 759]
Event: 5.795 Thread 0x0000026e8f25c740 Exception <a 'java/lang/NoSuchMethodError'{0x0000000085658df8}: 'void java.lang.invoke.DirectMethodHandle$Holder.invokeVirtual(java.lang.Object, java.lang.Object)'> (0x0000000085658df8) 
thrown [s\src\hotspot\share\interpreter\linkResolver.cpp, line 759]
Event: 40.635 Thread 0x0000026ea290ce00 Exception <a 'java/lang/NoSuchMethodError'{0x0000000088722b18}: 'java.lang.Object java.lang.invoke.DirectMethodHandle$Holder.invokeStaticInit(java.lang.Object, java.lang.Object, java.lang.Object, java.lang.Object, java.lang.Object, java.lang.Object)'> (0x0000000088722b18) 
thrown [s\src\hotspot\share\interpreter\linkResolver.cpp, line 759]

VM Operations (20 events):
Event: 40.335 Executing VM operation: HandshakeAllThreads done
Event: 40.371 Executing VM operation: HandshakeAllThreads
Event: 40.371 Executing VM operation: HandshakeAllThreads done
Event: 40.371 Executing VM operation: Cleanup
Event: 40.371 Executing VM operation: Cleanup done
Event: 40.450 Executing VM operation: HandshakeAllThreads
Event: 40.450 Executing VM operation: HandshakeAllThreads done
Event: 40.529 Executing VM operation: G1CollectForAllocation
Event: 40.539 Executing VM operation: G1CollectForAllocation done
Event: 40.678 Executing VM operation: G1CollectForAllocation
Event: 40.683 Executing VM operation: G1CollectForAllocation done
Event: 40.686 Executing VM operation: G1CollectForAllocation
Event: 40.689 Executing VM operation: G1CollectForAllocation done
Event: 40.702 Executing VM operation: G1CollectForAllocation
Event: 40.705 Executing VM operation: G1CollectForAllocation done
Event: 40.708 Executing VM operation: G1CollectForAllocation
Event: 40.710 Executing VM operation: G1CollectForAllocation done
Event: 40.713 Executing VM operation: G1CollectForAllocation
Event: 40.715 Executing VM operation: G1CollectForAllocation done
Event: 40.717 Executing VM operation: G1CollectForAllocation

Events (20 events):
Event: 40.312 loading class sun/nio/cs/ThreadLocalCoders done
Event: 40.312 loading class sun/nio/cs/ThreadLocalCoders$1
Event: 40.312 loading class sun/nio/cs/ThreadLocalCoders$Cache
Event: 40.312 loading class sun/nio/cs/ThreadLocalCoders$Cache done
Event: 40.312 loading class sun/nio/cs/ThreadLocalCoders$1 done
Event: 40.312 loading class sun/nio/cs/ThreadLocalCoders$2
Event: 40.312 loading class sun/nio/cs/ThreadLocalCoders$2 done
Event: 40.408 loading class java/time/ZoneRegion
Event: 40.408 loading class java/time/ZoneRegion done
Event: 40.408 loading class java/time/zone/ZoneRules
Event: 40.409 loading class java/time/zone/ZoneRules done
Event: 40.409 loading class java/time/zone/ZoneOffsetTransitionRule
Event: 40.409 loading class java/time/zone/ZoneOffsetTransitionRule done
Event: 40.409 loading class java/time/format/DateTimeFormatterBuilder$ZoneTextPrinterParser
Event: 40.410 loading class java/time/format/DateTimeFormatterBuilder$ZoneTextPrinterParser done
Event: 40.410 loading class java/time/format/DateTimeFormatterBuilder$ReducedPrinterParser
Event: 40.410 loading class java/time/format/DateTimeFormatterBuilder$ReducedPrinterParser done
Event: 40.413 Thread 0x0000026e9d9d5ed0 Thread added: 0x0000026e9d9d5ed0
Event: 40.668 loading class jdk/internal/reflect/UnsafeFloatFieldAccessorImpl
Event: 40.668 loading class jdk/internal/reflect/UnsafeFloatFieldAccessorImpl done


Dynamic libraries:
0x00007ff74ce80000 - 0x00007ff74ce8e000 	C:\Users\lenovo\Downloads\sts-4.17.2.RELEASE\plugins\org.eclipse.justj.openjdk.hotspot.jre.full.win32.x86_64_17.0.6.v20230125-1136\jre\bin\javaw.exe
0x00007ff8b0090000 - 0x00007ff8b02a4000 	C:\WINDOWS\SYSTEM32\ntdll.dll
0x00007ff8afdf0000 - 0x00007ff8afeb3000 	C:\WINDOWS\System32\KERNEL32.DLL
0x00007ff8adb00000 - 0x00007ff8ade9c000 	C:\WINDOWS\System32\KERNELBASE.dll
0x00007ff8ad5c0000 - 0x00007ff8ad6d1000 	C:\WINDOWS\System32\ucrtbase.dll
0x00007ff8a5630000 - 0x00007ff8a5649000 	C:\Users\lenovo\Downloads\sts-4.17.2.RELEASE\plugins\org.eclipse.justj.openjdk.hotspot.jre.full.win32.x86_64_17.0.6.v20230125-1136\jre\bin\VCRUNTIME140.dll
0x00007ff8a5490000 - 0x00007ff8a54a7000 	C:\Users\lenovo\Downloads\sts-4.17.2.RELEASE\plugins\org.eclipse.justj.openjdk.hotspot.jre.full.win32.x86_64_17.0.6.v20230125-1136\jre\bin\jli.dll
0x00007ff8adfc0000 - 0x00007ff8ae16d000 	C:\WINDOWS\System32\USER32.dll
0x00007ff88c070000 - 0x00007ff88c2fe000 	C:\WINDOWS\WinSxS\amd64_microsoft.windows.common-controls_6595b64144ccf1df_6.0.22621.608_none_a9444ca7c10bb01d\COMCTL32.dll
0x00007ff8ad6e0000 - 0x00007ff8ad706000 	C:\WINDOWS\System32\win32u.dll
0x00007ff8afd40000 - 0x00007ff8afde7000 	C:\WINDOWS\System32\msvcrt.dll
0x00007ff8af800000 - 0x00007ff8af829000 	C:\WINDOWS\System32\GDI32.dll
0x00007ff8ad940000 - 0x00007ff8ada53000 	C:\WINDOWS\System32\gdi32full.dll
0x00007ff8ada60000 - 0x00007ff8adafa000 	C:\WINDOWS\System32\msvcp_win.dll
0x00007ff8ae790000 - 0x00007ff8ae7c1000 	C:\WINDOWS\System32\IMM32.DLL
0x00007ff8a7230000 - 0x00007ff8a723c000 	C:\Users\lenovo\Downloads\sts-4.17.2.RELEASE\plugins\org.eclipse.justj.openjdk.hotspot.jre.full.win32.x86_64_17.0.6.v20230125-1136\jre\bin\vcruntime140_1.dll
0x00007ff885f10000 - 0x00007ff885fa1000 	C:\Users\lenovo\Downloads\sts-4.17.2.RELEASE\plugins\org.eclipse.justj.openjdk.hotspot.jre.full.win32.x86_64_17.0.6.v20230125-1136\jre\bin\msvcp140.dll
0x00007ff84d660000 - 0x00007ff84e2a7000 	C:\Users\lenovo\Downloads\sts-4.17.2.RELEASE\plugins\org.eclipse.justj.openjdk.hotspot.jre.full.win32.x86_64_17.0.6.v20230125-1136\jre\bin\server\jvm.dll
0x00007ff8af630000 - 0x00007ff8af6de000 	C:\WINDOWS\System32\ADVAPI32.dll
0x00007ff8af830000 - 0x00007ff8af8d4000 	C:\WINDOWS\System32\sechost.dll
0x00007ff8adea0000 - 0x00007ff8adfb5000 	C:\WINDOWS\System32\RPCRT4.dll
0x00007ff8a6320000 - 0x00007ff8a6354000 	C:\WINDOWS\SYSTEM32\WINMM.dll
0x00007ff8a8ec0000 - 0x00007ff8a8ec9000 	C:\WINDOWS\SYSTEM32\WSOCK32.dll
0x00007ff8a24c0000 - 0x00007ff8a24ca000 	C:\WINDOWS\SYSTEM32\VERSION.dll
0x00007ff8aff70000 - 0x00007ff8affe1000 	C:\WINDOWS\System32\WS2_32.dll
0x00007ff8ac5d0000 - 0x00007ff8ac5e8000 	C:\WINDOWS\SYSTEM32\kernel.appcore.dll
0x00007ff8a8460000 - 0x00007ff8a846a000 	C:\Users\lenovo\Downloads\sts-4.17.2.RELEASE\plugins\org.eclipse.justj.openjdk.hotspot.jre.full.win32.x86_64_17.0.6.v20230125-1136\jre\bin\jimage.dll
0x00007ff8aafa0000 - 0x00007ff8ab1ce000 	C:\WINDOWS\SYSTEM32\DBGHELP.DLL
0x00007ff8af9b0000 - 0x00007ff8afd39000 	C:\WINDOWS\System32\combase.dll
0x00007ff8ae8d0000 - 0x00007ff8ae9a7000 	C:\WINDOWS\System32\OLEAUT32.dll
0x00007ff89c2c0000 - 0x00007ff89c2f2000 	C:\WINDOWS\SYSTEM32\dbgcore.DLL
0x00007ff8ad4d0000 - 0x00007ff8ad54b000 	C:\WINDOWS\System32\bcryptPrimitives.dll
0x00007ff8a73f0000 - 0x00007ff8a7415000 	C:\Users\lenovo\Downloads\sts-4.17.2.RELEASE\plugins\org.eclipse.justj.openjdk.hotspot.jre.full.win32.x86_64_17.0.6.v20230125-1136\jre\bin\java.dll
0x00007ff8a73d0000 - 0x00007ff8a73e8000 	C:\Users\lenovo\Downloads\sts-4.17.2.RELEASE\plugins\org.eclipse.justj.openjdk.hotspot.jre.full.win32.x86_64_17.0.6.v20230125-1136\jre\bin\zip.dll
0x00007ff8ae9b0000 - 0x00007ff8af1a0000 	C:\WINDOWS\System32\SHELL32.dll
0x00007ff8ab4a0000 - 0x00007ff8abd6e000 	C:\WINDOWS\SYSTEM32\windows.storage.dll
0x00007ff8ab360000 - 0x00007ff8ab49e000 	C:\WINDOWS\SYSTEM32\wintypes.dll
0x00007ff8af450000 - 0x00007ff8af541000 	C:\WINDOWS\System32\SHCORE.dll
0x00007ff8af580000 - 0x00007ff8af5de000 	C:\WINDOWS\System32\shlwapi.dll
0x00007ff8ad400000 - 0x00007ff8ad421000 	C:\WINDOWS\SYSTEM32\profapi.dll
0x00007ff8a7380000 - 0x00007ff8a7399000 	C:\Users\lenovo\Downloads\sts-4.17.2.RELEASE\plugins\org.eclipse.justj.openjdk.hotspot.jre.full.win32.x86_64_17.0.6.v20230125-1136\jre\bin\net.dll
0x00007ff8a61a0000 - 0x00007ff8a62cf000 	C:\WINDOWS\SYSTEM32\WINHTTP.dll
0x00007ff8aca30000 - 0x00007ff8aca99000 	C:\WINDOWS\system32\mswsock.dll
0x00007ff8a7360000 - 0x00007ff8a7375000 	C:\Users\lenovo\Downloads\sts-4.17.2.RELEASE\plugins\org.eclipse.justj.openjdk.hotspot.jre.full.win32.x86_64_17.0.6.v20230125-1136\jre\bin\nio.dll
0x00007ff8a74b0000 - 0x00007ff8a74b9000 	C:\Users\lenovo\Downloads\sts-4.17.2.RELEASE\plugins\org.eclipse.justj.openjdk.hotspot.jre.full.win32.x86_64_17.0.6.v20230125-1136\jre\bin\management.dll
0x00007ff8a74a0000 - 0x00007ff8a74ab000 	C:\Users\lenovo\Downloads\sts-4.17.2.RELEASE\plugins\org.eclipse.justj.openjdk.hotspot.jre.full.win32.x86_64_17.0.6.v20230125-1136\jre\bin\management_ext.dll
0x00007ff8afec0000 - 0x00007ff8afec8000 	C:\WINDOWS\System32\PSAPI.DLL
0x00007ff86efc0000 - 0x00007ff86efd7000 	C:\WINDOWS\system32\napinsp.dll
0x00007ff86efa0000 - 0x00007ff86efbb000 	C:\WINDOWS\system32\pnrpnsp.dll
0x00007ff8ac0a0000 - 0x00007ff8ac193000 	C:\WINDOWS\SYSTEM32\DNSAPI.dll
0x00007ff8ac030000 - 0x00007ff8ac05d000 	C:\WINDOWS\SYSTEM32\IPHLPAPI.DLL
0x00007ff8af570000 - 0x00007ff8af579000 	C:\WINDOWS\System32\NSI.dll
0x00007ff86ef80000 - 0x00007ff86ef91000 	C:\WINDOWS\System32\winrnr.dll
0x00007ff8a5fd0000 - 0x00007ff8a5fe5000 	C:\WINDOWS\system32\wshbth.dll
0x00007ff86ef50000 - 0x00007ff86ef71000 	C:\WINDOWS\system32\nlansp_c.dll
0x00007ff8a3850000 - 0x00007ff8a385a000 	C:\Windows\System32\rasadhlp.dll
0x00007ff8a4830000 - 0x00007ff8a48b3000 	C:\WINDOWS\System32\fwpuclnt.dll
0x00007ff8acd50000 - 0x00007ff8acd6b000 	C:\WINDOWS\SYSTEM32\CRYPTSP.dll
0x00007ff8ac540000 - 0x00007ff8ac575000 	C:\WINDOWS\system32\rsaenh.dll
0x00007ff8acad0000 - 0x00007ff8acaf8000 	C:\WINDOWS\SYSTEM32\USERENV.dll
0x00007ff8ace80000 - 0x00007ff8acea8000 	C:\WINDOWS\SYSTEM32\bcrypt.dll
0x00007ff8acd30000 - 0x00007ff8acd3c000 	C:\WINDOWS\SYSTEM32\CRYPTBASE.dll
0x00007ff8a5fb0000 - 0x00007ff8a5fc9000 	C:\WINDOWS\SYSTEM32\dhcpcsvc6.DLL
0x00007ff8a5f90000 - 0x00007ff8a5faf000 	C:\WINDOWS\SYSTEM32\dhcpcsvc.DLL
0x00007ff8a8450000 - 0x00007ff8a8460000 	C:\Users\lenovo\Downloads\sts-4.17.2.RELEASE\plugins\org.eclipse.justj.openjdk.hotspot.jre.full.win32.x86_64_17.0.6.v20230125-1136\jre\bin\verify.dll
0x00007ff8a7680000 - 0x00007ff8a768e000 	C:\Users\lenovo\Downloads\sts-4.17.2.RELEASE\plugins\org.eclipse.justj.openjdk.hotspot.jre.full.win32.x86_64_17.0.6.v20230125-1136\jre\bin\sunmscapi.dll
0x00007ff8ad7d0000 - 0x00007ff8ad936000 	C:\WINDOWS\System32\CRYPT32.dll
0x00007ff8ace50000 - 0x00007ff8ace7d000 	C:\WINDOWS\SYSTEM32\ncrypt.dll
0x00007ff8ace10000 - 0x00007ff8ace47000 	C:\WINDOWS\SYSTEM32\NTASN1.dll
0x00007ff8a9c20000 - 0x00007ff8a9c28000 	C:\WINDOWS\system32\wshunix.dll

dbghelp: loaded successfully - version: 4.0.5 - missing functions: none
symbol engine: initialized successfully - sym options: 0x614 - pdb path: .;C:\Users\lenovo\Downloads\sts-4.17.2.RELEASE\plugins\org.eclipse.justj.openjdk.hotspot.jre.full.win32.x86_64_17.0.6.v20230125-1136\jre\bin;C:\WINDOWS\SYSTEM32;C:\WINDOWS\WinSxS\amd64_microsoft.windows.common-controls_6595b64144ccf1df_6.0.22621.608_none_a9444ca7c10bb01d;C:\Users\lenovo\Downloads\sts-4.17.2.RELEASE\plugins\org.eclipse.justj.openjdk.hotspot.jre.full.win32.x86_64_17.0.6.v20230125-1136\jre\bin\server

VM Arguments:
jvm_args: -Dcom.sun.management.jmxremote -Dcom.sun.management.jmxremote.port=64995 -Dcom.sun.management.jmxremote.authenticate=false -Dcom.sun.management.jmxremote.ssl=false -Djava.rmi.server.hostname=localhost -Dspring.jmx.enabled=true -Dmanagement.endpoints.jmx.exposure.include=* -Dspring.application.admin.enabled=true -XX:TieredStopAtLevel=1 -Dspring.boot.project.name=pfeBRK -Dfile.encoding=UTF-8 -XX:+ShowCodeDetailsInExceptionMessages 
java_command: com.example.demo.SpringBootLoginExampleApplication --spring.output.ansi.enabled=always
java_class_path (initial): C:\Users\lenovo\Downloads\spring-boot-login-example-master\target\classes;C:\Users\lenovo\.m2\repository\org\springframework\boot\spring-boot-starter-data-jpa\2.7.3\spring-boot-starter-data-jpa-2.7.3.jar;C:\Users\lenovo\.m2\repository\org\springframework\boot\spring-boot-starter-aop\2.7.3\spring-boot-starter-aop-2.7.3.jar;C:\Users\lenovo\.m2\repository\org\aspectj\aspectjweaver\1.9.7\aspectjweaver-1.9.7.jar;C:\Users\lenovo\.m2\repository\org\springframework\boot\spring-boot-starter-jdbc\2.7.3\spring-boot-starter-jdbc-2.7.3.jar;C:\Users\lenovo\.m2\repository\com\zaxxer\HikariCP\4.0.3\HikariCP-4.0.3.jar;C:\Users\lenovo\.m2\repository\org\springframework\spring-jdbc\5.3.22\spring-jdbc-5.3.22.jar;C:\Users\lenovo\.m2\repository\jakarta\transaction\jakarta.transaction-api\1.3.3\jakarta.transaction-api-1.3.3.jar;C:\Users\lenovo\.m2\repository\jakarta\persistence\jakarta.persistence-api\2.2.3\jakarta.persistence-api-2.2.3.jar;C:\Users\lenovo\.m2\repository\org\hibernate\hibernate-core\5.6.10.Final\hibernate-core-5.6.10.Final.jar;C:\Users\lenovo\.m2\repository\org\jboss\logging\jboss-logging\3.4.3.Final\jboss-logging-3.4.3.Final.jar;C:\Users\lenovo\.m2\repository\net\bytebuddy\byte-buddy\1.12.13\byte-buddy-1.12.13.jar;C:\Users\lenovo\.m2\repository\antlr\antlr\2.7.7\antlr-2.7.7.jar;C:\Users\lenovo\.m2\repository\org\jboss\jandex\2.4.2.Final\jandex-2.4.2.Final.jar;C:\Users\lenovo\.m2\repository\com\fasterxml\classmate\1.5.1\classmate-1.5.1.jar;C:\Users\lenovo\.m2\repository\org\hibernate\common\hibernate-commons-annotations\5.1.2.Final\hibernate-commons-annotations-5.1.2.Final.jar;C:\Users\lenovo\.m2\repository\org\glassfish\jaxb\jaxb-runtime\2.3.6\jaxb-runtime-2.3.6.jar;C:\Users\lenovo\.m2\repository\org\glassfish\jaxb\txw2\2.3.6\txw2-2.3.6.jar;C:\Users\lenovo\.m2\repository\com\sun\istack\istack-commons-runtime\3.0.12\istack-commons-runtime-3.0.12.jar;C:\Users\lenovo\.m2\repository\com\sun\activation\jakarta.activation\1.2.2\jakarta.activation-1
Launcher Type: SUN_STANDARD

[Global flags]
     intx CICompilerCount                          = 4                                         {product} {ergonomic}
     uint ConcGCThreads                            = 2                                         {product} {ergonomic}
     uint G1ConcRefinementThreads                  = 8                                         {product} {ergonomic}
   size_t G1HeapRegionSize                         = 1048576                                   {product} {ergonomic}
    uintx GCDrainStackTargetSize                   = 64                                        {product} {ergonomic}
   size_t InitialHeapSize                          = 132120576                                 {product} {ergonomic}
     bool ManagementServer                         = true                                      {product} {command line}
   size_t MarkStackSize                            = 4194304                                   {product} {ergonomic}
   size_t MaxHeapSize                              = 2113929216                                {product} {ergonomic}
   size_t MaxNewSize                               = 1267728384                                {product} {ergonomic}
   size_t MinHeapDeltaBytes                        = 1048576                                   {product} {ergonomic}
   size_t MinHeapSize                              = 8388608                                   {product} {ergonomic}
    uintx NonProfiledCodeHeapSize                  = 0                                      {pd product} {ergonomic}
     bool ProfileInterpreter                       = false                                  {pd product} {command line}
    uintx ProfiledCodeHeapSize                     = 0                                      {pd product} {ergonomic}
     bool ShowCodeDetailsInExceptionMessages       = true                                   {manageable} {command line}
   size_t SoftMaxHeapSize                          = 2113929216                             {manageable} {ergonomic}
     intx TieredStopAtLevel                        = 1                                         {product} {command line}
     bool UseCompressedClassPointers               = true                           {product lp64_product} {ergonomic}
     bool UseCompressedOops                        = true                           {product lp64_product} {ergonomic}
     bool UseG1GC                                  = true                                      {product} {ergonomic}
     bool UseLargePagesIndividualAllocation        = false                                  {pd product} {ergonomic}

Logging:
Log output configuration:
 #0: stdout all=warning uptime,level,tags
 #1: stderr all=off uptime,level,tags

Environment Variables:
PATH=C:/Users/lenovo/Downloads/sts-4.17.2.RELEASE//plugins/org.eclipse.justj.openjdk.hotspot.jre.full.win32.x86_64_17.0.6.v20230125-1136/jre/bin/server;C:/Users/lenovo/Downloads/sts-4.17.2.RELEASE//plugins/org.eclipse.justj.openjdk.hotspot.jre.full.win32.x86_64_17.0.6.v20230125-1136/jre/bin;C:\Program Files\Common Files\Oracle\Java\javapath;C:\WINDOWS\system32;C:\WINDOWS;C:\WINDOWS\System32\Wbem;C:\WINDOWS\System32\WindowsPowerShell\v1.0\;C:\WINDOWS\System32\OpenSSH\;C:\Program Files\swipl\bin;C:\xampp\php;C:\laragon\bin\php\php-8.1.4-Win32-vs16-x64;C:\ProgramData\ComposerSetup\bin;C:\Program Files\dotnet\;C:\laragon\;C:\Users\lenovo\AppData\Roaming\Microsoft\Windows\Start Menu\Programs\Python 3.9;C:\Program Files\Git\cmd;C:\Program Files\NVIDIA Corporation\NVIDIA NvDLISR;C:\WINDOWS\system32;C:\WINDOWS;C:\WINDOWS\System32\Wbem;C:\WINDOWS\System32\WindowsPowerShell\v1.0\;C:\WINDOWS\System32\OpenSSH\;C:\Program Files (x86)\Microsoft SQL Server\150\Tools\Binn\;C:\Program Files\Microsoft SQL Server\150\Tools\Binn\;C:\Program Files (x86)\Microsoft SQL Server\150\DTS\Binn\;C:\Program Files\Microsoft SQL Server\150\DTS\Binn\;C:\Program Files\Microsoft SQL Server\Client SDK\ODBC\170\Tools\Binn\;C:\Program Files\Azure Data Studio\bin;C:\Program Files (x86)\Microsoft SQL Server\110\DTS\Binn\;C:\Program Files (x86)\Microsoft SQL Server\120\DTS\Binn\;C:\Program Files (x86)\Microsoft SQL Server\130\DTS\Binn\;C:\Program Files (x86)\Microsoft SQL Server\140\DTS\Binn\;C:\Program Files (x86)\Microsoft SQL Server\160\DTS\Binn\;C:\Program Files (x86)\NVIDIA Corporation\PhysX\Common;C:\Program Files\Java\jdk-17\bin;C:\Users\lenovo\AppData\Local\Programs\Python\Python37\Scripts\;C:\Users\lenovo\AppData\Local\Programs\Python\Python37\;C:\laragon\bin;C:\laragon\bin\apache\httpd-2.4.47-win64-VS16\bin;C:\laragon\bin\composer;C:\laragon\bin\git\bin;C:\laragon\bin\git\cmd;C:\laragon\bin\git\mingw64\bin;C:\laragon\bin\git\usr\bin;C:\laragon\bin\laragon\utils;C:\laragon\bin\mysql\mysql-5.7.33-winx
USERNAME=lenovo
OS=Windows_NT
PROCESSOR_IDENTIFIER=Intel64 Family 6 Model 142 Stepping 10, GenuineIntel
TMP=C:\Users\lenovo\AppData\Local\Temp
TEMP=C:\Users\lenovo\AppData\Local\Temp



---------------  S Y S T E M  ---------------

OS:
 Windows 11 , 64 bit Build 22621 (10.0.22621.1344)
OS uptime: 2 days 0:13 hours
Hyper-V role detected

CPU: total 8 (initial active 8) (4 cores per cpu, 2 threads per core) family 6 model 142 stepping 10 microcode 0xe0, cx8, cmov, fxsr, ht, mmx, 3dnowpref, sse, sse2, sse3, ssse3, sse4.1, sse4.2, popcnt, lzcnt, tsc, tscinvbit, avx, avx2, aes, erms, clmul, bmi1, bmi2, adx, fma, vzeroupper, clflush, clflushopt, hv

Memory: 4k page, system-wide physical 8058M (429M free)
TotalPageFile size 11058M (AvailPageFile size 145M)
current process WorkingSet (physical memory assigned to process): 249M, peak: 249M
current process commit charge ("private bytes"): 304M, peak: 493M

vm_info: OpenJDK 64-Bit Server VM (17.0.6+10) for windows-amd64 JRE (17.0.6+10), built on Jan 18 2023 10:08:59 by "temurin" with MS VC++ 16.7 (VS2019)

END.
