#
# There is insufficient memory for the Java Runtime Environment to continue.
# Native memory allocation (mmap) failed to map 65536 bytes for Failed to commit metaspace.
# Possible reasons:
#   The system is out of physical RAM or swap space
#   The process is running with CompressedOops enabled, and the Java Heap may be blocking the growth of the native heap
# Possible solutions:
#   Reduce memory load on the system
#   Increase physical memory or swap space
#   Check if swap backing store is full
#   Decrease Java heap size (-Xmx/-Xms)
#   Decrease number of Java threads
#   Decrease Java thread stack sizes (-Xss)
#   Set larger code cache with -XX:ReservedCodeCacheSize=
#   JVM is running with Unscaled Compressed Oops mode in which the Java heap is
#     placed in the first 4GB address space. The Java Heap base address is the
#     maximum limit for the native heap growth. Please use -XX:HeapBaseMinAddress
#     to set the Java Heap base and to place the Java Heap above 4GB virtual address.
# This output file may be truncated or incomplete.
#
#  Out of Memory Error (virtualSpaceNode.cpp:110), pid=9780, tid=13184
#
# JRE version: OpenJDK Runtime Environment Temurin-17.0.6+10 (17.0.6+10) (build 17.0.6+10)
# Java VM: OpenJDK 64-Bit Server VM Temurin-17.0.6+10 (17.0.6+10, mixed mode, emulated-client, tiered, compressed oops, compressed class ptrs, g1 gc, windows-amd64)
# No core dump will be written. Minidumps are not enabled by default on client versions of Windows
#

---------------  S U M M A R Y ------------

Command Line: -Dcom.sun.management.jmxremote -Dcom.sun.management.jmxremote.port=65110 -Dcom.sun.management.jmxremote.authenticate=false -Dcom.sun.management.jmxremote.ssl=false -Djava.rmi.server.hostname=localhost -Dspring.jmx.enabled=true -Dmanagement.endpoints.jmx.exposure.include=* -Dspring.application.admin.enabled=true -XX:TieredStopAtLevel=1 -Dspring.boot.project.name=pfeBRK -Dfile.encoding=UTF-8 -XX:+ShowCodeDetailsInExceptionMessages com.example.demo.SpringBootLoginExampleApplication --spring.output.ansi.enabled=always

Host: Intel(R) Core(TM) i5-8250U CPU @ 1.60GHz, 8 cores, 7G,  Windows 11 , 64 bit Build 22621 (10.0.22621.1344)
Time: Fri Mar 31 04:08:15 2023 Paris, Madrid (heure duild 22621 (10.0.22621.1344) elapsed time: 44.163797 seconds (0d 0h 0m 44s)

---------------  T H R E A D  ---------------

Current thread (0x0000023dbce45bc0):  JavaThread "http-nio-8080-exec-2" daemon [_thread_in_vm, id=13184, stack(0x000000d464200000,0x000000d464300000)]

Stack: [0x000000d464200000,0x000000d464300000]
Native frames: (J=compiled Java code, j=interpreted, Vv=VM code, C=native code)
V  [jvm.dll+0x67741a]
V  [jvm.dll+0x834434]
V  [jvm.dll+0x835bde]
V  [jvm.dll+0x836243]
V  [jvm.dll+0x2457b5]
V  [jvm.dll+0x8304cb]
V  [jvm.dll+0x61bca6]
V  [jvm.dll+0x1c05fe]
V  [jvm.dll+0x61e5f1]
V  [jvm.dll+0x61c646]
V  [jvm.dll+0x24320c]
V  [jvm.dll+0x6cd84d]
V  [jvm.dll+0x6ce27f]
V  [jvm.dll+0x36fd73]
V  [jvm.dll+0x36fbe6]
V  [jvm.dll+0x36fbe6]
V  [jvm.dll+0x36ef52]
V  [jvm.dll+0x36eef8]
V  [jvm.dll+0x37ed0a]
C  0x0000023daff59925

Java frames: (J=compiled Java code, j=interpreted, Vv=VM code)
j  org.springframework.security.web.firewall.StrictHttpFirewall.getFirewalledRequest(Ljavax/servlet/http/HttpServletRequest;)Lorg/springframework/security/web/firewall/FirewalledRequest;+44
j  org.springframework.security.web.FilterChainProxy.doFilterInternal(Ljavax/servlet/ServletRequest;Ljavax/servlet/ServletResponse;Ljavax/servlet/FilterChain;)V+8
j  org.springframework.security.web.FilterChainProxy.doFilter(Ljavax/servlet/ServletRequest;Ljavax/servlet/ServletResponse;Ljavax/servlet/FilterChain;)V+48
j  org.springframework.web.filter.DelegatingFilterProxy.invokeDelegate(Ljavax/servlet/Filter;Ljavax/servlet/ServletRequest;Ljavax/servlet/ServletResponse;Ljavax/servlet/FilterChain;)V+5
j  org.springframework.web.filter.DelegatingFilterProxy.doFilter(Ljavax/servlet/ServletRequest;Ljavax/servlet/ServletResponse;Ljavax/servlet/FilterChain;)V+85
j  org.apache.catalina.core.ApplicationFilterChain.internalDoFilter(Ljavax/servlet/ServletRequest;Ljavax/servlet/ServletResponse;)V+135
j  org.apache.catalina.core.ApplicationFilterChain.doFilter(Ljavax/servlet/ServletRequest;Ljavax/servlet/ServletResponse;)V+99
j  org.springframework.web.filter.RequestContextFilter.doFilterInternal(Ljavax/servlet/http/HttpServletRequest;Ljavax/servlet/http/HttpServletResponse;Ljavax/servlet/FilterChain;)V+21
j  org.springframework.web.filter.OncePerRequestFilter.doFilter(Ljavax/servlet/ServletRequest;Ljavax/servlet/ServletResponse;Ljavax/servlet/FilterChain;)V+147
j  org.apache.catalina.core.ApplicationFilterChain.internalDoFilter(Ljavax/servlet/ServletRequest;Ljavax/servlet/ServletResponse;)V+135
j  org.apache.catalina.core.ApplicationFilterChain.doFilter(Ljavax/servlet/ServletRequest;Ljavax/servlet/ServletResponse;)V+99
j  org.springframework.web.filter.FormContentFilter.doFilterInternal(Ljavax/servlet/http/HttpServletRequest;Ljavax/servlet/http/HttpServletResponse;Ljavax/servlet/FilterChain;)V+38
j  org.springframework.web.filter.OncePerRequestFilter.doFilter(Ljavax/servlet/ServletRequest;Ljavax/servlet/ServletResponse;Ljavax/servlet/FilterChain;)V+147
j  org.apache.catalina.core.ApplicationFilterChain.internalDoFilter(Ljavax/servlet/ServletRequest;Ljavax/servlet/ServletResponse;)V+135
j  org.apache.catalina.core.ApplicationFilterChain.doFilter(Ljavax/servlet/ServletRequest;Ljavax/servlet/ServletResponse;)V+99
j  org.springframework.web.filter.CharacterEncodingFilter.doFilterInternal(Ljavax/servlet/http/HttpServletRequest;Ljavax/servlet/http/HttpServletResponse;Ljavax/servlet/FilterChain;)V+53
j  org.springframework.web.filter.OncePerRequestFilter.doFilter(Ljavax/servlet/ServletRequest;Ljavax/servlet/ServletResponse;Ljavax/servlet/FilterChain;)V+147
j  org.apache.catalina.core.ApplicationFilterChain.internalDoFilter(Ljavax/servlet/ServletRequest;Ljavax/servlet/ServletResponse;)V+135
j  org.apache.catalina.core.ApplicationFilterChain.doFilter(Ljavax/servlet/ServletRequest;Ljavax/servlet/ServletResponse;)V+99
j  org.apache.catalina.core.StandardWrapperValve.invoke(Lorg/apache/catalina/connector/Request;Lorg/apache/catalina/connector/Response;)V+694
j  org.apache.catalina.core.StandardContextValve.invoke(Lorg/apache/catalina/connector/Request;Lorg/apache/catalina/connector/Response;)V+169
j  org.apache.catalina.authenticator.AuthenticatorBase.invoke(Lorg/apache/catalina/connector/Request;Lorg/apache/catalina/connector/Response;)V+260
j  org.apache.catalina.core.StandardHostValve.invoke(Lorg/apache/catalina/connector/Request;Lorg/apache/catalina/connector/Response;)V+128
j  org.apache.catalina.valves.ErrorReportValve.invoke(Lorg/apache/catalina/connector/Request;Lorg/apache/catalina/connector/Response;)V+6
j  org.apache.catalina.core.StandardEngineValve.invoke(Lorg/apache/catalina/connector/Request;Lorg/apache/catalina/connector/Response;)V+59
j  org.apache.catalina.connector.CoyoteAdapter.service(Lorg/apache/coyote/Request;Lorg/apache/coyote/Response;)V+203
j  org.apache.coyote.http11.Http11Processor.service(Lorg/apache/tomcat/util/net/SocketWrapperBase;)Lorg/apache/tomcat/util/net/AbstractEndpoint$Handler$SocketState;+796
j  org.apache.coyote.AbstractProcessorLight.process(Lorg/apache/tomcat/util/net/SocketWrapperBase;Lorg/apache/tomcat/util/net/SocketEvent;)Lorg/apache/tomcat/util/net/AbstractEndpoint$Handler$SocketState;+170
j  org.apache.coyote.AbstractProtocol$ConnectionHandler.process(Lorg/apache/tomcat/util/net/SocketWrapperBase;Lorg/apache/tomcat/util/net/SocketEvent;)Lorg/apache/tomcat/util/net/AbstractEndpoint$Handler$SocketState;+489
j  org.apache.tomcat.util.net.NioEndpoint$SocketProcessor.doRun()V+249
j  org.apache.tomcat.util.net.SocketProcessorBase.run()V+21
j  org.apache.tomcat.util.threads.ThreadPoolExecutor.runWorker(Lorg/apache/tomcat/util/threads/ThreadPoolExecutor$Worker;)V+92
j  org.apache.tomcat.util.threads.ThreadPoolExecutor$Worker.run()V+5
j  org.apache.tomcat.util.threads.TaskThread$WrappingRunnable.run()V+4
j  java.lang.Thread.run()V+11 java.base@17.0.6
v  ~StubRoutines::call_stub

---------------  P R O C E S S  ---------------

Threads class SMR info:
_java_thread_list=0x0000023dc002f100, length=35, elements={
0x0000023dba58e250, 0x0000023dba58f210, 0x0000023dbb051300, 0x0000023dbb083530,
0x0000023dbb083ee0, 0x0000023dbb084890, 0x0000023dbb08d300, 0x0000023dbb09e4b0,
0x0000023dba529610, 0x0000023dbb272410, 0x0000023dbb7dbce0, 0x0000023dbb7da900,
0x0000023dbb7d61a0, 0x0000023dbbb4b0d0, 0x0000023dbbb53a70, 0x0000023dbbb61e50,
0x0000023dbbb80e90, 0x0000023dbce46a30, 0x0000023dbce46090, 0x0000023dbce43070,
0x0000023dbce443b0, 0x0000023dbce44880, 0x0000023dbce45220, 0x0000023dbce45bc0,
0x0000023dc020a090, 0x0000023dc0207070, 0x0000023dc0207ee0, 0x0000023dc020a560,
0x0000023dc0208d50, 0x0000023dc02096f0, 0x0000023dc0207a10, 0x0000023dc0209220,
0x0000023dc02083b0, 0x0000023dc0207540, 0x0000023dc0209bc0
}

Java Threads: ( => current thread )
  0x0000023dba58e250 JavaThread "Reference Handler" daemon [_thread_blocked, id=1128, stack(0x000000d461c00000,0x000000d461d00000)]
  0x0000023dba58f210 JavaThread "Finalizer" daemon [_thread_blocked, id=10256, stack(0x000000d461d00000,0x000000d461e00000)]
  0x0000023dbb051300 JavaThread "Signal Dispatcher" daemon [_thread_blocked, id=7072, stack(0x000000d461e00000,0x000000d461f00000)]
  0x0000023dbb083530 JavaThread "Attach Listener" daemon [_thread_blocked, id=5084, stack(0x000000d461f00000,0x000000d462000000)]
  0x0000023dbb083ee0 JavaThread "Service Thread" daemon [_thread_blocked, id=1356, stack(0x000000d462000000,0x000000d462100000)]
  0x0000023dbb084890 JavaThread "Monitor Deflation Thread" daemon [_thread_blocked, id=2792, stack(0x000000d462100000,0x000000d462200000)]
  0x0000023dbb08d300 JavaThread "C1 CompilerThread0" daemon [_thread_blocked, id=9520, stack(0x000000d462200000,0x000000d462300000)]
  0x0000023dbb09e4b0 JavaThread "Sweeper thread" daemon [_thread_blocked, id=14548, stack(0x000000d462300000,0x000000d462400000)]
  0x0000023dba529610 JavaThread "Common-Cleaner" daemon [_thread_blocked, id=5412, stack(0x000000d462400000,0x000000d462500000)]
  0x0000023dbb272410 JavaThread "Notification Thread" daemon [_thread_blocked, id=17336, stack(0x000000d462700000,0x000000d462800000)]
  0x0000023dbb7dbce0 JavaThread "RMI TCP Accept-0" daemon [_thread_in_native, id=16436, stack(0x000000d462800000,0x000000d462900000)]
  0x0000023dbb7da900 JavaThread "RMI TCP Accept-65110" daemon [_thread_in_native, id=6552, stack(0x000000d462900000,0x000000d462a00000)]
  0x0000023dbb7d61a0 JavaThread "RMI TCP Accept-0" daemon [_thread_in_native, id=2420, stack(0x000000d462a00000,0x000000d462b00000)]
  0x0000023dbbb4b0d0 JavaThread "RMI TCP Connection(idle)" daemon [_thread_blocked, id=11076, stack(0x000000d462d00000,0x000000d462e00000)]
  0x0000023dbbb53a70 JavaThread "RMI Scheduler(0)" daemon [_thread_blocked, id=9144, stack(0x000000d462e00000,0x000000d462f00000)]
  0x0000023dbbb61e50 JavaThread "RMI TCP Connection(idle)" daemon [_thread_blocked, id=17224, stack(0x000000d462f00000,0x000000d463000000)]
  0x0000023dbbb80e90 JavaThread "JMX server connection timeout 22" daemon [_thread_blocked, id=13328, stack(0x000000d463000000,0x000000d463100000)]
  0x0000023dbce46a30 JavaThread "mysql-cj-abandoned-connection-cleanup" daemon [_thread_blocked, id=5780, stack(0x000000d463a00000,0x000000d463b00000)]
  0x0000023dbce46090 JavaThread "HikariPool-1 housekeeper" daemon [_thread_blocked, id=16592, stack(0x000000d463c00000,0x000000d463d00000)]
  0x0000023dbce43070 JavaThread "Catalina-utility-1" [_thread_blocked, id=17996, stack(0x000000d463e00000,0x000000d463f00000)]
  0x0000023dbce443b0 JavaThread "Catalina-utility-2" [_thread_blocked, id=17008, stack(0x000000d463f00000,0x000000d464000000)]
  0x0000023dbce44880 JavaThread "container-0" [_thread_blocked, id=7288, stack(0x000000d464000000,0x000000d464100000)]
  0x0000023dbce45220 JavaThread "http-nio-8080-exec-1" daemon [_thread_blocked, id=2532, stack(0x000000d464100000,0x000000d464200000)]
=>0x0000023dbce45bc0 JavaThread "http-nio-8080-exec-2" daemon [_thread_in_vm, id=13184, stack(0x000000d464200000,0x000000d464300000)]
  0x0000023dc020a090 JavaThread "http-nio-8080-exec-3" daemon [_thread_blocked, id=4132, stack(0x000000d464300000,0x000000d464400000)]
  0x0000023dc0207070 JavaThread "http-nio-8080-exec-4" daemon [_thread_blocked, id=8728, stack(0x000000d464400000,0x000000d464500000)]
  0x0000023dc0207ee0 JavaThread "http-nio-8080-exec-5" daemon [_thread_blocked, id=10548, stack(0x000000d464500000,0x000000d464600000)]
  0x0000023dc020a560 JavaThread "http-nio-8080-exec-6" daemon [_thread_blocked, id=4728, stack(0x000000d464600000,0x000000d464700000)]
  0x0000023dc0208d50 JavaThread "http-nio-8080-exec-7" daemon [_thread_blocked, id=17872, stack(0x000000d464700000,0x000000d464800000)]
  0x0000023dc02096f0 JavaThread "http-nio-8080-exec-8" daemon [_thread_blocked, id=17188, stack(0x000000d464800000,0x000000d464900000)]
  0x0000023dc0207a10 JavaThread "http-nio-8080-exec-9" daemon [_thread_blocked, id=4640, stack(0x000000d464900000,0x000000d464a00000)]
  0x0000023dc0209220 JavaThread "http-nio-8080-exec-10" daemon [_thread_blocked, id=7776, stack(0x000000d464a00000,0x000000d464b00000)]
  0x0000023dc02083b0 JavaThread "http-nio-8080-Poller" daemon [_thread_in_native, id=7700, stack(0x000000d464b00000,0x000000d464c00000)]
  0x0000023dc0207540 JavaThread "http-nio-8080-Acceptor" daemon [_thread_in_native, id=14672, stack(0x000000d464c00000,0x000000d464d00000)]
  0x0000023dc0209bc0 JavaThread "DestroyJavaVM" [_thread_blocked, id=4292, stack(0x000000d461500000,0x000000d461600000)]

Other Threads:
  0x0000023dba5a89b0 VMThread "VM Thread" [stack: 0x000000d461b00000,0x000000d461c00000] [id=16920]
  0x0000023dac91d090 WatcherThread [stack: 0x000000d462b00000,0x000000d462c00000] [id=13404]
  0x0000023dac8f4580 GCTaskThread "GC Thread#0" [stack: 0x000000d461600000,0x000000d461700000] [id=15408]
  0x0000023dbbba3450 GCTaskThread "GC Thread#1" [stack: 0x000000d463100000,0x000000d463200000] [id=18328]
  0x0000023dbc906fa0 GCTaskThread "GC Thread#2" [stack: 0x000000d463200000,0x000000d463300000] [id=9468]
  0x0000023dbc8c9040 GCTaskThread "GC Thread#3" [stack: 0x000000d463300000,0x000000d463400000] [id=11992]
  0x0000023dbbbf6d90 GCTaskThread "GC Thread#4" [stack: 0x000000d463400000,0x000000d463500000] [id=12988]
  0x0000023dbbbdae00 GCTaskThread "GC Thread#5" [stack: 0x000000d463500000,0x000000d463600000] [id=1096]
  0x0000023dbbbfea20 GCTaskThread "GC Thread#6" [stack: 0x000000d463600000,0x000000d463700000] [id=13616]
  0x0000023dbc92d650 GCTaskThread "GC Thread#7" [stack: 0x000000d463700000,0x000000d463800000] [id=1824]
  0x0000023dac9059c0 ConcurrentGCThread "G1 Main Marker" [stack: 0x000000d461700000,0x000000d461800000] [id=17828]
  0x0000023dac9063d0 ConcurrentGCThread "G1 Conc#0" [stack: 0x000000d461800000,0x000000d461900000] [id=8696]
  0x0000023dbc92de60 ConcurrentGCThread "G1 Conc#1" [stack: 0x000000d463b00000,0x000000d463c00000] [id=11704]
  0x0000023dba3f44e0 ConcurrentGCThread "G1 Refine#0" [stack: 0x000000d461900000,0x000000d461a00000] [id=16040]
  0x0000023dbbbda060 ConcurrentGCThread "G1 Refine#1" [stack: 0x000000d463800000,0x000000d463900000] [id=5172]
  0x0000023dbc907250 ConcurrentGCThread "G1 Refine#2" [stack: 0x000000d463900000,0x000000d463a00000] [id=14708]
  0x0000023dba3f4f00 ConcurrentGCThread "G1 Service" [stack: 0x000000d461a00000,0x000000d461b00000] [id=11296]

Threads with active compile tasks:

VM state: not at safepoint (normal execution)

VM Mutex/Monitor currently owned by a thread:  ([mutex/lock_event])
[0x0000023dac897590] Metaspace_lock - owner thread: 0x0000023dbce45bc0

Heap address: 0x0000000082000000, size: 2016 MB, Compressed Oops mode: 32-bit

CDS archive(s) not mapped
Compressed class space mapped at: 0x0000000100000000-0x0000000140000000, reserved size: 1073741824
Narrow klass base: 0x0000000000000000, Narrow klass shift: 3, Narrow klass range: 0x140000000

GC Precious Log:
 CPUs: 8 total, 8 available
 Memory: 8058M
 Large Page Support: Disabled
 NUMA Support: Disabled
 Compressed Oops: Enabled (32-bit)
 Heap Region Size: 1M
 Heap Min Capacity: 8M
 Heap Initial Capacity: 126M
 Heap Max Capacity: 2016M
 Pre-touch: Disabled
 Parallel Workers: 8
 Concurrent Workers: 2
 Concurrent Refinement Workers: 8
 Periodic GC: Disabled

Heap:
 garbage-first heap   total 71680K, used 31540K [0x0000000082000000, 0x0000000100000000)
  region size 1024K, 6 young (6144K), 4 survivors (4096K)
 Metaspace       used 66244K, committed 66688K, reserved 1114112K
  class space    used 9081K, committed 9344K, reserved 1048576K

Heap Regions: E=young(eden), S=young(survivor), O=old, HS=humongous(starts), HC=humongous(continues), CS=collection set, F=free, OA=open archive, CA=closed archive, TAMS=top-at-mark-start (previous, next)
|   0|0x0000000082000000, 0x0000000082100000, 0x0000000082100000|100%|HS|  |TAMS 0x0000000082100000, 0x0000000082000000| Complete 
|   1|0x0000000082100000, 0x0000000082200000, 0x0000000082200000|100%| O|  |TAMS 0x0000000082200000, 0x0000000082100000| Untracked 
|   2|0x0000000082200000, 0x0000000082300000, 0x0000000082300000|100%| O|  |TAMS 0x0000000082300000, 0x0000000082200000| Untracked 
|   3|0x0000000082300000, 0x0000000082400000, 0x0000000082400000|100%| O|  |TAMS 0x0000000082400000, 0x0000000082300000| Untracked 
|   4|0x0000000082400000, 0x0000000082500000, 0x0000000082500000|100%| O|  |TAMS 0x0000000082500000, 0x0000000082400000| Untracked 
|   5|0x0000000082500000, 0x0000000082600000, 0x0000000082600000|100%| O|  |TAMS 0x0000000082600000, 0x0000000082500000| Untracked 
|   6|0x0000000082600000, 0x0000000082700000, 0x0000000082700000|100%| O|  |TAMS 0x0000000082700000, 0x0000000082600000| Untracked 
|   7|0x0000000082700000, 0x00000000827ca400, 0x0000000082800000| 79%| O|  |TAMS 0x00000000827ca400, 0x0000000082700000| Untracked 
|   8|0x0000000082800000, 0x0000000082900000, 0x0000000082900000|100%| O|  |TAMS 0x0000000082900000, 0x0000000082800000| Untracked 
|   9|0x0000000082900000, 0x0000000082a00000, 0x0000000082a00000|100%| O|  |TAMS 0x0000000082a00000, 0x0000000082900000| Untracked 
|  10|0x0000000082a00000, 0x0000000082b00000, 0x0000000082b00000|100%| O|  |TAMS 0x0000000082b00000, 0x0000000082a00000| Untracked 
|  11|0x0000000082b00000, 0x0000000082c00000, 0x0000000082c00000|100%| O|  |TAMS 0x0000000082c00000, 0x0000000082b00000| Untracked 
|  12|0x0000000082c00000, 0x0000000082d00000, 0x0000000082d00000|100%| O|  |TAMS 0x0000000082d00000, 0x0000000082c00000| Untracked 
|  13|0x0000000082d00000, 0x0000000082e00000, 0x0000000082e00000|100%| O|  |TAMS 0x0000000082e00000, 0x0000000082d00000| Untracked 
|  14|0x0000000082e00000, 0x0000000082f00000, 0x0000000082f00000|100%| O|  |TAMS 0x0000000082f00000, 0x0000000082e00000| Untracked 
|  15|0x0000000082f00000, 0x0000000083000000, 0x0000000083000000|100%| O|  |TAMS 0x0000000083000000, 0x0000000082f00000| Untracked 
|  16|0x0000000083000000, 0x0000000083100000, 0x0000000083100000|100%| O|  |TAMS 0x0000000083100000, 0x0000000083000000| Untracked 
|  17|0x0000000083100000, 0x0000000083200000, 0x0000000083200000|100%| O|  |TAMS 0x0000000083200000, 0x0000000083100000| Untracked 
|  18|0x0000000083200000, 0x0000000083300000, 0x0000000083300000|100%| O|  |TAMS 0x0000000083300000, 0x0000000083200000| Untracked 
|  19|0x0000000083300000, 0x0000000083400000, 0x0000000083400000|100%| O|  |TAMS 0x0000000083400000, 0x0000000083300000| Untracked 
|  20|0x0000000083400000, 0x0000000083500000, 0x0000000083500000|100%| O|  |TAMS 0x0000000083500000, 0x0000000083400000| Untracked 
|  21|0x0000000083500000, 0x0000000083600000, 0x0000000083600000|100%| O|  |TAMS 0x0000000083600000, 0x0000000083500000| Untracked 
|  22|0x0000000083600000, 0x0000000083700000, 0x0000000083700000|100%| O|  |TAMS 0x0000000083656200, 0x0000000083600000| Untracked 
|  23|0x0000000083700000, 0x0000000083800000, 0x0000000083800000|100%| O|  |TAMS 0x0000000083700000, 0x0000000083700000| Untracked 
|  24|0x0000000083800000, 0x0000000083900000, 0x0000000083900000|100%| O|  |TAMS 0x0000000083800000, 0x0000000083800000| Untracked 
|  25|0x0000000083900000, 0x0000000083a00000, 0x0000000083a00000|100%| O|  |TAMS 0x0000000083900000, 0x0000000083900000| Untracked 
|  26|0x0000000083a00000, 0x0000000083a62408, 0x0000000083b00000| 38%| O|  |TAMS 0x0000000083a00000, 0x0000000083a00000| Untracked 
|  27|0x0000000083b00000, 0x0000000083b00000, 0x0000000083c00000|  0%| F|  |TAMS 0x0000000083b00000, 0x0000000083b00000| Untracked 
|  28|0x0000000083c00000, 0x0000000083c00000, 0x0000000083d00000|  0%| F|  |TAMS 0x0000000083c00000, 0x0000000083c00000| Untracked 
|  29|0x0000000083d00000, 0x0000000083d00000, 0x0000000083e00000|  0%| F|  |TAMS 0x0000000083d00000, 0x0000000083d00000| Untracked 
|  30|0x0000000083e00000, 0x0000000083e00000, 0x0000000083f00000|  0%| F|  |TAMS 0x0000000083e00000, 0x0000000083e00000| Untracked 
|  31|0x0000000083f00000, 0x0000000083f00000, 0x0000000084000000|  0%| F|  |TAMS 0x0000000083f00000, 0x0000000083f00000| Untracked 
|  32|0x0000000084000000, 0x0000000084000000, 0x0000000084100000|  0%| F|  |TAMS 0x0000000084000000, 0x0000000084000000| Untracked 
|  33|0x0000000084100000, 0x0000000084100000, 0x0000000084200000|  0%| F|  |TAMS 0x0000000084100000, 0x0000000084100000| Untracked 
|  34|0x0000000084200000, 0x00000000842a08c8, 0x0000000084300000| 62%| S|CS|TAMS 0x0000000084200000, 0x0000000084200000| Complete 
|  35|0x0000000084300000, 0x0000000084400000, 0x0000000084400000|100%| S|CS|TAMS 0x0000000084300000, 0x0000000084300000| Complete 
|  36|0x0000000084400000, 0x0000000084500000, 0x0000000084500000|100%| S|CS|TAMS 0x0000000084400000, 0x0000000084400000| Complete 
|  37|0x0000000084500000, 0x0000000084500000, 0x0000000084600000|  0%| F|  |TAMS 0x0000000084500000, 0x0000000084500000| Untracked 
|  38|0x0000000084600000, 0x0000000084600000, 0x0000000084700000|  0%| F|  |TAMS 0x0000000084600000, 0x0000000084600000| Untracked 
|  39|0x0000000084700000, 0x0000000084700000, 0x0000000084800000|  0%| F|  |TAMS 0x0000000084700000, 0x0000000084700000| Untracked 
|  40|0x0000000084800000, 0x0000000084900000, 0x0000000084900000|100%| S|CS|TAMS 0x0000000084800000, 0x0000000084800000| Complete 
|  41|0x0000000084900000, 0x0000000084900000, 0x0000000084a00000|  0%| F|  |TAMS 0x0000000084900000, 0x0000000084900000| Untracked 
|  42|0x0000000084a00000, 0x0000000084a00000, 0x0000000084b00000|  0%| F|  |TAMS 0x0000000084a00000, 0x0000000084a00000| Untracked 
|  43|0x0000000084b00000, 0x0000000084b00000, 0x0000000084c00000|  0%| F|  |TAMS 0x0000000084b00000, 0x0000000084b00000| Untracked 
|  44|0x0000000084c00000, 0x0000000084c00000, 0x0000000084d00000|  0%| F|  |TAMS 0x0000000084c00000, 0x0000000084c00000| Untracked 
|  45|0x0000000084d00000, 0x0000000084d00000, 0x0000000084e00000|  0%| F|  |TAMS 0x0000000084d00000, 0x0000000084d00000| Untracked 
|  46|0x0000000084e00000, 0x0000000084e00000, 0x0000000084f00000|  0%| F|  |TAMS 0x0000000084e00000, 0x0000000084e00000| Untracked 
|  47|0x0000000084f00000, 0x0000000084f00000, 0x0000000085000000|  0%| F|  |TAMS 0x0000000084f00000, 0x0000000084f00000| Untracked 
|  48|0x0000000085000000, 0x0000000085000000, 0x0000000085100000|  0%| F|  |TAMS 0x0000000085000000, 0x0000000085000000| Untracked 
|  49|0x0000000085100000, 0x0000000085100000, 0x0000000085200000|  0%| F|  |TAMS 0x0000000085100000, 0x0000000085100000| Untracked 
|  50|0x0000000085200000, 0x0000000085200000, 0x0000000085300000|  0%| F|  |TAMS 0x0000000085200000, 0x0000000085200000| Untracked 
|  51|0x0000000085300000, 0x0000000085300000, 0x0000000085400000|  0%| F|  |TAMS 0x0000000085300000, 0x0000000085300000| Untracked 
|  52|0x0000000085400000, 0x0000000085400000, 0x0000000085500000|  0%| F|  |TAMS 0x0000000085400000, 0x0000000085400000| Untracked 
|  53|0x0000000085500000, 0x0000000085500000, 0x0000000085600000|  0%| F|  |TAMS 0x0000000085500000, 0x0000000085500000| Untracked 
|  54|0x0000000085600000, 0x0000000085600000, 0x0000000085700000|  0%| F|  |TAMS 0x0000000085600000, 0x0000000085600000| Untracked 
|  55|0x0000000085700000, 0x0000000085700000, 0x0000000085800000|  0%| F|  |TAMS 0x0000000085700000, 0x0000000085700000| Untracked 
|  56|0x0000000085800000, 0x0000000085800000, 0x0000000085900000|  0%| F|  |TAMS 0x0000000085800000, 0x0000000085800000| Untracked 
|  57|0x0000000085900000, 0x0000000085900000, 0x0000000085a00000|  0%| F|  |TAMS 0x0000000085900000, 0x0000000085900000| Untracked 
|  58|0x0000000085a00000, 0x0000000085a00000, 0x0000000085b00000|  0%| F|  |TAMS 0x0000000085a00000, 0x0000000085a00000| Untracked 
|  59|0x0000000085b00000, 0x0000000085b00000, 0x0000000085c00000|  0%| F|  |TAMS 0x0000000085b00000, 0x0000000085b00000| Untracked 
|  60|0x0000000085c00000, 0x0000000085c00000, 0x0000000085d00000|  0%| F|  |TAMS 0x0000000085c00000, 0x0000000085c00000| Untracked 
|  61|0x0000000085d00000, 0x0000000085d00000, 0x0000000085e00000|  0%| F|  |TAMS 0x0000000085d00000, 0x0000000085d00000| Untracked 
|  62|0x0000000085e00000, 0x0000000085e00000, 0x0000000085f00000|  0%| F|  |TAMS 0x0000000085e00000, 0x0000000085e00000| Untracked 
|  63|0x0000000085f00000, 0x0000000085f00000, 0x0000000086000000|  0%| F|  |TAMS 0x0000000085f00000, 0x0000000085f00000| Untracked 
|  64|0x0000000086000000, 0x0000000086000000, 0x0000000086100000|  0%| F|  |TAMS 0x0000000086000000, 0x0000000086000000| Untracked 
|  65|0x0000000086100000, 0x0000000086100000, 0x0000000086200000|  0%| F|  |TAMS 0x0000000086100000, 0x0000000086100000| Untracked 
| 120|0x0000000089800000, 0x0000000089800000, 0x0000000089900000|  0%| F|  |TAMS 0x0000000089800000, 0x0000000089800000| Untracked 
| 121|0x0000000089900000, 0x0000000089900000, 0x0000000089a00000|  0%| F|  |TAMS 0x0000000089900000, 0x0000000089900000| Untracked 
| 124|0x0000000089c00000, 0x0000000089cf9790, 0x0000000089d00000| 97%| E|  |TAMS 0x0000000089c00000, 0x0000000089c00000| Complete 
| 125|0x0000000089d00000, 0x0000000089e00000, 0x0000000089e00000|100%| E|CS|TAMS 0x0000000089d00000, 0x0000000089d00000| Complete 

Card table byte_map: [0x0000023db3440000,0x0000023db3830000] _byte_map_base: 0x0000023db3030000

Marking Bits (Prev, Next): (CMBitMap*) 0x0000023dac8f4bd0, (CMBitMap*) 0x0000023dac8f4b90
 Prev Bits: [0x0000023db5ba0000, 0x0000023db7b20000)
 Next Bits: [0x0000023db3c20000, 0x0000023db5ba0000)

Polling page: 0x0000023daa7c0000

Metaspace:

Usage:
  Non-class:     55.82 MB used.
      Class:      8.87 MB used.
       Both:     64.69 MB used.

Virtual space:
  Non-class space:       64.00 MB reserved,      56.00 MB ( 88%) committed,  8 nodes.
      Class space:        1.00 GB reserved,       9.12 MB ( <1%) committed,  1 nodes.
             Both:        1.06 GB reserved,      65.12 MB (  6%) committed. 

Chunk freelists:
   Non-Class:  3.92 MB
       Class:  2.92 MB
        Both:  6.84 MB

MaxMetaspaceSize: unlimited
CompressedClassSpaceSize: 1.00 GB
Initial GC threshold: 21.00 MB
Current GC threshold: 98.88 MB
CDS: off
MetaspaceReclaimPolicy: balanced
 - commit_granule_bytes: 65536.
 - commit_granule_words: 8192.
 - virtual_space_node_default_size: 1048576.
 - enlarge_chunks_in_place: 1.
 - new_chunks_are_fully_committed: 0.
 - uncommit_free_chunks: 1.
 - use_allocation_guard: 0.
 - handle_deallocations: 1.


Internal statistics:

num_allocs_failed_limit: 9.
num_arena_births: 614.
num_arena_deaths: 0.
num_vsnodes_births: 9.
num_vsnodes_deaths: 0.
num_space_committed: 1042.
num_space_uncommitted: 0.
num_chunks_returned_to_freelist: 9.
num_chunks_taken_from_freelist: 2765.
num_chunk_merges: 9.
num_chunk_splits: 1935.
num_chunks_enlarged: 1458.
num_purges: 0.
num_inconsistent_stats: 0.

CodeCache: size=49152Kb used=10416Kb max_used=11501Kb free=38735Kb
 bounds [0x0000023daff40000, 0x0000023db0a80000, 0x0000023db2f40000]
 total_blobs=6516 nmethods=5906 adapters=537
 compilation: enabled
              stopped_count=0, restarted_count=0
 full_count=0

Compilation events (20 events):
Event: 44.132 Thread 0x0000023dbb08d300 5897 %     1       java.util.Properties$LineReader::readLine @ 293 (584 bytes)
Event: 44.135 Thread 0x0000023dbb08d300 nmethod 5897% 0x0000023db017a110 code [0x0000023db017a3a0, 0x0000023db017b6d8]
Event: 44.138 Thread 0x0000023dbb08d300 5898       1       sun.util.calendar.CalendarDate::getMonth (5 bytes)
Event: 44.138 Thread 0x0000023dbb08d300 nmethod 5898 0x0000023db0179e10 code [0x0000023db0179fa0, 0x0000023db017a078]
Event: 44.138 Thread 0x0000023dbb08d300 5904       1       ch.qos.logback.core.pattern.Converter::write (11 bytes)
Event: 44.138 Thread 0x0000023dbb08d300 nmethod 5904 0x0000023db0179a90 code [0x0000023db0179c40, 0x0000023db0179d58]
Event: 44.138 Thread 0x0000023dbb08d300 5902       1       java.util.GregorianCalendar::getWeekNumber (89 bytes)
Event: 44.139 Thread 0x0000023dbb08d300 nmethod 5902 0x0000023db0179390 code [0x0000023db0179540, 0x0000023db01798b8]
Event: 44.139 Thread 0x0000023dbb08d300 5905       1       org.springframework.core.annotation.AnnotationAwareOrderComparator::findOrder (18 bytes)
Event: 44.139 Thread 0x0000023dbb08d300 nmethod 5905 0x0000023db0178e90 code [0x0000023db0179060, 0x0000023db0179288]
Event: 44.139 Thread 0x0000023dbb08d300 5903       1       sun.util.calendar.AbstractCalendar::getDayOfWeekDateOnOrBefore (31 bytes)
Event: 44.140 Thread 0x0000023dbb08d300 nmethod 5903 0x0000023db0178990 code [0x0000023db0178b20, 0x0000023db0178d58]
Event: 44.140 Thread 0x0000023dbb08d300 5899       1       sun.util.calendar.CalendarDate::getDayOfMonth (5 bytes)
Event: 44.140 Thread 0x0000023dbb08d300 nmethod 5899 0x0000023db0178690 code [0x0000023db0178820, 0x0000023db01788f8]
Event: 44.140 Thread 0x0000023dbb08d300 5900       1       sun.util.calendar.CalendarDate::isNormalized (5 bytes)
Event: 44.140 Thread 0x0000023dbb08d300 nmethod 5900 0x0000023db0178390 code [0x0000023db0178520, 0x0000023db01785f8]
Event: 44.140 Thread 0x0000023dbb08d300 5901       1       sun.util.calendar.BaseCalendar$Date::getCachedJan1 (5 bytes)
Event: 44.140 Thread 0x0000023dbb08d300 nmethod 5901 0x0000023db0178090 code [0x0000023db0178220, 0x0000023db01782f8]
Event: 44.153 Thread 0x0000023dbb08d300 5906       1       org.apache.tomcat.util.http.MimeHeaderField::getName (5 bytes)
Event: 44.153 Thread 0x0000023dbb08d300 nmethod 5906 0x0000023db0177d90 code [0x0000023db0177f20, 0x0000023db0177ff8]

GC Heap History (20 events):
Event: 6.794 GC heap before
{Heap before GC invocations=11 (full 0):
 garbage-first heap   total 49152K, used 35822K [0x0000000082000000, 0x0000000100000000)
  region size 1024K, 21 young (21504K), 1 survivors (1024K)
 Metaspace       used 38622K, committed 38976K, reserved 1089536K
  class space    used 4989K, committed 5120K, reserved 1048576K
}
Event: 6.811 GC heap after
{Heap after GC invocations=12 (full 0):
 garbage-first heap   total 49152K, used 18149K [0x0000000082000000, 0x0000000100000000)
  region size 1024K, 3 young (3072K), 3 survivors (3072K)
 Metaspace       used 38622K, committed 38976K, reserved 1089536K
  class space    used 4989K, committed 5120K, reserved 1048576K
}
Event: 7.649 GC heap before
{Heap before GC invocations=12 (full 0):
 garbage-first heap   total 49152K, used 35557K [0x0000000082000000, 0x0000000100000000)
  region size 1024K, 21 young (21504K), 3 survivors (3072K)
 Metaspace       used 41623K, committed 41984K, reserved 1089536K
  class space    used 5424K, committed 5632K, reserved 1048576K
}
Event: 7.660 GC heap after
{Heap after GC invocations=13 (full 0):
 garbage-first heap   total 49152K, used 19341K [0x0000000082000000, 0x0000000100000000)
  region size 1024K, 2 young (2048K), 2 survivors (2048K)
 Metaspace       used 41623K, committed 41984K, reserved 1089536K
  class space    used 5424K, committed 5632K, reserved 1048576K
}
Event: 8.432 GC heap before
{Heap before GC invocations=13 (full 0):
 garbage-first heap   total 49152K, used 36749K [0x0000000082000000, 0x0000000100000000)
  region size 1024K, 20 young (20480K), 2 survivors (2048K)
 Metaspace       used 46809K, committed 47104K, reserved 1097728K
  class space    used 6205K, committed 6336K, reserved 1048576K
}
Event: 8.444 GC heap after
{Heap after GC invocations=14 (full 0):
 garbage-first heap   total 59392K, used 20765K [0x0000000082000000, 0x0000000100000000)
  region size 1024K, 3 young (3072K), 3 survivors (3072K)
 Metaspace       used 46809K, committed 47104K, reserved 1097728K
  class space    used 6205K, committed 6336K, reserved 1048576K
}
Event: 9.476 GC heap before
{Heap before GC invocations=14 (full 0):
 garbage-first heap   total 59392K, used 45341K [0x0000000082000000, 0x0000000100000000)
  region size 1024K, 27 young (27648K), 3 survivors (3072K)
 Metaspace       used 52499K, committed 52928K, reserved 1097728K
  class space    used 6957K, committed 7168K, reserved 1048576K
}
Event: 9.493 GC heap after
{Heap after GC invocations=15 (full 0):
 garbage-first heap   total 59392K, used 22709K [0x0000000082000000, 0x0000000100000000)
  region size 1024K, 4 young (4096K), 4 survivors (4096K)
 Metaspace       used 52499K, committed 52928K, reserved 1097728K
  class space    used 6957K, committed 7168K, reserved 1048576K
}
Event: 10.610 GC heap before
{Heap before GC invocations=15 (full 0):
 garbage-first heap   total 59392K, used 46261K [0x0000000082000000, 0x0000000100000000)
  region size 1024K, 27 young (27648K), 4 survivors (4096K)
 Metaspace       used 56837K, committed 57216K, reserved 1105920K
  class space    used 7723K, committed 7936K, reserved 1048576K
}
Event: 10.625 GC heap after
{Heap after GC invocations=16 (full 0):
 garbage-first heap   total 59392K, used 23786K [0x0000000082000000, 0x0000000100000000)
  region size 1024K, 3 young (3072K), 3 survivors (3072K)
 Metaspace       used 56837K, committed 57216K, reserved 1105920K
  class space    used 7723K, committed 7936K, reserved 1048576K
}
Event: 11.337 GC heap before
{Heap before GC invocations=16 (full 0):
 garbage-first heap   total 59392K, used 46314K [0x0000000082000000, 0x0000000100000000)
  region size 1024K, 26 young (26624K), 3 survivors (3072K)
 Metaspace       used 59337K, committed 59776K, reserved 1105920K
  class space    used 8073K, committed 8320K, reserved 1048576K
}
Event: 11.351 GC heap after
{Heap after GC invocations=17 (full 0):
 garbage-first heap   total 59392K, used 25520K [0x0000000082000000, 0x0000000100000000)
  region size 1024K, 3 young (3072K), 3 survivors (3072K)
 Metaspace       used 59337K, committed 59776K, reserved 1105920K
  class space    used 8073K, committed 8320K, reserved 1048576K
}
Event: 11.494 GC heap before
{Heap before GC invocations=17 (full 0):
 garbage-first heap   total 59392K, used 30640K [0x0000000082000000, 0x0000000100000000)
  region size 1024K, 9 young (9216K), 3 survivors (3072K)
 Metaspace       used 60020K, committed 60416K, reserved 1105920K
  class space    used 8174K, committed 8384K, reserved 1048576K
}
Event: 11.509 GC heap after
{Heap after GC invocations=18 (full 0):
 garbage-first heap   total 71680K, used 25908K [0x0000000082000000, 0x0000000100000000)
  region size 1024K, 1 young (1024K), 1 survivors (1024K)
 Metaspace       used 60020K, committed 60416K, reserved 1105920K
  class space    used 8174K, committed 8384K, reserved 1048576K
}
Event: 12.114 GC heap before
{Heap before GC invocations=19 (full 0):
 garbage-first heap   total 71680K, used 58676K [0x0000000082000000, 0x0000000100000000)
  region size 1024K, 33 young (33792K), 1 survivors (1024K)
 Metaspace       used 61127K, committed 61568K, reserved 1105920K
  class space    used 8372K, committed 8576K, reserved 1048576K
}
Event: 12.119 GC heap after
{Heap after GC invocations=20 (full 0):
 garbage-first heap   total 71680K, used 26942K [0x0000000082000000, 0x0000000100000000)
  region size 1024K, 2 young (2048K), 2 survivors (2048K)
 Metaspace       used 61127K, committed 61568K, reserved 1105920K
  class space    used 8372K, committed 8576K, reserved 1048576K
}
Event: 12.639 GC heap before
{Heap before GC invocations=20 (full 0):
 garbage-first heap   total 71680K, used 57662K [0x0000000082000000, 0x0000000100000000)
  region size 1024K, 32 young (32768K), 2 survivors (2048K)
 Metaspace       used 62383K, committed 62848K, reserved 1105920K
  class space    used 8549K, committed 8768K, reserved 1048576K
}
Event: 12.645 GC heap after
{Heap after GC invocations=21 (full 0):
 garbage-first heap   total 71680K, used 28457K [0x0000000082000000, 0x0000000100000000)
  region size 1024K, 3 young (3072K), 3 survivors (3072K)
 Metaspace       used 62383K, committed 62848K, reserved 1105920K
  class space    used 8549K, committed 8768K, reserved 1048576K
}
Event: 44.036 GC heap before
{Heap before GC invocations=21 (full 0):
 garbage-first heap   total 71680K, used 57129K [0x0000000082000000, 0x0000000100000000)
  region size 1024K, 32 young (32768K), 3 survivors (3072K)
 Metaspace       used 65673K, committed 66176K, reserved 1105920K
  class space    used 9018K, committed 9280K, reserved 1048576K
}
Event: 44.045 GC heap after
{Heap after GC invocations=22 (full 0):
 garbage-first heap   total 71680K, used 30516K [0x0000000082000000, 0x0000000100000000)
  region size 1024K, 4 young (4096K), 4 survivors (4096K)
 Metaspace       used 65673K, committed 66176K, reserved 1105920K
  class space    used 9018K, committed 9280K, reserved 1048576K
}

Dll operation events (9 events):
Event: 0.014 Loaded shared library C:\Users\lenovo\Downloads\sts-4.17.2.RELEASE\plugins\org.eclipse.justj.openjdk.hotspot.jre.full.win32.x86_64_17.0.6.v20230125-1136\jre\bin\java.dll
Event: 0.337 Loaded shared library C:\Users\lenovo\Downloads\sts-4.17.2.RELEASE\plugins\org.eclipse.justj.openjdk.hotspot.jre.full.win32.x86_64_17.0.6.v20230125-1136\jre\bin\jimage.dll
Event: 0.365 Loaded shared library C:\Users\lenovo\Downloads\sts-4.17.2.RELEASE\plugins\org.eclipse.justj.openjdk.hotspot.jre.full.win32.x86_64_17.0.6.v20230125-1136\jre\bin\net.dll
Event: 0.367 Loaded shared library C:\Users\lenovo\Downloads\sts-4.17.2.RELEASE\plugins\org.eclipse.justj.openjdk.hotspot.jre.full.win32.x86_64_17.0.6.v20230125-1136\jre\bin\nio.dll
Event: 0.376 Loaded shared library C:\Users\lenovo\Downloads\sts-4.17.2.RELEASE\plugins\org.eclipse.justj.openjdk.hotspot.jre.full.win32.x86_64_17.0.6.v20230125-1136\jre\bin\zip.dll
Event: 0.487 Loaded shared library C:\Users\lenovo\Downloads\sts-4.17.2.RELEASE\plugins\org.eclipse.justj.openjdk.hotspot.jre.full.win32.x86_64_17.0.6.v20230125-1136\jre\bin\management.dll
Event: 0.513 Loaded shared library C:\Users\lenovo\Downloads\sts-4.17.2.RELEASE\plugins\org.eclipse.justj.openjdk.hotspot.jre.full.win32.x86_64_17.0.6.v20230125-1136\jre\bin\management_ext.dll
Event: 1.026 Loaded shared library C:\Users\lenovo\Downloads\sts-4.17.2.RELEASE\plugins\org.eclipse.justj.openjdk.hotspot.jre.full.win32.x86_64_17.0.6.v20230125-1136\jre\bin\verify.dll
Event: 6.472 Loaded shared library C:\Users\lenovo\Downloads\sts-4.17.2.RELEASE\plugins\org.eclipse.justj.openjdk.hotspot.jre.full.win32.x86_64_17.0.6.v20230125-1136\jre\bin\sunmscapi.dll

Deoptimization events (10 events):
Event: 2.493 Thread 0x0000023dac898820 DEOPT PACKING pc=0x0000023db04e2899 sp=0x000000d4615fd090
Event: 2.493 Thread 0x0000023dac898820 DEOPT UNPACKING pc=0x0000023daff97143 sp=0x000000d4615fc570 mode 3
Event: 4.455 Thread 0x0000023dac898820 DEOPT PACKING pc=0x0000023db0520614 sp=0x000000d4615fd580
Event: 4.455 Thread 0x0000023dac898820 DEOPT UNPACKING pc=0x0000023daff97143 sp=0x000000d4615fcad8 mode 0
Event: 8.136 Thread 0x0000023dac898820 DEOPT PACKING pc=0x0000023db0797a7d sp=0x000000d4615f5020
Event: 8.136 Thread 0x0000023dac898820 DEOPT UNPACKING pc=0x0000023daff97143 sp=0x000000d4615f4588 mode 3
Event: 10.913 Thread 0x0000023dac898820 DEOPT PACKING pc=0x0000023db04cf4d2 sp=0x000000d4615fa660
Event: 10.913 Thread 0x0000023dac898820 DEOPT UNPACKING pc=0x0000023daff97143 sp=0x000000d4615f9b68 mode 3
Event: 11.635 Thread 0x0000023dac898820 DEOPT PACKING pc=0x0000023db07ef299 sp=0x000000d4615faf50
Event: 11.635 Thread 0x0000023dac898820 DEOPT UNPACKING pc=0x0000023daff97143 sp=0x000000d4615fa430 mode 3

Classes unloaded (0 events):
No events

Classes redefined (0 events):
No events

Internal exceptions (20 events):
Event: 12.331 Thread 0x0000023dac898820 Exception <a 'java/lang/ClassNotFoundException'{0x0000000085895ab0}: com/example/demo/models/TutorialCustomizer> (0x0000000085895ab0) 
thrown [s\src\hotspot\share\classfile\systemDictionary.cpp, line 256]
Event: 12.360 Thread 0x0000023dac898820 Exception <a 'java/lang/reflect/InvocationTargetException'{0x0000000085213498}> (0x0000000085213498) 
thrown [s\src\hotspot\share\runtime\reflection.cpp, line 1121]
Event: 12.364 Thread 0x0000023dac898820 Exception <a 'java/lang/reflect/InvocationTargetException'{0x0000000085229770}> (0x0000000085229770) 
thrown [s\src\hotspot\share\runtime\reflection.cpp, line 1121]
Event: 12.398 Thread 0x0000023dac898820 Exception <a 'java/lang/NoSuchMethodError'{0x0000000085198c50}: 'java.lang.Object java.lang.invoke.DirectMethodHandle$Holder.invokeInterface(java.lang.Object, java.lang.Object, java.lang.Object, java.lang.Object)'> (0x0000000085198c50) 
thrown [s\src\hotspot\share\interpreter\linkResolver.cpp, line 759]
Event: 12.636 Thread 0x0000023dac898820 Exception <a 'java/lang/NoSuchMethodError'{0x00000000848ee1d0}: 'void java.lang.invoke.DirectMethodHandle$Holder.invokeVirtual(java.lang.Object, java.lang.Object, int)'> (0x00000000848ee1d0) 
thrown [s\src\hotspot\share\interpreter\linkResolver.cpp, line 759]
Event: 12.646 Thread 0x0000023dac898820 Exception <a 'java/lang/NoSuchMethodError'{0x0000000089d09158}: 'void java.lang.invoke.DirectMethodHandle$Holder.invokeVirtual(java.lang.Object, java.lang.Object, long)'> (0x0000000089d09158) 
thrown [s\src\hotspot\share\interpreter\linkResolver.cpp, line 759]
Event: 12.926 Thread 0x0000023dac898820 Exception <a 'java/lang/IncompatibleClassChangeError'{0x0000000085d2f1f0}: Found class java.lang.Object, but interface was expected> (0x0000000085d2f1f0) 
thrown [s\src\hotspot\share\interpreter\linkResolver.cpp, line 826]
Event: 12.988 Thread 0x0000023dac898820 Exception <a 'java/lang/NoSuchMethodError'{0x0000000085b666b8}: 'int java.lang.invoke.DirectMethodHandle$Holder.invokeStaticInit(java.lang.Object, java.lang.Object, java.lang.Object, java.lang.Object)'> (0x0000000085b666b8) 
thrown [s\src\hotspot\share\interpreter\linkResolver.cpp, line 759]
Event: 13.140 Thread 0x0000023dac898820 Exception <a 'java/lang/ClassNotFoundException'{0x0000000085596080}: java/lang/ObjectCustomizer> (0x0000000085596080) 
thrown [s\src\hotspot\share\classfile\systemDictionary.cpp, line 256]
Event: 13.141 Thread 0x0000023dac898820 Exception <a 'java/lang/ClassNotFoundException'{0x000000008559e790}: org/springframework/security/config/annotation/web/configuration/WebSecurityConfigurationCustomizer> (0x000000008559e790) 
thrown [s\src\hotspot\share\classfile\systemDictionary.cpp, line 256]
Event: 13.142 Thread 0x0000023dac898820 Exception <a 'java/lang/ClassNotFoundException'{0x00000000855abcc0}: org/springframework/context/annotation/ImportAwareCustomizer> (0x00000000855abcc0) 
thrown [s\src\hotspot\share\classfile\systemDictionary.cpp, line 256]
Event: 13.142 Thread 0x0000023dac898820 Exception <a 'java/lang/ClassNotFoundException'{0x00000000855b1110}: org/springframework/beans/factory/AwareCustomizer> (0x00000000855b1110) 
thrown [s\src\hotspot\share\classfile\systemDictionary.cpp, line 256]
Event: 13.142 Thread 0x0000023dac898820 Exception <a 'java/lang/ClassNotFoundException'{0x00000000855b5a50}: org/springframework/beans/factory/BeanClassLoaderAwareCustomizer> (0x00000000855b5a50) 
thrown [s\src\hotspot\share\classfile\systemDictionary.cpp, line 256]
Event: 13.143 Thread 0x0000023dac898820 Exception <a 'java/lang/ClassNotFoundException'{0x00000000855bae80}: org/springframework/beans/factory/AwareCustomizer> (0x00000000855bae80) 
thrown [s\src\hotspot\share\classfile\systemDictionary.cpp, line 256]
Event: 13.348 Thread 0x0000023dac898820 Exception <a 'java/lang/ClassNotFoundException'{0x0000000084e85040}: java/lang/ObjectCustomizer> (0x0000000084e85040) 
thrown [s\src\hotspot\share\classfile\systemDictionary.cpp, line 256]
Event: 13.349 Thread 0x0000023dac898820 Exception <a 'java/lang/ClassNotFoundException'{0x0000000084e8d750}: org/springframework/security/config/annotation/web/configuration/HttpSecurityConfigurationCustomizer> (0x0000000084e8d750) 
thrown [s\src\hotspot\share\classfile\systemDictionary.cpp, line 256]
Event: 13.410 Thread 0x0000023dac898820 Exception <a 'java/lang/NoSuchMethodError'{0x0000000084c632a8}: 'java.lang.Object java.lang.invoke.DirectMethodHandle$Holder.invokeSpecial(java.lang.Object, java.lang.Object, int, java.lang.Object, int, java.lang.Object)'> (0x0000000084c632a8) 
thrown [s\src\hotspot\share\interpreter\linkResolver.cpp, line 759]
Event: 13.411 Thread 0x0000023dac898820 Exception <a 'java/lang/NoSuchMethodError'{0x0000000084c6b0a8}: 'java.lang.Object java.lang.invoke.DirectMethodHandle$Holder.newInvokeSpecial(java.lang.Object, java.lang.Object, int, java.lang.Object, int)'> (0x0000000084c6b0a8) 
thrown [s\src\hotspot\share\interpreter\linkResolver.cpp, line 759]
Event: 13.411 Thread 0x0000023dac898820 Exception <a 'java/lang/NoSuchMethodError'{0x0000000084c6f1a8}: 'java.lang.Object java.lang.invoke.DirectMethodHandle$Holder.invokeSpecial(java.lang.Object, java.lang.Object, java.lang.Object, int, java.lang.Object, int)'> (0x0000000084c6f1a8) 
thrown [s\src\hotspot\share\interpreter\linkResolver.cpp, line 759]
Event: 13.413 Thread 0x0000023dac898820 Exception <a 'java/lang/NoSuchMethodError'{0x0000000084c795b8}: 'void java.lang.invoke.DirectMethodHandle$Holder.invokeVirtual(java.lang.Object, java.lang.Object)'> (0x0000000084c795b8) 
thrown [s\src\hotspot\share\interpreter\linkResolver.cpp, line 759]

VM Operations (20 events):
Event: 12.486 Executing VM operation: HandshakeAllThreads
Event: 12.486 Executing VM operation: HandshakeAllThreads done
Event: 12.639 Executing VM operation: G1CollectForAllocation
Event: 12.645 Executing VM operation: G1CollectForAllocation done
Event: 12.689 Executing VM operation: HandshakeAllThreads
Event: 12.689 Executing VM operation: HandshakeAllThreads done
Event: 12.850 Executing VM operation: HandshakeAllThreads
Event: 12.850 Executing VM operation: HandshakeAllThreads done
Event: 12.851 Executing VM operation: HandshakeAllThreads
Event: 12.851 Executing VM operation: HandshakeAllThreads done
Event: 12.941 Executing VM operation: HandshakeAllThreads
Event: 12.941 Executing VM operation: HandshakeAllThreads done
Event: 13.947 Executing VM operation: Cleanup
Event: 13.947 Executing VM operation: Cleanup done
Event: 44.036 Executing VM operation: G1CollectForAllocation
Event: 44.045 Executing VM operation: G1CollectForAllocation done
Event: 44.105 Executing VM operation: HandshakeAllThreads
Event: 44.105 Executing VM operation: HandshakeAllThreads done
Event: 44.157 Executing VM operation: HandshakeAllThreads
Event: 44.157 Executing VM operation: HandshakeAllThreads done

Events (20 events):
Event: 43.959 loading class sun/nio/ch/SocketAdaptor
Event: 43.961 loading class sun/nio/ch/SocketAdaptor done
Event: 43.962 loading class sun/nio/ch/SocketChannelImpl$DefaultOptionsHolder
Event: 43.962 loading class sun/nio/ch/SocketChannelImpl$DefaultOptionsHolder done
Event: 43.966 loading class sun/nio/ch/SelectionKeyImpl
Event: 43.966 loading class java/nio/channels/spi/AbstractSelectionKey
Event: 43.967 loading class java/nio/channels/SelectionKey
Event: 43.967 loading class java/nio/channels/SelectionKey done
Event: 43.967 loading class java/nio/channels/spi/AbstractSelectionKey done
Event: 43.967 loading class sun/nio/ch/SelectionKeyImpl done
Event: 43.968 loading class java/lang/invoke/ConstantBootstraps
Event: 43.969 loading class java/lang/invoke/ConstantBootstraps done
Event: 44.073 loading class sun/nio/cs/ThreadLocalCoders
Event: 44.074 loading class sun/nio/cs/ThreadLocalCoders done
Event: 44.074 loading class sun/nio/cs/ThreadLocalCoders$1
Event: 44.074 loading class sun/nio/cs/ThreadLocalCoders$Cache
Event: 44.074 loading class sun/nio/cs/ThreadLocalCoders$Cache done
Event: 44.074 loading class sun/nio/cs/ThreadLocalCoders$1 done
Event: 44.074 loading class sun/nio/cs/ThreadLocalCoders$2
Event: 44.074 loading class sun/nio/cs/ThreadLocalCoders$2 done


Dynamic libraries:
0x00007ff7388e0000 - 0x00007ff7388ee000 	C:\Users\lenovo\Downloads\sts-4.17.2.RELEASE\plugins\org.eclipse.justj.openjdk.hotspot.jre.full.win32.x86_64_17.0.6.v20230125-1136\jre\bin\javaw.exe
0x00007ffb66410000 - 0x00007ffb66624000 	C:\WINDOWS\SYSTEM32\ntdll.dll
0x00007ffb65340000 - 0x00007ffb65403000 	C:\WINDOWS\System32\KERNEL32.DLL
0x00007ffb63850000 - 0x00007ffb63bec000 	C:\WINDOWS\System32\KERNELBASE.dll
0x00007ffb63df0000 - 0x00007ffb63f01000 	C:\WINDOWS\System32\ucrtbase.dll
0x00007ffb49d30000 - 0x00007ffb49d49000 	C:\Users\lenovo\Downloads\sts-4.17.2.RELEASE\plugins\org.eclipse.justj.openjdk.hotspot.jre.full.win32.x86_64_17.0.6.v20230125-1136\jre\bin\VCRUNTIME140.dll
0x00007ffb49d10000 - 0x00007ffb49d27000 	C:\Users\lenovo\Downloads\sts-4.17.2.RELEASE\plugins\org.eclipse.justj.openjdk.hotspot.jre.full.win32.x86_64_17.0.6.v20230125-1136\jre\bin\jli.dll
0x00007ffb64550000 - 0x00007ffb646fd000 	C:\WINDOWS\System32\USER32.dll
0x00007ffb439d0000 - 0x00007ffb43c5e000 	C:\WINDOWS\WinSxS\amd64_microsoft.windows.common-controls_6595b64144ccf1df_6.0.22621.608_none_a9444ca7c10bb01d\COMCTL32.dll
0x00007ffb63dc0000 - 0x00007ffb63de6000 	C:\WINDOWS\System32\win32u.dll
0x00007ffb65590000 - 0x00007ffb65637000 	C:\WINDOWS\System32\msvcrt.dll
0x00007ffb64410000 - 0x00007ffb64439000 	C:\WINDOWS\System32\GDI32.dll
0x00007ffb64080000 - 0x00007ffb64193000 	C:\WINDOWS\System32\gdi32full.dll
0x00007ffb63d20000 - 0x00007ffb63dba000 	C:\WINDOWS\System32\msvcp_win.dll
0x00007ffb66380000 - 0x00007ffb663b1000 	C:\WINDOWS\System32\IMM32.DLL
0x00007ffb5d5b0000 - 0x00007ffb5d5bc000 	C:\Users\lenovo\Downloads\sts-4.17.2.RELEASE\plugins\org.eclipse.justj.openjdk.hotspot.jre.full.win32.x86_64_17.0.6.v20230125-1136\jre\bin\vcruntime140_1.dll
0x00007ffb48d80000 - 0x00007ffb48e11000 	C:\Users\lenovo\Downloads\sts-4.17.2.RELEASE\plugins\org.eclipse.justj.openjdk.hotspot.jre.full.win32.x86_64_17.0.6.v20230125-1136\jre\bin\msvcp140.dll
0x00007ffb49070000 - 0x00007ffb49cb7000 	C:\Users\lenovo\Downloads\sts-4.17.2.RELEASE\plugins\org.eclipse.justj.openjdk.hotspot.jre.full.win32.x86_64_17.0.6.v20230125-1136\jre\bin\server\jvm.dll
0x00007ffb64220000 - 0x00007ffb642ce000 	C:\WINDOWS\System32\ADVAPI32.dll
0x00007ffb65640000 - 0x00007ffb656e4000 	C:\WINDOWS\System32\sechost.dll
0x00007ffb65410000 - 0x00007ffb65525000 	C:\WINDOWS\System32\RPCRT4.dll
0x00007ffb5c670000 - 0x00007ffb5c6a4000 	C:\WINDOWS\SYSTEM32\WINMM.dll
0x00007ffb5e8e0000 - 0x00007ffb5e8e9000 	C:\WINDOWS\SYSTEM32\WSOCK32.dll
0x00007ffb57e40000 - 0x00007ffb57e4a000 	C:\WINDOWS\SYSTEM32\VERSION.dll
0x00007ffb656f0000 - 0x00007ffb65761000 	C:\WINDOWS\System32\WS2_32.dll
0x00007ffb62950000 - 0x00007ffb62968000 	C:\WINDOWS\SYSTEM32\kernel.appcore.dll
0x00007ffb5e870000 - 0x00007ffb5e87a000 	C:\Users\lenovo\Downloads\sts-4.17.2.RELEASE\plugins\org.eclipse.justj.openjdk.hotspot.jre.full.win32.x86_64_17.0.6.v20230125-1136\jre\bin\jimage.dll
0x00007ffb61490000 - 0x00007ffb616be000 	C:\WINDOWS\SYSTEM32\DBGHELP.DLL
0x00007ffb65d00000 - 0x00007ffb66089000 	C:\WINDOWS\System32\combase.dll
0x00007ffb64330000 - 0x00007ffb64407000 	C:\WINDOWS\System32\OLEAUT32.dll
0x00007ffb52210000 - 0x00007ffb52242000 	C:\WINDOWS\SYSTEM32\dbgcore.DLL
0x00007ffb641a0000 - 0x00007ffb6421b000 	C:\WINDOWS\System32\bcryptPrimitives.dll
0x00007ffb50fd0000 - 0x00007ffb50ff5000 	C:\Users\lenovo\Downloads\sts-4.17.2.RELEASE\plugins\org.eclipse.justj.openjdk.hotspot.jre.full.win32.x86_64_17.0.6.v20230125-1136\jre\bin\java.dll
0x00007ffb5dde0000 - 0x00007ffb5ddf8000 	C:\Users\lenovo\Downloads\sts-4.17.2.RELEASE\plugins\org.eclipse.justj.openjdk.hotspot.jre.full.win32.x86_64_17.0.6.v20230125-1136\jre\bin\zip.dll
0x00007ffb64af0000 - 0x00007ffb652e0000 	C:\WINDOWS\System32\SHELL32.dll
0x00007ffb61820000 - 0x00007ffb620ee000 	C:\WINDOWS\SYSTEM32\windows.storage.dll
0x00007ffb616e0000 - 0x00007ffb6181e000 	C:\WINDOWS\SYSTEM32\wintypes.dll
0x00007ffb65770000 - 0x00007ffb65861000 	C:\WINDOWS\System32\SHCORE.dll
0x00007ffb652e0000 - 0x00007ffb6533e000 	C:\WINDOWS\System32\shlwapi.dll
0x00007ffb63780000 - 0x00007ffb637a1000 	C:\WINDOWS\SYSTEM32\profapi.dll
0x00007ffb5d940000 - 0x00007ffb5d959000 	C:\Users\lenovo\Downloads\sts-4.17.2.RELEASE\plugins\org.eclipse.justj.openjdk.hotspot.jre.full.win32.x86_64_17.0.6.v20230125-1136\jre\bin\net.dll
0x00007ffb5c4f0000 - 0x00007ffb5c61f000 	C:\WINDOWS\SYSTEM32\WINHTTP.dll
0x00007ffb62db0000 - 0x00007ffb62e19000 	C:\WINDOWS\system32\mswsock.dll
0x00007ffb5d8e0000 - 0x00007ffb5d8f5000 	C:\Users\lenovo\Downloads\sts-4.17.2.RELEASE\plugins\org.eclipse.justj.openjdk.hotspot.jre.full.win32.x86_64_17.0.6.v20230125-1136\jre\bin\nio.dll
0x00007ffb535e0000 - 0x00007ffb535e9000 	C:\Users\lenovo\Downloads\sts-4.17.2.RELEASE\plugins\org.eclipse.justj.openjdk.hotspot.jre.full.win32.x86_64_17.0.6.v20230125-1136\jre\bin\management.dll
0x00007ffb4bf90000 - 0x00007ffb4bf9b000 	C:\Users\lenovo\Downloads\sts-4.17.2.RELEASE\plugins\org.eclipse.justj.openjdk.hotspot.jre.full.win32.x86_64_17.0.6.v20230125-1136\jre\bin\management_ext.dll
0x00007ffb663c0000 - 0x00007ffb663c8000 	C:\WINDOWS\System32\PSAPI.DLL
0x00007ffb24370000 - 0x00007ffb24387000 	C:\WINDOWS\system32\napinsp.dll
0x00007ffb24350000 - 0x00007ffb2436b000 	C:\WINDOWS\system32\pnrpnsp.dll
0x00007ffb62420000 - 0x00007ffb62513000 	C:\WINDOWS\SYSTEM32\DNSAPI.dll
0x00007ffb623b0000 - 0x00007ffb623dd000 	C:\WINDOWS\SYSTEM32\IPHLPAPI.DLL
0x00007ffb66370000 - 0x00007ffb66379000 	C:\WINDOWS\System32\NSI.dll
0x00007ffb24330000 - 0x00007ffb24341000 	C:\WINDOWS\System32\winrnr.dll
0x00007ffb5c340000 - 0x00007ffb5c355000 	C:\WINDOWS\system32\wshbth.dll
0x00007ffb24300000 - 0x00007ffb24321000 	C:\WINDOWS\system32\nlansp_c.dll
0x00007ffb579d0000 - 0x00007ffb579da000 	C:\Windows\System32\rasadhlp.dll
0x00007ffb5aba0000 - 0x00007ffb5ac23000 	C:\WINDOWS\System32\fwpuclnt.dll
0x00007ffb630d0000 - 0x00007ffb630eb000 	C:\WINDOWS\SYSTEM32\CRYPTSP.dll
0x00007ffb628c0000 - 0x00007ffb628f5000 	C:\WINDOWS\system32\rsaenh.dll
0x00007ffb62e50000 - 0x00007ffb62e78000 	C:\WINDOWS\SYSTEM32\USERENV.dll
0x00007ffb63200000 - 0x00007ffb63228000 	C:\WINDOWS\SYSTEM32\bcrypt.dll
0x00007ffb630b0000 - 0x00007ffb630bc000 	C:\WINDOWS\SYSTEM32\CRYPTBASE.dll
0x00007ffb5c320000 - 0x00007ffb5c339000 	C:\WINDOWS\SYSTEM32\dhcpcsvc6.DLL
0x00007ffb5c300000 - 0x00007ffb5c31f000 	C:\WINDOWS\SYSTEM32\dhcpcsvc.DLL
0x00007ffb5dd50000 - 0x00007ffb5dd60000 	C:\Users\lenovo\Downloads\sts-4.17.2.RELEASE\plugins\org.eclipse.justj.openjdk.hotspot.jre.full.win32.x86_64_17.0.6.v20230125-1136\jre\bin\verify.dll
0x00007ffb5d610000 - 0x00007ffb5d61e000 	C:\Users\lenovo\Downloads\sts-4.17.2.RELEASE\plugins\org.eclipse.justj.openjdk.hotspot.jre.full.win32.x86_64_17.0.6.v20230125-1136\jre\bin\sunmscapi.dll
0x00007ffb63f10000 - 0x00007ffb64076000 	C:\WINDOWS\System32\CRYPT32.dll
0x00007ffb631d0000 - 0x00007ffb631fd000 	C:\WINDOWS\SYSTEM32\ncrypt.dll
0x00007ffb63190000 - 0x00007ffb631c7000 	C:\WINDOWS\SYSTEM32\NTASN1.dll
0x00007ffb4b2b0000 - 0x00007ffb4b2b8000 	C:\WINDOWS\system32\wshunix.dll

dbghelp: loaded successfully - version: 4.0.5 - missing functions: none
symbol engine: initialized successfully - sym options: 0x614 - pdb path: .;C:\Users\lenovo\Downloads\sts-4.17.2.RELEASE\plugins\org.eclipse.justj.openjdk.hotspot.jre.full.win32.x86_64_17.0.6.v20230125-1136\jre\bin;C:\WINDOWS\SYSTEM32;C:\WINDOWS\WinSxS\amd64_microsoft.windows.common-controls_6595b64144ccf1df_6.0.22621.608_none_a9444ca7c10bb01d;C:\Users\lenovo\Downloads\sts-4.17.2.RELEASE\plugins\org.eclipse.justj.openjdk.hotspot.jre.full.win32.x86_64_17.0.6.v20230125-1136\jre\bin\server

VM Arguments:
jvm_args: -Dcom.sun.management.jmxremote -Dcom.sun.management.jmxremote.port=65110 -Dcom.sun.management.jmxremote.authenticate=false -Dcom.sun.management.jmxremote.ssl=false -Djava.rmi.server.hostname=localhost -Dspring.jmx.enabled=true -Dmanagement.endpoints.jmx.exposure.include=* -Dspring.application.admin.enabled=true -XX:TieredStopAtLevel=1 -Dspring.boot.project.name=pfeBRK -Dfile.encoding=UTF-8 -XX:+ShowCodeDetailsInExceptionMessages 
java_command: com.example.demo.SpringBootLoginExampleApplication --spring.output.ansi.enabled=always
java_class_path (initial): C:\Users\lenovo\Downloads\spring-boot-login-example-master\target\classes;C:\Users\lenovo\.m2\repository\org\springframework\boot\spring-boot-starter-data-jpa\2.7.3\spring-boot-starter-data-jpa-2.7.3.jar;C:\Users\lenovo\.m2\repository\org\springframework\boot\spring-boot-starter-aop\2.7.3\spring-boot-starter-aop-2.7.3.jar;C:\Users\lenovo\.m2\repository\org\aspectj\aspectjweaver\1.9.7\aspectjweaver-1.9.7.jar;C:\Users\lenovo\.m2\repository\org\springframework\boot\spring-boot-starter-jdbc\2.7.3\spring-boot-starter-jdbc-2.7.3.jar;C:\Users\lenovo\.m2\repository\com\zaxxer\HikariCP\4.0.3\HikariCP-4.0.3.jar;C:\Users\lenovo\.m2\repository\org\springframework\spring-jdbc\5.3.22\spring-jdbc-5.3.22.jar;C:\Users\lenovo\.m2\repository\jakarta\transaction\jakarta.transaction-api\1.3.3\jakarta.transaction-api-1.3.3.jar;C:\Users\lenovo\.m2\repository\jakarta\persistence\jakarta.persistence-api\2.2.3\jakarta.persistence-api-2.2.3.jar;C:\Users\lenovo\.m2\repository\org\hibernate\hibernate-core\5.6.10.Final\hibernate-core-5.6.10.Final.jar;C:\Users\lenovo\.m2\repository\org\jboss\logging\jboss-logging\3.4.3.Final\jboss-logging-3.4.3.Final.jar;C:\Users\lenovo\.m2\repository\net\bytebuddy\byte-buddy\1.12.13\byte-buddy-1.12.13.jar;C:\Users\lenovo\.m2\repository\antlr\antlr\2.7.7\antlr-2.7.7.jar;C:\Users\lenovo\.m2\repository\org\jboss\jandex\2.4.2.Final\jandex-2.4.2.Final.jar;C:\Users\lenovo\.m2\repository\com\fasterxml\classmate\1.5.1\classmate-1.5.1.jar;C:\Users\lenovo\.m2\repository\org\hibernate\common\hibernate-commons-annotations\5.1.2.Final\hibernate-commons-annotations-5.1.2.Final.jar;C:\Users\lenovo\.m2\repository\org\glassfish\jaxb\jaxb-runtime\2.3.6\jaxb-runtime-2.3.6.jar;C:\Users\lenovo\.m2\repository\org\glassfish\jaxb\txw2\2.3.6\txw2-2.3.6.jar;C:\Users\lenovo\.m2\repository\com\sun\istack\istack-commons-runtime\3.0.12\istack-commons-runtime-3.0.12.jar;C:\Users\lenovo\.m2\repository\com\sun\activation\jakarta.activation\1.2.2\jakarta.activation-1
Launcher Type: SUN_STANDARD

[Global flags]
     intx CICompilerCount                          = 4                                         {product} {ergonomic}
     uint ConcGCThreads                            = 2                                         {product} {ergonomic}
     uint G1ConcRefinementThreads                  = 8                                         {product} {ergonomic}
   size_t G1HeapRegionSize                         = 1048576                                   {product} {ergonomic}
    uintx GCDrainStackTargetSize                   = 64                                        {product} {ergonomic}
   size_t InitialHeapSize                          = 132120576                                 {product} {ergonomic}
     bool ManagementServer                         = true                                      {product} {command line}
   size_t MarkStackSize                            = 4194304                                   {product} {ergonomic}
   size_t MaxHeapSize                              = 2113929216                                {product} {ergonomic}
   size_t MaxNewSize                               = 1267728384                                {product} {ergonomic}
   size_t MinHeapDeltaBytes                        = 1048576                                   {product} {ergonomic}
   size_t MinHeapSize                              = 8388608                                   {product} {ergonomic}
    uintx NonProfiledCodeHeapSize                  = 0                                      {pd product} {ergonomic}
     bool ProfileInterpreter                       = false                                  {pd product} {command line}
    uintx ProfiledCodeHeapSize                     = 0                                      {pd product} {ergonomic}
     bool ShowCodeDetailsInExceptionMessages       = true                                   {manageable} {command line}
   size_t SoftMaxHeapSize                          = 2113929216                             {manageable} {ergonomic}
     intx TieredStopAtLevel                        = 1                                         {product} {command line}
     bool UseCompressedClassPointers               = true                           {product lp64_product} {ergonomic}
     bool UseCompressedOops                        = true                           {product lp64_product} {ergonomic}
     bool UseG1GC                                  = true                                      {product} {ergonomic}
     bool UseLargePagesIndividualAllocation        = false                                  {pd product} {ergonomic}

Logging:
Log output configuration:
 #0: stdout all=warning uptime,level,tags
 #1: stderr all=off uptime,level,tags

Environment Variables:
PATH=C:/Users/lenovo/Downloads/sts-4.17.2.RELEASE//plugins/org.eclipse.justj.openjdk.hotspot.jre.full.win32.x86_64_17.0.6.v20230125-1136/jre/bin/server;C:/Users/lenovo/Downloads/sts-4.17.2.RELEASE//plugins/org.eclipse.justj.openjdk.hotspot.jre.full.win32.x86_64_17.0.6.v20230125-1136/jre/bin;C:\Program Files\Common Files\Oracle\Java\javapath;C:\WINDOWS\system32;C:\WINDOWS;C:\WINDOWS\System32\Wbem;C:\WINDOWS\System32\WindowsPowerShell\v1.0\;C:\WINDOWS\System32\OpenSSH\;C:\Program Files\swipl\bin;C:\xampp\php;C:\laragon\bin\php\php-8.1.4-Win32-vs16-x64;C:\ProgramData\ComposerSetup\bin;C:\Program Files\dotnet\;C:\laragon\;C:\Users\lenovo\AppData\Roaming\Microsoft\Windows\Start Menu\Programs\Python 3.9;C:\Program Files\Git\cmd;C:\Program Files\NVIDIA Corporation\NVIDIA NvDLISR;C:\WINDOWS\system32;C:\WINDOWS;C:\WINDOWS\System32\Wbem;C:\WINDOWS\System32\WindowsPowerShell\v1.0\;C:\WINDOWS\System32\OpenSSH\;C:\Program Files (x86)\Microsoft SQL Server\150\Tools\Binn\;C:\Program Files\Microsoft SQL Server\150\Tools\Binn\;C:\Program Files (x86)\Microsoft SQL Server\150\DTS\Binn\;C:\Program Files\Microsoft SQL Server\150\DTS\Binn\;C:\Program Files\Microsoft SQL Server\Client SDK\ODBC\170\Tools\Binn\;C:\Program Files\Azure Data Studio\bin;C:\Program Files (x86)\Microsoft SQL Server\110\DTS\Binn\;C:\Program Files (x86)\Microsoft SQL Server\120\DTS\Binn\;C:\Program Files (x86)\Microsoft SQL Server\130\DTS\Binn\;C:\Program Files (x86)\Microsoft SQL Server\140\DTS\Binn\;C:\Program Files (x86)\Microsoft SQL Server\160\DTS\Binn\;C:\Program Files (x86)\NVIDIA Corporation\PhysX\Common;C:\Program Files\Java\jdk-17\bin;C:\Users\lenovo\AppData\Local\Programs\Python\Python37\Scripts\;C:\Users\lenovo\AppData\Local\Programs\Python\Python37\;C:\laragon\bin;C:\laragon\bin\apache\httpd-2.4.47-win64-VS16\bin;C:\laragon\bin\composer;C:\laragon\bin\git\bin;C:\laragon\bin\git\cmd;C:\laragon\bin\git\mingw64\bin;C:\laragon\bin\git\usr\bin;C:\laragon\bin\laragon\utils;C:\laragon\bin\mysql\mysql-5.7.33-winx
USERNAME=lenovo
OS=Windows_NT
PROCESSOR_IDENTIFIER=Intel64 Family 6 Model 142 Stepping 10, GenuineIntel
TMP=C:\Users\lenovo\AppData\Local\Temp
TEMP=C:\Users\lenovo\AppData\Local\Temp



---------------  S Y S T E M  ---------------

OS:
 Windows 11 , 64 bit Build 22621 (10.0.22621.1344)
OS uptime: 4 days 1:32 hours
Hyper-V role detected

CPU: total 8 (initial active 8) (4 cores per cpu, 2 threads per core) family 6 model 142 stepping 10 microcode 0xe0, cx8, cmov, fxsr, ht, mmx, 3dnowpref, sse, sse2, sse3, ssse3, sse4.1, sse4.2, popcnt, lzcnt, tsc, tscinvbit, avx, avx2, aes, erms, clmul, bmi1, bmi2, adx, fma, vzeroupper, clflush, clflushopt, hv

Memory: 4k page, system-wide physical 8058M (671M free)
TotalPageFile size 11058M (AvailPageFile size 0M)
current process WorkingSet (physical memory assigned to process): 208M, peak: 208M
current process commit charge ("private bytes"): 242M, peak: 242M

vm_info: OpenJDK 64-Bit Server VM (17.0.6+10) for windows-amd64 JRE (17.0.6+10), built on Jan 18 2023 10:08:59 by "temurin" with MS VC++ 16.7 (VS2019)

END.
